#
# There is insufficient memory for the Java Runtime Environment to continue.
# Native memory allocation (mmap) failed to map 65536 bytes for Failed to commit metaspace.
# Possible reasons:
#   The system is out of physical RAM or swap space
#   The process is running with CompressedOops enabled, and the Java Heap may be blocking the growth of the native heap
# Possible solutions:
#   Reduce memory load on the system
#   Increase physical memory or swap space
#   Check if swap backing store is full
#   Decrease Java heap size (-Xmx/-Xms)
#   Decrease number of Java threads
#   Decrease Java thread stack sizes (-Xss)
#   Set larger code cache with -XX:ReservedCodeCacheSize=
#   JVM is running with Unscaled Compressed Oops mode in which the Java heap is
#     placed in the first 4GB address space. The Java Heap base address is the
#     maximum limit for the native heap growth. Please use -XX:HeapBaseMinAddress
#     to set the Java Heap base and to place the Java Heap above 4GB virtual address.
# This output file may be truncated or incomplete.
#
#  Out of Memory Error (virtualSpaceNode.cpp:110), pid=7780, tid=15096
#
# JRE version: OpenJDK Runtime Environment Temurin-17.0.10+7 (17.0.10+7) (build 17.0.10+7)
# Java VM: OpenJDK 64-Bit Server VM Temurin-17.0.10+7 (17.0.10+7, mixed mode, tiered, compressed oops, compressed class ptrs, parallel gc, windows-amd64)
# No core dump will be written. Minidumps are not enabled by default on client versions of Windows
#

---------------  S U M M A R Y ------------

Command Line: --add-modules=ALL-SYSTEM --add-opens=java.base/java.util=ALL-UNNAMED --add-opens=java.base/java.lang=ALL-UNNAMED --add-opens=java.base/sun.nio.fs=ALL-UNNAMED -Declipse.application=org.eclipse.jdt.ls.core.id1 -Dosgi.bundles.defaultStartLevel=4 -Declipse.product=org.eclipse.jdt.ls.core.product -Djava.import.generatesMetadataFilesAtProjectRoot=false -DDetectVMInstallationsJob.disabled=true -Dfile.encoding=utf8 -XX:+UseParallelGC -XX:GCTimeRatio=4 -XX:AdaptiveSizePolicyWeight=90 -Dsun.zip.disableMemoryMapping=true -Xmx1G -Xms100m -Xlog:disable -javaagent:c:\Users\Administrator\.vscode\extensions\redhat.java-1.27.0-win32-x64\lombok\lombok-1.18.31.jar c:\Users\Administrator\.vscode\extensions\redhat.java-1.27.0-win32-x64\server\plugins\org.eclipse.equinox.launcher_1.6.700.v20231214-2017.jar -configuration c:\Users\Administrator\AppData\Roaming\Code\User\globalStorage\redhat.java\1.27.0\config_ss_win -data c:\Users\Administrator\AppData\Roaming\Code\User\workspaceStorage\92cf630d5520cf9d494fd4302ee3fba9\redhat.java\ss_ws --stdio

Host: Intel(R) Core(TM) i5-8250U CPU @ 1.60GHz, 8 cores, 7G,  Windows 11 , 64 bit Build 22621 (10.0.22621.2506)
Time: Sat Feb  3 13:12:35 2024 E. Africa Standard Time elapsed time: 1.080559 seconds (0d 0h 0m 1s)

---------------  T H R E A D  ---------------

Current thread (0x00000104f7342db0):  JavaThread "main" [_thread_in_vm, id=15096, stack(0x0000000401400000,0x0000000401500000)]

Stack: [0x0000000401400000,0x0000000401500000]
Native frames: (J=compiled Java code, j=interpreted, Vv=VM code, C=native code)
V  [jvm.dll+0x67d2c9]
V  [jvm.dll+0x834afa]
V  [jvm.dll+0x8365be]
V  [jvm.dll+0x836c23]
V  [jvm.dll+0x2477ff]
V  [jvm.dll+0x8307bb]
V  [jvm.dll+0x621d16]
V  [jvm.dll+0x1c183e]
V  [jvm.dll+0x624671]
V  [jvm.dll+0x6226b6]
V  [jvm.dll+0x36eaa2]
V  [jvm.dll+0x1e34bb]
V  [jvm.dll+0x5427f7]
V  [jvm.dll+0x1f2647]
V  [jvm.dll+0x7adf9b]
V  [jvm.dll+0x7af36c]
V  [jvm.dll+0x7af6b8]
V  [jvm.dll+0x417da9]
C  [java.dll+0x13e9]

Java frames: (J=compiled Java code, j=interpreted, Vv=VM code)
j  java.lang.Class.forName0(Ljava/lang/String;ZLjava/lang/ClassLoader;Ljava/lang/Class;)Ljava/lang/Class;+0 java.base@17.0.10
j  java.lang.Class.forName(Ljava/lang/String;)Ljava/lang/Class;+11 java.base@17.0.10
j  java.security.Provider$Service.getImplClass()Ljava/lang/Class;+64 java.base@17.0.10
j  java.security.Provider$Service.getDefaultConstructor()Ljava/lang/reflect/Constructor;+46 java.base@17.0.10
j  java.security.Provider$Service.newInstanceOf()Ljava/lang/Object;+1 java.base@17.0.10
j  java.security.Provider$Service.newInstanceUtil(Ljava/lang/Class;Ljava/lang/Object;)Ljava/lang/Object;+5 java.base@17.0.10
j  java.security.Provider$Service.newInstance(Ljava/lang/Object;)Ljava/lang/Object;+227 java.base@17.0.10
j  sun.security.jca.GetInstance.getInstance(Ljava/security/Provider$Service;Ljava/lang/Class;)Lsun/security/jca/GetInstance$Instance;+2 java.base@17.0.10
j  sun.security.jca.GetInstance.getInstance(Ljava/lang/String;Ljava/lang/Class;Ljava/lang/String;)Lsun/security/jca/GetInstance$Instance;+56 java.base@17.0.10
j  java.security.MessageDigest.getInstance(Ljava/lang/String;)Ljava/security/MessageDigest;+12 java.base@17.0.10
j  sun.security.pkcs.SignerInfo.verify(Lsun/security/pkcs/PKCS7;[B)Lsun/security/pkcs/SignerInfo;+306 java.base@17.0.10
j  sun.security.pkcs.PKCS7.verify(Lsun/security/pkcs/SignerInfo;[B)Lsun/security/pkcs/SignerInfo;+3 java.base@17.0.10
j  sun.security.pkcs.PKCS7.verify([B)[Lsun/security/pkcs/SignerInfo;+27 java.base@17.0.10
j  sun.security.pkcs.SignerInfo.getTimestamp()Ljava/security/Timestamp;+45 java.base@17.0.10
j  sun.security.pkcs.SignerInfo.verify(Lsun/security/pkcs/PKCS7;[B)Lsun/security/pkcs/SignerInfo;+3 java.base@17.0.10
j  sun.security.pkcs.PKCS7.verify(Lsun/security/pkcs/SignerInfo;[B)Lsun/security/pkcs/SignerInfo;+3 java.base@17.0.10
j  sun.security.pkcs.PKCS7.verify([B)[Lsun/security/pkcs/SignerInfo;+27 java.base@17.0.10
j  sun.security.util.SignatureFileVerifier.processImpl(Ljava/util/Hashtable;Ljava/util/List;Ljava/lang/String;)V+63 java.base@17.0.10
j  sun.security.util.SignatureFileVerifier.process(Ljava/util/Hashtable;Ljava/util/List;Ljava/lang/String;)V+12 java.base@17.0.10
j  java.util.jar.JarVerifier.processEntry(Lsun/security/util/ManifestEntryVerifier;)V+400 java.base@17.0.10
j  java.util.jar.JarVerifier.update(I[BIILsun/security/util/ManifestEntryVerifier;)V+39 java.base@17.0.10
j  java.util.jar.JarFile.initializeVerifier()V+163 java.base@17.0.10
j  java.util.jar.JarFile.ensureInitialization()V+41 java.base@17.0.10
j  java.util.jar.JavaUtilJarAccessImpl.ensureInitialization(Ljava/util/jar/JarFile;)V+1 java.base@17.0.10
j  jdk.internal.loader.URLClassPath$JarLoader$2.getManifest()Ljava/util/jar/Manifest;+10 java.base@17.0.10
j  jdk.internal.loader.BuiltinClassLoader.defineClass(Ljava/lang/String;Ljdk/internal/loader/Resource;)Ljava/lang/Class;+29 java.base@17.0.10
j  jdk.internal.loader.BuiltinClassLoader.findClassOnClassPathOrNull(Ljava/lang/String;)Ljava/lang/Class;+37 java.base@17.0.10
j  jdk.internal.loader.BuiltinClassLoader.loadClassOrNull(Ljava/lang/String;Z)Ljava/lang/Class;+111 java.base@17.0.10
j  jdk.internal.loader.BuiltinClassLoader.loadClass(Ljava/lang/String;Z)Ljava/lang/Class;+3 java.base@17.0.10
j  jdk.internal.loader.ClassLoaders$AppClassLoader.loadClass(Ljava/lang/String;Z)Ljava/lang/Class;+36 java.base@17.0.10
j  java.lang.ClassLoader.loadClass(Ljava/lang/String;)Ljava/lang/Class;+3 java.base@17.0.10
v  ~StubRoutines::call_stub
j  java.lang.Class.forName0(Ljava/lang/String;ZLjava/lang/ClassLoader;Ljava/lang/Class;)Ljava/lang/Class;+0 java.base@17.0.10
j  java.lang.Class.forName(Ljava/lang/String;ZLjava/lang/ClassLoader;)Ljava/lang/Class;+43 java.base@17.0.10
j  sun.launcher.LauncherHelper.loadMainClass(ILjava/lang/String;)Ljava/lang/Class;+95 java.base@17.0.10
j  sun.launcher.LauncherHelper.checkAndLoadMain(ZILjava/lang/String;)Ljava/lang/Class;+42 java.base@17.0.10
v  ~StubRoutines::call_stub

---------------  P R O C E S S  ---------------

Threads class SMR info:
_java_thread_list=0x00000104fd5aa4f0, length=14, elements={
0x00000104f7342db0, 0x00000104fc1c1020, 0x00000104fc1c1d70, 0x00000104fd224020,
0x00000104fd2248f0, 0x00000104fd2271d0, 0x00000104fd227aa0, 0x00000104fd2286a0,
0x00000104fd2753f0, 0x00000104fd2999c0, 0x00000104fd36aaa0, 0x00000104fd3b97b0,
0x00000104fe469080, 0x00000104fd5b7050
}

Java Threads: ( => current thread )
=>0x00000104f7342db0 JavaThread "main" [_thread_in_vm, id=15096, stack(0x0000000401400000,0x0000000401500000)]
  0x00000104fc1c1020 JavaThread "Reference Handler" daemon [_thread_blocked, id=5688, stack(0x0000000401700000,0x0000000401800000)]
  0x00000104fc1c1d70 JavaThread "Finalizer" daemon [_thread_blocked, id=7336, stack(0x0000000401800000,0x0000000401900000)]
  0x00000104fd224020 JavaThread "Signal Dispatcher" daemon [_thread_blocked, id=1456, stack(0x0000000401900000,0x0000000401a00000)]
  0x00000104fd2248f0 JavaThread "Attach Listener" daemon [_thread_blocked, id=8020, stack(0x0000000401a00000,0x0000000401b00000)]
  0x00000104fd2271d0 JavaThread "Service Thread" daemon [_thread_blocked, id=6248, stack(0x0000000401b00000,0x0000000401c00000)]
  0x00000104fd227aa0 JavaThread "Monitor Deflation Thread" daemon [_thread_blocked, id=15624, stack(0x0000000401c00000,0x0000000401d00000)]
  0x00000104fd2286a0 JavaThread "C2 CompilerThread0" daemon [_thread_blocked, id=16040, stack(0x0000000401d00000,0x0000000401e00000)]
  0x00000104fd2753f0 JavaThread "C1 CompilerThread0" daemon [_thread_blocked, id=4396, stack(0x0000000401e00000,0x0000000401f00000)]
  0x00000104fd2999c0 JavaThread "Sweeper thread" daemon [_thread_blocked, id=3604, stack(0x0000000401f00000,0x0000000402000000)]
  0x00000104fd36aaa0 JavaThread "Common-Cleaner" daemon [_thread_blocked, id=7964, stack(0x0000000402000000,0x0000000402100000)]
  0x00000104fd3b97b0 JavaThread "C2 CompilerThread1" daemon [_thread_in_native, id=1568, stack(0x0000000402100000,0x0000000402200000)]
  0x00000104fe469080 JavaThread "Notification Thread" daemon [_thread_blocked, id=1996, stack(0x0000000402200000,0x0000000402300000)]
  0x00000104fd5b7050 JavaThread "C2 CompilerThread2" daemon [_thread_blocked, id=15608, stack(0x0000000402400000,0x0000000402500000)]

Other Threads:
  0x00000104f73b3800 VMThread "VM Thread" [stack: 0x0000000401600000,0x0000000401700000] [id=3176]
  0x00000104fd5a43d0 WatcherThread [stack: 0x0000000402300000,0x0000000402400000] [id=2488]
  0x00000104f7359c20 GCTaskThread "GC Thread#0" [stack: 0x0000000401500000,0x0000000401600000] [id=4224]

Threads with active compile tasks:
C2 CompilerThread1     1131  504       4       lombok.patcher.scripts.MethodLevelPatchScript::patch (21 bytes)

VM state: not at safepoint (normal execution)

VM Mutex/Monitor currently owned by a thread:  ([mutex/lock_event])
[0x00000104f733d800] Metaspace_lock - owner thread: 0x00000104f7342db0

Heap address: 0x00000000c0000000, size: 1024 MB, Compressed Oops mode: 32-bit

CDS archive(s) not mapped
Compressed class space mapped at: 0x0000000100000000-0x0000000140000000, reserved size: 1073741824
Narrow klass base: 0x0000000000000000, Narrow klass shift: 3, Narrow klass range: 0x140000000

GC Precious Log:
 CPUs: 8 total, 8 available
 Memory: 8035M
 Large Page Support: Disabled
 NUMA Support: Disabled
 Compressed Oops: Enabled (32-bit)
 Alignments: Space 512K, Generation 512K, Heap 2M
 Heap Min Capacity: 100M
 Heap Initial Capacity: 100M
 Heap Max Capacity: 1G
 Pre-touch: Disabled
 Parallel Workers: 8

Heap:
 PSYoungGen      total 29696K, used 11512K [0x00000000eab00000, 0x00000000ecc00000, 0x0000000100000000)
  eden space 25600K, 44% used [0x00000000eab00000,0x00000000eb63e0e8,0x00000000ec400000)
  from space 4096K, 0% used [0x00000000ec800000,0x00000000ec800000,0x00000000ecc00000)
  to   space 4096K, 0% used [0x00000000ec400000,0x00000000ec400000,0x00000000ec800000)
 ParOldGen       total 68608K, used 0K [0x00000000c0000000, 0x00000000c4300000, 0x00000000eab00000)
  object space 68608K, 0% used [0x00000000c0000000,0x00000000c0000000,0x00000000c4300000)
 Metaspace       used 8200K, committed 8256K, reserved 1114112K
  class space    used 797K, committed 832K, reserved 1048576K

Card table byte_map: [0x00000104f6cd0000,0x00000104f6ee0000] _byte_map_base: 0x00000104f66d0000

Marking Bits: (ParMarkBitMap*) 0x00007ffd5260d7d0
 Begin Bits: [0x00000104f9fd0000, 0x00000104fafd0000)
 End Bits:   [0x00000104fafd0000, 0x00000104fbfd0000)

Polling page: 0x00000104f5300000

Metaspace:

Usage:
  Non-class:      7.23 MB used.
      Class:    797.41 KB used.
       Both:      8.01 MB used.

Virtual space:
  Non-class space:       64.00 MB reserved,       7.25 MB ( 11%) committed,  1 nodes.
      Class space:        1.00 GB reserved,     832.00 KB ( <1%) committed,  1 nodes.
             Both:        1.06 GB reserved,       8.06 MB ( <1%) committed. 

Chunk freelists:
   Non-Class:  8.00 MB
       Class:  15.09 MB
        Both:  23.09 MB

MaxMetaspaceSize: unlimited
CompressedClassSpaceSize: 1.00 GB
Initial GC threshold: 21.00 MB
Current GC threshold: 21.00 MB
CDS: off
MetaspaceReclaimPolicy: balanced
 - commit_granule_bytes: 65536.
 - commit_granule_words: 8192.
 - virtual_space_node_default_size: 8388608.
 - enlarge_chunks_in_place: 1.
 - new_chunks_are_fully_committed: 0.
 - uncommit_free_chunks: 1.
 - use_allocation_guard: 0.
 - handle_deallocations: 1.


Internal statistics:

num_allocs_failed_limit: 0.
num_arena_births: 10.
num_arena_deaths: 0.
num_vsnodes_births: 2.
num_vsnodes_deaths: 0.
num_space_committed: 129.
num_space_uncommitted: 0.
num_chunks_returned_to_freelist: 0.
num_chunks_taken_from_freelist: 40.
num_chunk_merges: 0.
num_chunk_splits: 23.
num_chunks_enlarged: 22.
num_inconsistent_stats: 0.

CodeHeap 'non-profiled nmethods': size=120000Kb used=190Kb max_used=190Kb free=119809Kb
 bounds [0x0000010487ad0000, 0x0000010487d40000, 0x000001048f000000]
CodeHeap 'profiled nmethods': size=120000Kb used=743Kb max_used=743Kb free=119256Kb
 bounds [0x0000010480000000, 0x0000010480270000, 0x0000010487530000]
CodeHeap 'non-nmethods': size=5760Kb used=1126Kb max_used=1148Kb free=4633Kb
 bounds [0x0000010487530000, 0x00000104877a0000, 0x0000010487ad0000]
 total_blobs=943 nmethods=529 adapters=329
 compilation: enabled
              stopped_count=0, restarted_count=0
 full_count=0

Compilation events (20 events):
Event: 1.034 Thread 0x00000104fd3b97b0  513       4       java.lang.CharacterDataLatin1::digit (32 bytes)
Event: 1.036 Thread 0x00000104fd3b97b0 nmethod 513 0x0000010487afc710 code [0x0000010487afc8a0, 0x0000010487afc998]
Event: 1.036 Thread 0x00000104fd3b97b0  517       4       java.lang.Character::digit (6 bytes)
Event: 1.036 Thread 0x00000104fd2753f0  524   !   3       java.lang.invoke.MemberName::getMethodType (211 bytes)
Event: 1.038 Thread 0x00000104fd3b97b0 nmethod 517 0x0000010487afca90 code [0x0000010487afcc20, 0x0000010487afcd38]
Event: 1.039 Thread 0x00000104fd3b97b0  504       4       lombok.patcher.scripts.MethodLevelPatchScript::patch (21 bytes)
Event: 1.039 Thread 0x00000104fd2753f0 nmethod 524 0x00000104800b6790 code [0x00000104800b6a80, 0x00000104800b7f38]
Event: 1.039 Thread 0x00000104fd2753f0  526       3       java.util.regex.Pattern::peek (26 bytes)
Event: 1.039 Thread 0x00000104fd2753f0 nmethod 526 0x00000104800b8510 code [0x00000104800b86c0, 0x00000104800b8928]
Event: 1.039 Thread 0x00000104fd2753f0  525       3       java.lang.Enum::equals (11 bytes)
Event: 1.039 Thread 0x00000104fd2753f0 nmethod 525 0x00000104800b8a90 code [0x00000104800b8c20, 0x00000104800b8d98]
Event: 1.040 Thread 0x00000104fd5b7050 nmethod 518 0x0000010487afce90 code [0x0000010487afd000, 0x0000010487afd2d8]
Event: 1.057 Thread 0x00000104fd2753f0  527       3       java.lang.Byte::<init> (10 bytes)
Event: 1.058 Thread 0x00000104fd2753f0 nmethod 527 0x00000104800b8e10 code [0x00000104800b8fc0, 0x00000104800b9198]
Event: 1.059 Thread 0x00000104fd2753f0  528       3       java.lang.reflect.Modifier::isPublic (12 bytes)
Event: 1.059 Thread 0x00000104fd2753f0 nmethod 528 0x00000104800b9290 code [0x00000104800b9420, 0x00000104800b9578]
Event: 1.060 Thread 0x00000104fd2753f0  529  s    3       java.io.ByteArrayOutputStream::write (32 bytes)
Event: 1.060 Thread 0x00000104fd2753f0 nmethod 529 0x00000104800b9610 code [0x00000104800b97c0, 0x00000104800b9a08]
Event: 1.061 Thread 0x00000104fd2753f0  530       3       java.util.TreeMap::parentOf (13 bytes)
Event: 1.062 Thread 0x00000104fd2753f0 nmethod 530 0x00000104800b9b10 code [0x00000104800b9ca0, 0x00000104800b9e18]

GC Heap History (0 events):
No events

Dll operation events (8 events):
Event: 0.033 Loaded shared library c:\Users\Administrator\.vscode\extensions\redhat.java-1.27.0-win32-x64\jre\17.0.10-win32-x86_64\bin\java.dll
Event: 0.381 Loaded shared library c:\Users\Administrator\.vscode\extensions\redhat.java-1.27.0-win32-x64\jre\17.0.10-win32-x86_64\bin\zip.dll
Event: 0.389 Loaded shared library C:\Users\Administrator\.vscode\extensions\redhat.java-1.27.0-win32-x64\jre\17.0.10-win32-x86_64\bin\instrument.dll
Event: 0.422 Loaded shared library C:\Users\Administrator\.vscode\extensions\redhat.java-1.27.0-win32-x64\jre\17.0.10-win32-x86_64\bin\net.dll
Event: 0.429 Loaded shared library C:\Users\Administrator\.vscode\extensions\redhat.java-1.27.0-win32-x64\jre\17.0.10-win32-x86_64\bin\nio.dll
Event: 0.443 Loaded shared library C:\Users\Administrator\.vscode\extensions\redhat.java-1.27.0-win32-x64\jre\17.0.10-win32-x86_64\bin\zip.dll
Event: 0.486 Loaded shared library C:\Users\Administrator\.vscode\extensions\redhat.java-1.27.0-win32-x64\jre\17.0.10-win32-x86_64\bin\jimage.dll
Event: 0.662 Loaded shared library c:\Users\Administrator\.vscode\extensions\redhat.java-1.27.0-win32-x64\jre\17.0.10-win32-x86_64\bin\verify.dll

Deoptimization events (20 events):
Event: 0.968 Thread 0x00000104f7342db0 Uncommon trap: trap_request=0xffffffde fr.pc=0x0000010487af7944 relative=0x0000000000000124
Event: 0.968 Thread 0x00000104f7342db0 Uncommon trap: reason=class_check action=maybe_recompile pc=0x0000010487af7944 method=jdk.internal.misc.Unsafe.allocateUninitializedArray(Ljava/lang/Class;I)Ljava/lang/Object; @ 51 c2
Event: 0.968 Thread 0x00000104f7342db0 DEOPT PACKING pc=0x0000010487af7944 sp=0x00000004014fbc00
Event: 0.968 Thread 0x00000104f7342db0 DEOPT UNPACKING pc=0x00000104875866a3 sp=0x00000004014fbb88 mode 2
Event: 0.968 Thread 0x00000104f7342db0 Uncommon trap: trap_request=0xffffffde fr.pc=0x0000010487af7944 relative=0x0000000000000124
Event: 0.968 Thread 0x00000104f7342db0 Uncommon trap: reason=class_check action=maybe_recompile pc=0x0000010487af7944 method=jdk.internal.misc.Unsafe.allocateUninitializedArray(Ljava/lang/Class;I)Ljava/lang/Object; @ 51 c2
Event: 0.968 Thread 0x00000104f7342db0 DEOPT PACKING pc=0x0000010487af7944 sp=0x00000004014fbc00
Event: 0.968 Thread 0x00000104f7342db0 DEOPT UNPACKING pc=0x00000104875866a3 sp=0x00000004014fbb88 mode 2
Event: 0.968 Thread 0x00000104f7342db0 Uncommon trap: trap_request=0xffffffde fr.pc=0x0000010487af7944 relative=0x0000000000000124
Event: 0.968 Thread 0x00000104f7342db0 Uncommon trap: reason=class_check action=maybe_recompile pc=0x0000010487af7944 method=jdk.internal.misc.Unsafe.allocateUninitializedArray(Ljava/lang/Class;I)Ljava/lang/Object; @ 51 c2
Event: 0.968 Thread 0x00000104f7342db0 DEOPT PACKING pc=0x0000010487af7944 sp=0x00000004014fbc00
Event: 0.968 Thread 0x00000104f7342db0 DEOPT UNPACKING pc=0x00000104875866a3 sp=0x00000004014fbb88 mode 2
Event: 0.986 Thread 0x00000104f7342db0 Uncommon trap: trap_request=0xffffff45 fr.pc=0x0000010487ae5444 relative=0x00000000000000c4
Event: 0.986 Thread 0x00000104f7342db0 Uncommon trap: reason=unstable_if action=reinterpret pc=0x0000010487ae5444 method=java.net.URI.match(CJJ)Z @ 45 c2
Event: 0.986 Thread 0x00000104f7342db0 DEOPT PACKING pc=0x0000010487ae5444 sp=0x00000004014fccb0
Event: 0.986 Thread 0x00000104f7342db0 DEOPT UNPACKING pc=0x00000104875866a3 sp=0x00000004014fcc38 mode 2
Event: 1.006 Thread 0x00000104f7342db0 Uncommon trap: trap_request=0xffffff45 fr.pc=0x0000010487af8cc4 relative=0x0000000000000644
Event: 1.006 Thread 0x00000104f7342db0 Uncommon trap: reason=unstable_if action=reinterpret pc=0x0000010487af8cc4 method=java.lang.String.replace(Ljava/lang/CharSequence;Ljava/lang/CharSequence;)Ljava/lang/String; @ 48 c2
Event: 1.006 Thread 0x00000104f7342db0 DEOPT PACKING pc=0x0000010487af8cc4 sp=0x00000004014fcc30
Event: 1.006 Thread 0x00000104f7342db0 DEOPT UNPACKING pc=0x00000104875866a3 sp=0x00000004014fcba0 mode 2

Classes unloaded (0 events):
No events

Classes redefined (0 events):
No events

Internal exceptions (2 events):
Event: 0.326 Thread 0x00000104f7342db0 Exception <a 'java/lang/NoSuchMethodError'{0x00000000eacb4de8}: 'void java.lang.invoke.DirectMethodHandle$Holder.invokeStatic(java.lang.Object, java.lang.Object, java.lang.Object)'> (0x00000000eacb4de8) 
thrown [s\src\hotspot\share\interpreter\linkResolver.cpp, line 759]
Event: 0.720 Thread 0x00000104f7342db0 Exception <a 'java/lang/reflect/InvocationTargetException'{0x00000000eafe7720}> (0x00000000eafe7720) 
thrown [s\src\hotspot\share\runtime\reflection.cpp, line 1121]

VM Operations (4 events):
Event: 0.341 Executing VM operation: HandshakeAllThreads
Event: 0.341 Executing VM operation: HandshakeAllThreads done
Event: 0.541 Executing VM operation: HandshakeAllThreads
Event: 0.541 Executing VM operation: HandshakeAllThreads done

Events (20 events):
Event: 1.055 loading class java/util/Collections$SingletonList done
Event: 1.055 loading class java/time/Instant
Event: 1.055 loading class java/time/Instant done
Event: 1.056 loading class sun/security/pkcs/PKCS9Attributes
Event: 1.056 loading class sun/security/pkcs/PKCS9Attributes done
Event: 1.056 loading class sun/security/pkcs/PKCS9Attribute
Event: 1.057 loading class sun/security/pkcs/PKCS9Attribute done
Event: 1.057 loading class java/lang/Byte$ByteCache
Event: 1.057 loading class java/lang/Byte$ByteCache done
Event: 1.062 loading class sun/security/pkcs/SignerInfo$AlgorithmInfo
Event: 1.062 loading class sun/security/pkcs/SignerInfo$AlgorithmInfo done
Event: 1.063 loading class java/security/MessageDigest
Event: 1.063 loading class java/security/MessageDigestSpi
Event: 1.064 loading class java/security/MessageDigestSpi done
Event: 1.064 loading class java/security/MessageDigest done
Event: 1.064 loading class sun/security/provider/SHA2$SHA256
Event: 1.065 loading class sun/security/provider/SHA2
Event: 1.065 loading class sun/security/provider/DigestBase
Event: 1.066 loading class sun/security/provider/DigestBase done
Event: 1.066 loading class sun/security/provider/SHA2 done


Dynamic libraries:
0x00007ff7c7a00000 - 0x00007ff7c7a0e000 	c:\Users\Administrator\.vscode\extensions\redhat.java-1.27.0-win32-x64\jre\17.0.10-win32-x86_64\bin\java.exe
0x00007ffdaf070000 - 0x00007ffdaf287000 	C:\WINDOWS\SYSTEM32\ntdll.dll
0x00007ffdae6f0000 - 0x00007ffdae7b4000 	C:\WINDOWS\System32\KERNEL32.DLL
0x00007ffdac7d0000 - 0x00007ffdacb76000 	C:\WINDOWS\System32\KERNELBASE.dll
0x00007ffdacbb0000 - 0x00007ffdaccc1000 	C:\WINDOWS\System32\ucrtbase.dll
0x00007ffda2c50000 - 0x00007ffda2c67000 	c:\Users\Administrator\.vscode\extensions\redhat.java-1.27.0-win32-x64\jre\17.0.10-win32-x86_64\bin\jli.dll
0x00007ffdad1b0000 - 0x00007ffdad35e000 	C:\WINDOWS\System32\USER32.dll
0x00007ffdacb80000 - 0x00007ffdacba6000 	C:\WINDOWS\System32\win32u.dll
0x00007ffdae580000 - 0x00007ffdae5a9000 	C:\WINDOWS\System32\GDI32.dll
0x00007ffdac480000 - 0x00007ffdac598000 	C:\WINDOWS\System32\gdi32full.dll
0x00007ffdac3b0000 - 0x00007ffdac44a000 	C:\WINDOWS\System32\msvcp_win.dll
0x00007ffda2df0000 - 0x00007ffda2e0b000 	c:\Users\Administrator\.vscode\extensions\redhat.java-1.27.0-win32-x64\jre\17.0.10-win32-x86_64\bin\VCRUNTIME140.dll
0x00007ffd969f0000 - 0x00007ffd96c83000 	C:\WINDOWS\WinSxS\amd64_microsoft.windows.common-controls_6595b64144ccf1df_6.0.22621.2506_none_270c5ae97388e100\COMCTL32.dll
0x00007ffdad000000 - 0x00007ffdad0a7000 	C:\WINDOWS\System32\msvcrt.dll
0x00007ffdae5c0000 - 0x00007ffdae5f1000 	C:\WINDOWS\System32\IMM32.DLL
0x00007ffda4840000 - 0x00007ffda484c000 	c:\Users\Administrator\.vscode\extensions\redhat.java-1.27.0-win32-x64\jre\17.0.10-win32-x86_64\bin\vcruntime140_1.dll
0x00007ffd8b850000 - 0x00007ffd8b8dd000 	c:\Users\Administrator\.vscode\extensions\redhat.java-1.27.0-win32-x64\jre\17.0.10-win32-x86_64\bin\msvcp140.dll
0x00007ffd51a70000 - 0x00007ffd526d2000 	c:\Users\Administrator\.vscode\extensions\redhat.java-1.27.0-win32-x64\jre\17.0.10-win32-x86_64\bin\server\jvm.dll
0x00007ffdacec0000 - 0x00007ffdacf73000 	C:\WINDOWS\System32\ADVAPI32.dll
0x00007ffdaed40000 - 0x00007ffdaede8000 	C:\WINDOWS\System32\sechost.dll
0x00007ffdac450000 - 0x00007ffdac478000 	C:\WINDOWS\System32\bcrypt.dll
0x00007ffdaddf0000 - 0x00007ffdadf07000 	C:\WINDOWS\System32\RPCRT4.dll
0x00007ffdac280000 - 0x00007ffdac2cd000 	C:\WINDOWS\SYSTEM32\POWRPROF.dll
0x00007ffda4640000 - 0x00007ffda4649000 	C:\WINDOWS\SYSTEM32\WSOCK32.dll
0x00007ffdadd70000 - 0x00007ffdadde1000 	C:\WINDOWS\System32\WS2_32.dll
0x00007ffda1dc0000 - 0x00007ffda1df4000 	C:\WINDOWS\SYSTEM32\WINMM.dll
0x00007ffd9a2c0000 - 0x00007ffd9a2ca000 	C:\WINDOWS\SYSTEM32\VERSION.dll
0x00007ffdac260000 - 0x00007ffdac273000 	C:\WINDOWS\SYSTEM32\UMPDC.dll
0x00007ffdab3a0000 - 0x00007ffdab3b8000 	C:\WINDOWS\SYSTEM32\kernel.appcore.dll
0x00007ffda2bc0000 - 0x00007ffda2bca000 	c:\Users\Administrator\.vscode\extensions\redhat.java-1.27.0-win32-x64\jre\17.0.10-win32-x86_64\bin\jimage.dll
0x00007ffda6c40000 - 0x00007ffda6e73000 	C:\WINDOWS\SYSTEM32\DBGHELP.DLL
0x00007ffdae920000 - 0x00007ffdaeca9000 	C:\WINDOWS\System32\combase.dll
0x00007ffdadf10000 - 0x00007ffdadfe7000 	C:\WINDOWS\System32\OLEAUT32.dll
0x00007ffd8bae0000 - 0x00007ffd8bb12000 	C:\WINDOWS\SYSTEM32\dbgcore.DLL
0x00007ffdacd40000 - 0x00007ffdacdba000 	C:\WINDOWS\System32\bcryptPrimitives.dll
0x00007ffda29b0000 - 0x00007ffda29be000 	c:\Users\Administrator\.vscode\extensions\redhat.java-1.27.0-win32-x64\jre\17.0.10-win32-x86_64\bin\instrument.dll
0x00007ffd9dff0000 - 0x00007ffd9e015000 	c:\Users\Administrator\.vscode\extensions\redhat.java-1.27.0-win32-x64\jre\17.0.10-win32-x86_64\bin\java.dll
0x00007ffd9f4d0000 - 0x00007ffd9f4e8000 	c:\Users\Administrator\.vscode\extensions\redhat.java-1.27.0-win32-x64\jre\17.0.10-win32-x86_64\bin\zip.dll
0x00007ffdad360000 - 0x00007ffdadbba000 	C:\WINDOWS\System32\SHELL32.dll
0x00007ffdaa2b0000 - 0x00007ffdaaba6000 	C:\WINDOWS\SYSTEM32\windows.storage.dll
0x00007ffdaa170000 - 0x00007ffdaa2ae000 	C:\WINDOWS\SYSTEM32\wintypes.dll
0x00007ffdacdc0000 - 0x00007ffdaceb3000 	C:\WINDOWS\System32\SHCORE.dll
0x00007ffdae690000 - 0x00007ffdae6ee000 	C:\WINDOWS\System32\shlwapi.dll
0x00007ffdac2e0000 - 0x00007ffdac306000 	C:\WINDOWS\SYSTEM32\profapi.dll
0x00007ffd9f470000 - 0x00007ffd9f489000 	C:\Users\Administrator\.vscode\extensions\redhat.java-1.27.0-win32-x64\jre\17.0.10-win32-x86_64\bin\net.dll
0x00007ffda29e0000 - 0x00007ffda2b17000 	C:\WINDOWS\SYSTEM32\WINHTTP.dll
0x00007ffdab810000 - 0x00007ffdab879000 	C:\WINDOWS\system32\mswsock.dll
0x00007ffd967a0000 - 0x00007ffd967b6000 	C:\Users\Administrator\.vscode\extensions\redhat.java-1.27.0-win32-x64\jre\17.0.10-win32-x86_64\bin\nio.dll
0x00007ffda28c0000 - 0x00007ffda28d0000 	c:\Users\Administrator\.vscode\extensions\redhat.java-1.27.0-win32-x64\jre\17.0.10-win32-x86_64\bin\verify.dll

dbghelp: loaded successfully - version: 4.0.5 - missing functions: none
symbol engine: initialized successfully - sym options: 0x614 - pdb path: .;c:\Users\Administrator\.vscode\extensions\redhat.java-1.27.0-win32-x64\jre\17.0.10-win32-x86_64\bin;C:\WINDOWS\SYSTEM32;C:\WINDOWS\WinSxS\amd64_microsoft.windows.common-controls_6595b64144ccf1df_6.0.22621.2506_none_270c5ae97388e100;c:\Users\Administrator\.vscode\extensions\redhat.java-1.27.0-win32-x64\jre\17.0.10-win32-x86_64\bin\server

VM Arguments:
jvm_args: --add-modules=ALL-SYSTEM --add-opens=java.base/java.util=ALL-UNNAMED --add-opens=java.base/java.lang=ALL-UNNAMED --add-opens=java.base/sun.nio.fs=ALL-UNNAMED -Declipse.application=org.eclipse.jdt.ls.core.id1 -Dosgi.bundles.defaultStartLevel=4 -Declipse.product=org.eclipse.jdt.ls.core.product -Djava.import.generatesMetadataFilesAtProjectRoot=false -DDetectVMInstallationsJob.disabled=true -Dfile.encoding=utf8 -XX:+UseParallelGC -XX:GCTimeRatio=4 -XX:AdaptiveSizePolicyWeight=90 -Dsun.zip.disableMemoryMapping=true -Xmx1G -Xms100m -Xlog:disable -javaagent:c:\Users\Administrator\.vscode\extensions\redhat.java-1.27.0-win32-x64\lombok\lombok-1.18.31.jar 
java_command: c:\Users\Administrator\.vscode\extensions\redhat.java-1.27.0-win32-x64\server\plugins\org.eclipse.equinox.launcher_1.6.700.v20231214-2017.jar -configuration c:\Users\Administrator\AppData\Roaming\Code\User\globalStorage\redhat.java\1.27.0\config_ss_win -data c:\Users\Administrator\AppData\Roaming\Code\User\workspaceStorage\92cf630d5520cf9d494fd4302ee3fba9\redhat.java\ss_ws --stdio
java_class_path (initial): c:\Users\Administrator\.vscode\extensions\redhat.java-1.27.0-win32-x64\server\plugins\org.eclipse.equinox.launcher_1.6.700.v20231214-2017.jar
Launcher Type: SUN_STANDARD

[Global flags]
    uintx AdaptiveSizePolicyWeight                 = 90                                        {product} {command line}
     intx CICompilerCount                          = 4                                         {product} {ergonomic}
    uintx GCTimeRatio                              = 4                                         {product} {command line}
   size_t InitialHeapSize                          = 104857600                                 {product} {command line}
   size_t MaxHeapSize                              = 1073741824                                {product} {command line}
   size_t MaxNewSize                               = 357564416                                 {product} {ergonomic}
   size_t MinHeapDeltaBytes                        = 524288                                    {product} {ergonomic}
   size_t MinHeapSize                              = 104857600                                 {product} {command line}
   size_t NewSize                                  = 34603008                                  {product} {ergonomic}
    uintx NonNMethodCodeHeapSize                   = 5839372                                {pd product} {ergonomic}
    uintx NonProfiledCodeHeapSize                  = 122909434                              {pd product} {ergonomic}
   size_t OldSize                                  = 70254592                                  {product} {ergonomic}
    uintx ProfiledCodeHeapSize                     = 122909434                              {pd product} {ergonomic}
    uintx ReservedCodeCacheSize                    = 251658240                              {pd product} {ergonomic}
     bool SegmentedCodeCache                       = true                                      {product} {ergonomic}
   size_t SoftMaxHeapSize                          = 1073741824                             {manageable} {ergonomic}
     bool UseCompressedClassPointers               = true                           {product lp64_product} {ergonomic}
     bool UseCompressedOops                        = true                           {product lp64_product} {ergonomic}
     bool UseLargePagesIndividualAllocation        = false                                  {pd product} {ergonomic}
     bool UseParallelGC                            = true                                      {product} {command line}

Logging:
Log output configuration:
 #0: stdout all=off uptime,level,tags
 #1: stderr all=off uptime,level,tags

Environment Variables:
PATH=C:\Program Files\Common Files\Oracle\Java\javapath;C:\Program Files (x86)\Common Files\Oracle\Java\javapath;C:\WINDOWS\system32;C:\WINDOWS;C:\WINDOWS\System32\Wbem;C:\WINDOWS\System32\WindowsPowerShell\v1.0\;C:\WINDOWS\System32\OpenSSH\;C:\Program Files\dotnet\;C:\Users\Administrator\AppData\Local\Microsoft\WindowsApps;C:\Users\Administrator\AppData\Local\Programs\Microsoft VS Code\bin;C:\MinGW\bin;C:\Users\Administrator\.dotnet\tools
USERNAME=Administrator
OS=Windows_NT
PROCESSOR_IDENTIFIER=Intel64 Family 6 Model 142 Stepping 10, GenuineIntel
TMP=C:\Users\ADMINI~1\AppData\Local\Temp
TEMP=C:\Users\ADMINI~1\AppData\Local\Temp



Periodic native trim disabled


---------------  S Y S T E M  ---------------

OS:
 Windows 11 , 64 bit Build 22621 (10.0.22621.2506)
OS uptime: 0 days 6:27 hours
Hyper-V role detected

CPU: total 8 (initial active 8) (4 cores per cpu, 2 threads per core) family 6 model 142 stepping 10 microcode 0xf4, cx8, cmov, fxsr, ht, mmx, 3dnowpref, sse, sse2, sse3, ssse3, sse4.1, sse4.2, popcnt, lzcnt, tsc, tscinvbit, avx, avx2, aes, erms, clmul, bmi1, bmi2, adx, fma, vzeroupper, clflush, clflushopt, hv
Processor Information for all 8 processors :
  Max Mhz: 1800, Current Mhz: 1600, Mhz Limit: 1584

Memory: 4k page, system-wide physical 8035M (1700M free)
TotalPageFile size 8035M (AvailPageFile size 3M)
current process WorkingSet (physical memory assigned to process): 53M, peak: 53M
current process commit charge ("private bytes"): 195M, peak: 195M

vm_info: OpenJDK 64-Bit Server VM (17.0.10+7) for windows-amd64 JRE (17.0.10+7), built on Jan 16 2024 23:25:11 by "admin" with MS VC++ 16.10 / 16.11 (VS2019)

END.
