#
# There is insufficient memory for the Java Runtime Environment to continue.
# Native memory allocation (mmap) failed to map 132120576 bytes for G1 virtual space
# Possible reasons:
#   The system is out of physical RAM or swap space
#   The process is running with CompressedOops enabled, and the Java Heap may be blocking the growth of the native heap
# Possible solutions:
#   Reduce memory load on the system
#   Increase physical memory or swap space
#   Check if swap backing store is full
#   Decrease Java heap size (-Xmx/-Xms)
#   Decrease number of Java threads
#   Decrease Java thread stack sizes (-Xss)
#   Set larger code cache with -XX:ReservedCodeCacheSize=
#   JVM is running with Unscaled Compressed Oops mode in which the Java heap is
#     placed in the first 4GB address space. The Java Heap base address is the
#     maximum limit for the native heap growth. Please use -XX:HeapBaseMinAddress
#     to set the Java Heap base and to place the Java Heap above 4GB virtual address.
# This output file may be truncated or incomplete.
#
#  Out of Memory Error (os_windows.cpp:3600), pid=12016, tid=4952
#
# JRE version:  (21.0.2+13) (build )
# Java VM: Java HotSpot(TM) 64-Bit Server VM (21.0.2+13-LTS-58, mixed mode, sharing, tiered, compressed oops, compressed class ptrs, g1 gc, windows-amd64)
# No core dump will be written. Minidumps are not enabled by default on client versions of Windows
#

---------------  S U M M A R Y ------------

Command Line: --enable-preview -XX:+ShowCodeDetailsInExceptionMessages SnakeGame

Host: Intel(R) Core(TM) i5-8250U CPU @ 1.60GHz, 8 cores, 7G,  Windows 11 , 64 bit Build 22621 (10.0.22621.2506)
Time: Sat Feb  3 11:34:41 2024 E. Africa Standard Time elapsed time: 0.035065 seconds (0d 0h 0m 0s)

---------------  T H R E A D  ---------------

Current thread (0x0000020f06054ba0):  JavaThread "Unknown thread" [_thread_in_vm, id=4952, stack(0x000000f34aa00000,0x000000f34ab00000) (1024K)]

Stack: [0x000000f34aa00000,0x000000f34ab00000]
Native frames: (J=compiled Java code, j=interpreted, Vv=VM code, C=native code)
V  [jvm.dll+0x6cade9]
V  [jvm.dll+0x8569c1]
V  [jvm.dll+0x858d2e]
V  [jvm.dll+0x859413]
V  [jvm.dll+0x280e56]
V  [jvm.dll+0x6c74d5]
V  [jvm.dll+0x6bbeca]
V  [jvm.dll+0x355bca]
V  [jvm.dll+0x35d816]
V  [jvm.dll+0x3ae67e]
V  [jvm.dll+0x3ae928]
V  [jvm.dll+0x3295dc]
V  [jvm.dll+0x32a16b]
V  [jvm.dll+0x81efa9]
V  [jvm.dll+0x3bba01]
V  [jvm.dll+0x807928]
V  [jvm.dll+0x44f50e]
V  [jvm.dll+0x450e11]
C  [jli.dll+0x52a3]
C  [ucrtbase.dll+0x29363]
C  [KERNEL32.DLL+0x1257d]
C  [ntdll.dll+0x5aa58]


---------------  P R O C E S S  ---------------

Threads class SMR info:
_java_thread_list=0x00007ffd5191bb88, length=0, elements={
}

Java Threads: ( => current thread )
Total: 0

Other Threads:
  0x0000020f083aaa20 WorkerThread "GC Thread#0"                     [id=9848, stack(0x000000f34ab00000,0x000000f34ac00000) (1024K)]
  0x0000020f083bb770 ConcurrentGCThread "G1 Main Marker"            [id=14264, stack(0x000000f34ac00000,0x000000f34ad00000) (1024K)]
  0x0000020f083bc270 WorkerThread "G1 Conc#0"                       [id=2136, stack(0x000000f34ad00000,0x000000f34ae00000) (1024K)]

[error occurred during error reporting (printing all threads), id 0xc0000005, EXCEPTION_ACCESS_VIOLATION (0xc0000005) at pc=0x00007ffd5108c6a7]
VM state: not at safepoint (not fully initialized)

VM Mutex/Monitor currently owned by a thread:  ([mutex/lock_event])
[0x00007ffd5198ce68] Heap_lock - owner thread: 0x0000020f06054ba0

Heap address: 0x0000000082600000, size: 2010 MB, Compressed Oops mode: 32-bit

CDS archive(s) mapped at: [0x0000000000000000-0x0000000000000000-0x0000000000000000), size 0, SharedBaseAddress: 0x0000000800000000, ArchiveRelocationMode: 1.
Narrow klass base: 0x0000000000000000, Narrow klass shift: 0, Narrow klass range: 0x0

GC Precious Log:
 CardTable entry size: 512
 Card Set container configuration: InlinePtr #cards 5 size 8 Array Of Cards #cards 12 size 40 Howl #buckets 4 coarsen threshold 1843 Howl Bitmap #cards 512 size 80 coarsen threshold 460 Card regions per heap region 1 cards per card region 2048

Heap:
 garbage-first heap   total 0K, used 0K [0x0000000082600000, 0x0000000100000000)
  region size 1024K, 0 young (0K), 0 survivors (0K)

[error occurred during error reporting (printing heap information), id 0xc0000005, EXCEPTION_ACCESS_VIOLATION (0xc0000005) at pc=0x00007ffd514739f9]
GC Heap History (0 events):
No events

Dll operation events (1 events):
Event: 0.020 Loaded shared library C:\Program Files\Java\jdk-21\bin\java.dll

Deoptimization events (0 events):
No events

Classes loaded (0 events):
No events

Classes unloaded (0 events):
No events

Classes redefined (0 events):
No events

Internal exceptions (0 events):
No events

ZGC Phase Switch (0 events):
No events

VM Operations (0 events):
No events

Events (0 events):
No events


Dynamic libraries:
0x00007ff621f40000 - 0x00007ff621f50000 	C:\Program Files\Java\jdk-21\bin\java.exe
0x00007ffdaf070000 - 0x00007ffdaf287000 	C:\WINDOWS\SYSTEM32\ntdll.dll
0x00007ffdae6f0000 - 0x00007ffdae7b4000 	C:\WINDOWS\System32\KERNEL32.DLL
0x00007ffdac7d0000 - 0x00007ffdacb76000 	C:\WINDOWS\System32\KERNELBASE.dll
0x00007ffdacbb0000 - 0x00007ffdaccc1000 	C:\WINDOWS\System32\ucrtbase.dll
0x00007ffd91df0000 - 0x00007ffd91e0b000 	C:\Program Files\Java\jdk-21\bin\VCRUNTIME140.dll
0x00007ffd91c60000 - 0x00007ffd91c79000 	C:\Program Files\Java\jdk-21\bin\jli.dll
0x00007ffdacec0000 - 0x00007ffdacf73000 	C:\WINDOWS\System32\ADVAPI32.dll
0x00007ffdad000000 - 0x00007ffdad0a7000 	C:\WINDOWS\System32\msvcrt.dll
0x00007ffdaed40000 - 0x00007ffdaede8000 	C:\WINDOWS\System32\sechost.dll
0x00007ffdac450000 - 0x00007ffdac478000 	C:\WINDOWS\System32\bcrypt.dll
0x00007ffdaddf0000 - 0x00007ffdadf07000 	C:\WINDOWS\System32\RPCRT4.dll
0x00007ffdad1b0000 - 0x00007ffdad35e000 	C:\WINDOWS\System32\USER32.dll
0x00007ffdacb80000 - 0x00007ffdacba6000 	C:\WINDOWS\System32\win32u.dll
0x00007ffd969f0000 - 0x00007ffd96c83000 	C:\WINDOWS\WinSxS\amd64_microsoft.windows.common-controls_6595b64144ccf1df_6.0.22621.2506_none_270c5ae97388e100\COMCTL32.dll
0x00007ffdae580000 - 0x00007ffdae5a9000 	C:\WINDOWS\System32\GDI32.dll
0x00007ffdac480000 - 0x00007ffdac598000 	C:\WINDOWS\System32\gdi32full.dll
0x00007ffdac3b0000 - 0x00007ffdac44a000 	C:\WINDOWS\System32\msvcp_win.dll
0x00007ffd9a2c0000 - 0x00007ffd9a2ca000 	C:\WINDOWS\SYSTEM32\VERSION.dll
0x00007ffdae5c0000 - 0x00007ffdae5f1000 	C:\WINDOWS\System32\IMM32.DLL
0x00007ffd9dff0000 - 0x00007ffd9dffc000 	C:\Program Files\Java\jdk-21\bin\vcruntime140_1.dll
0x00007ffd7dd80000 - 0x00007ffd7de0e000 	C:\Program Files\Java\jdk-21\bin\msvcp140.dll
0x00007ffd50d50000 - 0x00007ffd51a67000 	C:\Program Files\Java\jdk-21\bin\server\jvm.dll
0x00007ffdadd70000 - 0x00007ffdadde1000 	C:\WINDOWS\System32\WS2_32.dll
0x00007ffdac280000 - 0x00007ffdac2cd000 	C:\WINDOWS\SYSTEM32\POWRPROF.dll
0x00007ffda1dc0000 - 0x00007ffda1df4000 	C:\WINDOWS\SYSTEM32\WINMM.dll
0x00007ffdac260000 - 0x00007ffdac273000 	C:\WINDOWS\SYSTEM32\UMPDC.dll
0x00007ffdab3a0000 - 0x00007ffdab3b8000 	C:\WINDOWS\SYSTEM32\kernel.appcore.dll
0x00007ffd99d60000 - 0x00007ffd99d6a000 	C:\Program Files\Java\jdk-21\bin\jimage.dll
0x00007ffda6c40000 - 0x00007ffda6e73000 	C:\WINDOWS\SYSTEM32\DBGHELP.DLL
0x00007ffdae920000 - 0x00007ffdaeca9000 	C:\WINDOWS\System32\combase.dll
0x00007ffdadf10000 - 0x00007ffdadfe7000 	C:\WINDOWS\System32\OLEAUT32.dll
0x00007ffd8bae0000 - 0x00007ffd8bb12000 	C:\WINDOWS\SYSTEM32\dbgcore.DLL
0x00007ffdacd40000 - 0x00007ffdacdba000 	C:\WINDOWS\System32\bcryptPrimitives.dll
0x00007ffd820b0000 - 0x00007ffd820cf000 	C:\Program Files\Java\jdk-21\bin\java.dll

dbghelp: loaded successfully - version: 4.0.5 - missing functions: none
symbol engine: initialized successfully - sym options: 0x614 - pdb path: .;C:\Program Files\Java\jdk-21\bin;C:\WINDOWS\SYSTEM32;C:\WINDOWS\WinSxS\amd64_microsoft.windows.common-controls_6595b64144ccf1df_6.0.22621.2506_none_270c5ae97388e100;C:\Program Files\Java\jdk-21\bin\server

VM Arguments:
jvm_args: --enable-preview -XX:+ShowCodeDetailsInExceptionMessages 
java_command: SnakeGame
java_class_path (initial): C:\Users\Administrator\Desktop\EMMANUEL\java projects\snake game\sanke game\bin
Launcher Type: SUN_STANDARD

[Global flags]
     intx CICompilerCount                          = 4                                         {product} {ergonomic}
     uint ConcGCThreads                            = 2                                         {product} {ergonomic}
     uint G1ConcRefinementThreads                  = 8                                         {product} {ergonomic}
   size_t G1HeapRegionSize                         = 1048576                                   {product} {ergonomic}
    uintx GCDrainStackTargetSize                   = 64                                        {product} {ergonomic}
   size_t InitialHeapSize                          = 132120576                                 {product} {ergonomic}
   size_t MarkStackSize                            = 4194304                                   {product} {ergonomic}
   size_t MaxHeapSize                              = 2107637760                                {product} {ergonomic}
   size_t MinHeapDeltaBytes                        = 1048576                                   {product} {ergonomic}
   size_t MinHeapSize                              = 8388608                                   {product} {ergonomic}
    uintx NonNMethodCodeHeapSize                   = 5839372                                {pd product} {ergonomic}
    uintx NonProfiledCodeHeapSize                  = 122909434                              {pd product} {ergonomic}
    uintx ProfiledCodeHeapSize                     = 122909434                              {pd product} {ergonomic}
    uintx ReservedCodeCacheSize                    = 251658240                              {pd product} {ergonomic}
     bool SegmentedCodeCache                       = true                                      {product} {ergonomic}
     bool ShowCodeDetailsInExceptionMessages       = true                                   {manageable} {command line}
   size_t SoftMaxHeapSize                          = 2107637760                             {manageable} {ergonomic}
     bool UseCompressedOops                        = true                           {product lp64_product} {ergonomic}
     bool UseG1GC                                  = true                                      {product} {ergonomic}
     bool UseLargePagesIndividualAllocation        = false                                  {pd product} {ergonomic}

Logging:
Log output configuration:
 #0: stdout all=warning uptime,level,tags foldmultilines=false
 #1: stderr all=off uptime,level,tags foldmultilines=false

Environment Variables:
PATH=C:\Program Files\Common Files\Oracle\Java\javapath;C:\Program Files (x86)\Common Files\Oracle\Java\javapath;C:\WINDOWS\system32;C:\WINDOWS;C:\WINDOWS\System32\Wbem;C:\WINDOWS\System32\WindowsPowerShell\v1.0\;C:\WINDOWS\System32\OpenSSH\;C:\Program Files\dotnet\;C:\Users\Administrator\AppData\Local\Microsoft\WindowsApps;C:\Users\Administrator\AppData\Local\Programs\Microsoft VS Code\bin;C:\MinGW\bin;C:\Users\Administrator\.dotnet\tools
USERNAME=Administrator
LANG=en_US.UTF-8
OS=Windows_NT
PROCESSOR_IDENTIFIER=Intel64 Family 6 Model 142 Stepping 10, GenuineIntel
TMP=C:\Users\ADMINI~1\AppData\Local\Temp
TEMP=C:\Users\ADMINI~1\AppData\Local\Temp




Periodic native trim disabled

---------------  S Y S T E M  ---------------

OS:
 Windows 11 , 64 bit Build 22621 (10.0.22621.2506)
OS uptime: 0 days 4:49 hours
Hyper-V role detected

CPU: total 8 (initial active 8) (4 cores per cpu, 2 threads per core) family 6 model 142 stepping 10 microcode 0xf4, cx8, cmov, fxsr, ht, mmx, 3dnowpref, sse, sse2, sse3, ssse3, sse4.1, sse4.2, popcnt, lzcnt, tsc, tscinvbit, avx, avx2, aes, erms, clmul, bmi1, bmi2, adx, fma, vzeroupper, clflush, clflushopt, hv, rdtscp, f16c
Processor Information for processor 0
  Max Mhz: 1800, Current Mhz: 1600, Mhz Limit: 1584
Processor Information for processor 1
  Max Mhz: 1800, Current Mhz: 1500, Mhz Limit: 1584
Processor Information for processor 2
  Max Mhz: 1800, Current Mhz: 1600, Mhz Limit: 1584
Processor Information for processor 3
  Max Mhz: 1800, Current Mhz: 1500, Mhz Limit: 1584
Processor Information for processor 4
  Max Mhz: 1800, Current Mhz: 1600, Mhz Limit: 1584
Processor Information for processor 5
  Max Mhz: 1800, Current Mhz: 1500, Mhz Limit: 1584
Processor Information for processor 6
  Max Mhz: 1800, Current Mhz: 1500, Mhz Limit: 1584
Processor Information for processor 7
  Max Mhz: 1800, Current Mhz: 1500, Mhz Limit: 1584

Memory: 4k page, system-wide physical 8035M (1748M free)
TotalPageFile size 8035M (AvailPageFile size 39M)
current process WorkingSet (physical memory assigned to process): 11M, peak: 11M
current process commit charge ("private bytes"): 60M, peak: 186M

vm_info: Java HotSpot(TM) 64-Bit Server VM (21.0.2+13-LTS-58) for windows-amd64 JRE (21.0.2+13-LTS-58), built on 2024-01-05T18:32:24Z by "mach5one" with MS VC++ 17.1 (VS2022)

END.
