#
# There is insufficient memory for the Java Runtime Environment to continue.
# Native memory allocation (malloc) failed to allocate 32744 bytes for ChunkPool::allocate
# Possible reasons:
#   The system is out of physical RAM or swap space
#   The process is running with CompressedOops enabled, and the Java Heap may be blocking the growth of the native heap
# Possible solutions:
#   Reduce memory load on the system
#   Increase physical memory or swap space
#   Check if swap backing store is full
#   Decrease Java heap size (-Xmx/-Xms)
#   Decrease number of Java threads
#   Decrease Java thread stack sizes (-Xss)
#   Set larger code cache with -XX:ReservedCodeCacheSize=
#   JVM is running with Unscaled Compressed Oops mode in which the Java heap is
#     placed in the first 4GB address space. The Java Heap base address is the
#     maximum limit for the native heap growth. Please use -XX:HeapBaseMinAddress
#     to set the Java Heap base and to place the Java Heap above 4GB virtual address.
# This output file may be truncated or incomplete.
#
#  Out of Memory Error (arena.cpp:79), pid=11792, tid=14712
#
# JRE version: OpenJDK Runtime Environment Temurin-17.0.10+7 (17.0.10+7) (build 17.0.10+7)
# Java VM: OpenJDK 64-Bit Server VM Temurin-17.0.10+7 (17.0.10+7, mixed mode, tiered, compressed oops, compressed class ptrs, parallel gc, windows-amd64)
# No core dump will be written. Minidumps are not enabled by default on client versions of Windows
#

---------------  S U M M A R Y ------------

Command Line: --add-modules=ALL-SYSTEM --add-opens=java.base/java.util=ALL-UNNAMED --add-opens=java.base/java.lang=ALL-UNNAMED --add-opens=java.base/sun.nio.fs=ALL-UNNAMED -Declipse.application=org.eclipse.jdt.ls.core.id1 -Dosgi.bundles.defaultStartLevel=4 -Declipse.product=org.eclipse.jdt.ls.core.product -Djava.import.generatesMetadataFilesAtProjectRoot=false -DDetectVMInstallationsJob.disabled=true -Dfile.encoding=utf8 -XX:+UseParallelGC -XX:GCTimeRatio=4 -XX:AdaptiveSizePolicyWeight=90 -Dsun.zip.disableMemoryMapping=true -Xmx1G -Xms100m -Xlog:disable -javaagent:c:\Users\Administrator\.vscode\extensions\redhat.java-1.27.0-win32-x64\lombok\lombok-1.18.31.jar -XX:+HeapDumpOnOutOfMemoryError -XX:HeapDumpPath=c:\Users\Administrator\AppData\Roaming\Code\User\workspaceStorage\92cf630d5520cf9d494fd4302ee3fba9\redhat.java -Daether.dependencyCollector.impl=bf c:\Users\Administrator\.vscode\extensions\redhat.java-1.27.0-win32-x64\server\plugins\org.eclipse.equinox.launcher_1.6.700.v20231214-2017.jar -configuration c:\Users\Administrator\AppData\Roaming\Code\User\globalStorage\redhat.java\1.27.0\config_win -data c:\Users\Administrator\AppData\Roaming\Code\User\workspaceStorage\92cf630d5520cf9d494fd4302ee3fba9\redhat.java\jdt_ws --stdio

Host: Intel(R) Core(TM) i5-8250U CPU @ 1.60GHz, 8 cores, 7G,  Windows 11 , 64 bit Build 22621 (10.0.22621.2506)
Time: Sat Feb  3 13:12:36 2024 E. Africa Standard Time elapsed time: 6.964812 seconds (0d 0h 0m 6s)

---------------  T H R E A D  ---------------

Current thread (0x000001cca9c1c020):  JavaThread "C2 CompilerThread0" daemon [_thread_in_native, id=14712, stack(0x00000048c7a00000,0x00000048c7b00000)]


Current CompileTask:
C2:   6965 2581       4       lombok.patcher.PatchScript::classMatches (41 bytes)

Stack: [0x00000048c7a00000,0x00000048c7b00000]
Native frames: (J=compiled Java code, j=interpreted, Vv=VM code, C=native code)
V  [jvm.dll+0x67d2c9]
V  [jvm.dll+0x834afa]
V  [jvm.dll+0x8365be]
V  [jvm.dll+0x836c23]
V  [jvm.dll+0x2477ff]
V  [jvm.dll+0xac711]
V  [jvm.dll+0xacb5c]
V  [jvm.dll+0x2aed75]
V  [jvm.dll+0x584b67]
V  [jvm.dll+0x2228a2]
V  [jvm.dll+0x21b5cd]
V  [jvm.dll+0x219201]
V  [jvm.dll+0x1a502d]
V  [jvm.dll+0x2290de]
V  [jvm.dll+0x2272ac]
V  [jvm.dll+0x7e9bb7]
V  [jvm.dll+0x7e3fba]
V  [jvm.dll+0x67c1b5]
C  [ucrtbase.dll+0x29363]
C  [KERNEL32.DLL+0x1257d]
C  [ntdll.dll+0x5aa58]


---------------  P R O C E S S  ---------------

Threads class SMR info:
_java_thread_list=0x000001ccab2f8f50, length=19, elements={
0x000001cc90c8f070, 0x000001cca4b14010, 0x000001cca4b15370, 0x000001cca4b1aef0,
0x000001cca4b1d8d0, 0x000001cca4b1e3a0, 0x000001cca9c18010, 0x000001cca9c1c020,
0x000001cca9c33d90, 0x000001cca9c57dd0, 0x000001cca9d5adf0, 0x000001cca9f655b0,
0x000001ccab636070, 0x000001ccab62c040, 0x000001ccabcee930, 0x000001ccabe129d0,
0x000001ccac0c47c0, 0x000001ccaba262a0, 0x000001ccab4e44a0
}

Java Threads: ( => current thread )
  0x000001cc90c8f070 JavaThread "main" [_thread_blocked, id=15044, stack(0x00000048c7100000,0x00000048c7200000)]
  0x000001cca4b14010 JavaThread "Reference Handler" daemon [_thread_blocked, id=7584, stack(0x00000048c7400000,0x00000048c7500000)]
  0x000001cca4b15370 JavaThread "Finalizer" daemon [_thread_blocked, id=9984, stack(0x00000048c7500000,0x00000048c7600000)]
  0x000001cca4b1aef0 JavaThread "Signal Dispatcher" daemon [_thread_blocked, id=9648, stack(0x00000048c7600000,0x00000048c7700000)]
  0x000001cca4b1d8d0 JavaThread "Attach Listener" daemon [_thread_blocked, id=4848, stack(0x00000048c7700000,0x00000048c7800000)]
  0x000001cca4b1e3a0 JavaThread "Service Thread" daemon [_thread_blocked, id=8656, stack(0x00000048c7800000,0x00000048c7900000)]
  0x000001cca9c18010 JavaThread "Monitor Deflation Thread" daemon [_thread_blocked, id=15640, stack(0x00000048c7900000,0x00000048c7a00000)]
=>0x000001cca9c1c020 JavaThread "C2 CompilerThread0" daemon [_thread_in_native, id=14712, stack(0x00000048c7a00000,0x00000048c7b00000)]
  0x000001cca9c33d90 JavaThread "C1 CompilerThread0" daemon [_thread_in_native, id=13024, stack(0x00000048c7b00000,0x00000048c7c00000)]
  0x000001cca9c57dd0 JavaThread "Sweeper thread" daemon [_thread_blocked, id=4636, stack(0x00000048c7c00000,0x00000048c7d00000)]
  0x000001cca9d5adf0 JavaThread "Common-Cleaner" daemon [_thread_blocked, id=8232, stack(0x00000048c7d00000,0x00000048c7e00000)]
  0x000001cca9f655b0 JavaThread "Notification Thread" daemon [_thread_blocked, id=6616, stack(0x00000048c7e00000,0x00000048c7f00000)]
  0x000001ccab636070 JavaThread "Active Thread: Equinox Container: c092101a-073e-499f-b6ed-a7164453162d" [_thread_blocked, id=2936, stack(0x00000048c8800000,0x00000048c8900000)]
  0x000001ccab62c040 JavaThread "Framework Event Dispatcher: Equinox Container: c092101a-073e-499f-b6ed-a7164453162d" daemon [_thread_blocked, id=1136, stack(0x00000048c8900000,0x00000048c8a00000)]
  0x000001ccabcee930 JavaThread "Start Level: Equinox Container: c092101a-073e-499f-b6ed-a7164453162d" daemon [_thread_in_vm, id=15992, stack(0x00000048c8a00000,0x00000048c8b00000)]
  0x000001ccabe129d0 JavaThread "Bundle File Closer" daemon [_thread_blocked, id=4196, stack(0x00000048c8b00000,0x00000048c8c00000)]
  0x000001ccac0c47c0 JavaThread "SCR Component Actor" daemon [_thread_blocked, id=14408, stack(0x00000048c8c00000,0x00000048c8d00000)]
  0x000001ccaba262a0 JavaThread "SCR Component Registry" daemon [_thread_blocked, id=9056, stack(0x00000048c8600000,0x00000048c8700000)]
  0x000001ccab4e44a0 JavaThread "Worker-JM" [_thread_blocked, id=2996, stack(0x00000048c8d00000,0x00000048c8e00000)]

Other Threads:
  0x000001cca9bf14b0 VMThread "VM Thread" [stack: 0x00000048c7300000,0x00000048c7400000] [id=11516]
  0x000001cca9fae8d0 WatcherThread [stack: 0x00000048c7f00000,0x00000048c8000000] [id=11708]
  0x000001cc90ca5ee0 GCTaskThread "GC Thread#0" [stack: 0x00000048c7200000,0x00000048c7300000] [id=6416]
  0x000001ccaae1d230 GCTaskThread "GC Thread#1" [stack: 0x00000048c8000000,0x00000048c8100000] [id=9624]
  0x000001ccab324120 GCTaskThread "GC Thread#2" [stack: 0x00000048c8100000,0x00000048c8200000] [id=8972]
  0x000001ccab3243e0 GCTaskThread "GC Thread#3" [stack: 0x00000048c8200000,0x00000048c8300000] [id=14500]
  0x000001ccab44d740 GCTaskThread "GC Thread#4" [stack: 0x00000048c8300000,0x00000048c8400000] [id=15592]
  0x000001ccab44da00 GCTaskThread "GC Thread#5" [stack: 0x00000048c8400000,0x00000048c8500000] [id=13960]
  0x000001ccab118bd0 GCTaskThread "GC Thread#6" [stack: 0x00000048c8500000,0x00000048c8600000] [id=16368]
  0x000001ccabb745a0 GCTaskThread "GC Thread#7" [stack: 0x00000048c8700000,0x00000048c8800000] [id=5612]

Threads with active compile tasks:
C2 CompilerThread0     7009 2581       4       lombok.patcher.PatchScript::classMatches (41 bytes)
C1 CompilerThread0     7009 2582   !   3       org.eclipse.osgi.container.Module::start (655 bytes)

VM state: not at safepoint (normal execution)

VM Mutex/Monitor currently owned by a thread: None

Heap address: 0x00000000c0000000, size: 1024 MB, Compressed Oops mode: 32-bit

CDS archive(s) not mapped
Compressed class space mapped at: 0x0000000100000000-0x0000000140000000, reserved size: 1073741824
Narrow klass base: 0x0000000000000000, Narrow klass shift: 3, Narrow klass range: 0x140000000

GC Precious Log:
 CPUs: 8 total, 8 available
 Memory: 8035M
 Large Page Support: Disabled
 NUMA Support: Disabled
 Compressed Oops: Enabled (32-bit)
 Alignments: Space 512K, Generation 512K, Heap 2M
 Heap Min Capacity: 100M
 Heap Initial Capacity: 100M
 Heap Max Capacity: 1G
 Pre-touch: Disabled
 Parallel Workers: 8

Heap:
 PSYoungGen      total 29696K, used 555K [0x00000000eab00000, 0x00000000ecc00000, 0x0000000100000000)
  eden space 25600K, 2% used [0x00000000eab00000,0x00000000eab8af10,0x00000000ec400000)
  from space 4096K, 0% used [0x00000000ec400000,0x00000000ec400000,0x00000000ec800000)
  to   space 4096K, 0% used [0x00000000ec800000,0x00000000ec800000,0x00000000ecc00000)
 ParOldGen       total 68608K, used 10441K [0x00000000c0000000, 0x00000000c4300000, 0x00000000eab00000)
  object space 68608K, 15% used [0x00000000c0000000,0x00000000c0a32460,0x00000000c4300000)
 Metaspace       used 21159K, committed 21568K, reserved 1114112K
  class space    used 2138K, committed 2304K, reserved 1048576K

Card table byte_map: [0x000001cc90650000,0x000001cc90860000] _byte_map_base: 0x000001cc90050000

Marking Bits: (ParMarkBitMap*) 0x00007ffd5260d7d0
 Begin Bits: [0x000001cca2920000, 0x000001cca3920000)
 End Bits:   [0x000001cca3920000, 0x000001cca4920000)

Polling page: 0x000001cc90440000

Metaspace:

Usage:
  Non-class:     18.58 MB used.
      Class:      2.09 MB used.
       Both:     20.66 MB used.

Virtual space:
  Non-class space:       64.00 MB reserved,      18.81 MB ( 29%) committed,  1 nodes.
      Class space:        1.00 GB reserved,       2.25 MB ( <1%) committed,  1 nodes.
             Both:        1.06 GB reserved,      21.06 MB (  2%) committed. 

Chunk freelists:
   Non-Class:  12.97 MB
       Class:  13.66 MB
        Both:  26.63 MB

MaxMetaspaceSize: unlimited
CompressedClassSpaceSize: 1.00 GB
Initial GC threshold: 21.00 MB
Current GC threshold: 35.00 MB
CDS: off
MetaspaceReclaimPolicy: balanced
 - commit_granule_bytes: 65536.
 - commit_granule_words: 8192.
 - virtual_space_node_default_size: 8388608.
 - enlarge_chunks_in_place: 1.
 - new_chunks_are_fully_committed: 0.
 - uncommit_free_chunks: 1.
 - use_allocation_guard: 0.
 - handle_deallocations: 1.


Internal statistics:

num_allocs_failed_limit: 3.
num_arena_births: 240.
num_arena_deaths: 14.
num_vsnodes_births: 2.
num_vsnodes_deaths: 0.
num_space_committed: 337.
num_space_uncommitted: 0.
num_chunks_returned_to_freelist: 17.
num_chunks_taken_from_freelist: 711.
num_chunk_merges: 9.
num_chunk_splits: 451.
num_chunks_enlarged: 313.
num_inconsistent_stats: 0.

CodeHeap 'non-profiled nmethods': size=120000Kb used=1128Kb max_used=1128Kb free=118871Kb
 bounds [0x000001cc9b3f0000, 0x000001cc9b660000, 0x000001cca2920000]
CodeHeap 'profiled nmethods': size=120000Kb used=5216Kb max_used=5216Kb free=114783Kb
 bounds [0x000001cc93920000, 0x000001cc93e40000, 0x000001cc9ae50000]
CodeHeap 'non-nmethods': size=5760Kb used=1183Kb max_used=1213Kb free=4576Kb
 bounds [0x000001cc9ae50000, 0x000001cc9b0c0000, 0x000001cc9b3f0000]
 total_blobs=3062 nmethods=2580 adapters=396
 compilation: enabled
              stopped_count=0, restarted_count=0
 full_count=0

Compilation events (20 events):
Event: 6.879 Thread 0x000001cca9c33d90 2571       3       java.util.Properties::loadConvert (540 bytes)
Event: 6.880 Thread 0x000001cca9c1c020 2572       4       org.eclipse.osgi.internal.hookregistry.ClassLoaderHook::postFindLocalClass (1 bytes)
Event: 6.880 Thread 0x000001cca9c1c020 nmethod 2572 0x000001cc9b509890 code [0x000001cc9b509a00, 0x000001cc9b509a78]
Event: 6.881 Thread 0x000001cca9c33d90 nmethod 2571 0x000001cc93e34090 code [0x000001cc93e34380, 0x000001cc93e35798]
Event: 6.889 Thread 0x000001cca9c1c020 2573       4       java.lang.ThreadLocal::get (38 bytes)
Event: 6.891 Thread 0x000001cca9c33d90 2574       3       java.lang.invoke.LambdaForm::editor (5 bytes)
Event: 6.891 Thread 0x000001cca9c33d90 nmethod 2574 0x000001cc93e35e10 code [0x000001cc93e35fc0, 0x000001cc93e362a8]
Event: 6.892 Thread 0x000001cca9c33d90 2576       3       java.util.Arrays::hashCode (56 bytes)
Event: 6.892 Thread 0x000001cca9c33d90 nmethod 2576 0x000001cc93e36410 code [0x000001cc93e365c0, 0x000001cc93e36928]
Event: 6.892 Thread 0x000001cca9c33d90 2575       3       java.lang.invoke.LambdaFormEditor::lambdaFormEditor (12 bytes)
Event: 6.892 Thread 0x000001cca9c1c020 nmethod 2573 0x000001cc9b509e90 code [0x000001cc9b50a020, 0x000001cc9b50a178]
Event: 6.892 Thread 0x000001cca9c33d90 nmethod 2575 0x000001cc93e36a90 code [0x000001cc93e36c40, 0x000001cc93e36ea8]
Event: 6.894 Thread 0x000001cca9c33d90 2578       3       sun.invoke.util.VerifyAccess::getClassModifiers (24 bytes)
Event: 6.894 Thread 0x000001cca9c33d90 nmethod 2578 0x000001cc93e37010 code [0x000001cc93e371c0, 0x000001cc93e37418]
Event: 6.904 Thread 0x000001cca9c33d90 2579       3       java.util.ArrayDeque::addFirst (51 bytes)
Event: 6.904 Thread 0x000001cca9c33d90 nmethod 2579 0x000001cc93e37510 code [0x000001cc93e376e0, 0x000001cc93e37b58]
Event: 6.904 Thread 0x000001cca9c33d90 2580       3       java.util.ArrayDeque::dec (13 bytes)
Event: 6.904 Thread 0x000001cca9c33d90 nmethod 2580 0x000001cc93e37d10 code [0x000001cc93e37ea0, 0x000001cc93e37fd8]
Event: 6.905 Thread 0x000001cca9c1c020 2581       4       lombok.patcher.PatchScript::classMatches (41 bytes)
Event: 6.906 Thread 0x000001cca9c33d90 2582   !   3       org.eclipse.osgi.container.Module::start (655 bytes)

GC Heap History (12 events):
Event: 2.657 GC heap before
{Heap before GC invocations=1 (full 0):
 PSYoungGen      total 29696K, used 25600K [0x00000000eab00000, 0x00000000ecc00000, 0x0000000100000000)
  eden space 25600K, 100% used [0x00000000eab00000,0x00000000ec400000,0x00000000ec400000)
  from space 4096K, 0% used [0x00000000ec800000,0x00000000ec800000,0x00000000ecc00000)
  to   space 4096K, 0% used [0x00000000ec400000,0x00000000ec400000,0x00000000ec800000)
 ParOldGen       total 68608K, used 0K [0x00000000c0000000, 0x00000000c4300000, 0x00000000eab00000)
  object space 68608K, 0% used [0x00000000c0000000,0x00000000c0000000,0x00000000c4300000)
 Metaspace       used 10994K, committed 11200K, reserved 1114112K
  class space    used 1096K, committed 1216K, reserved 1048576K
}
Event: 2.672 GC heap after
{Heap after GC invocations=1 (full 0):
 PSYoungGen      total 29696K, used 3188K [0x00000000eab00000, 0x00000000ecc00000, 0x0000000100000000)
  eden space 25600K, 0% used [0x00000000eab00000,0x00000000eab00000,0x00000000ec400000)
  from space 4096K, 77% used [0x00000000ec400000,0x00000000ec71d130,0x00000000ec800000)
  to   space 4096K, 0% used [0x00000000ec800000,0x00000000ec800000,0x00000000ecc00000)
 ParOldGen       total 68608K, used 8K [0x00000000c0000000, 0x00000000c4300000, 0x00000000eab00000)
  object space 68608K, 0% used [0x00000000c0000000,0x00000000c0002000,0x00000000c4300000)
 Metaspace       used 10994K, committed 11200K, reserved 1114112K
  class space    used 1096K, committed 1216K, reserved 1048576K
}
Event: 4.292 GC heap before
{Heap before GC invocations=2 (full 0):
 PSYoungGen      total 29696K, used 28788K [0x00000000eab00000, 0x00000000ecc00000, 0x0000000100000000)
  eden space 25600K, 100% used [0x00000000eab00000,0x00000000ec400000,0x00000000ec400000)
  from space 4096K, 77% used [0x00000000ec400000,0x00000000ec71d130,0x00000000ec800000)
  to   space 4096K, 0% used [0x00000000ec800000,0x00000000ec800000,0x00000000ecc00000)
 ParOldGen       total 68608K, used 8K [0x00000000c0000000, 0x00000000c4300000, 0x00000000eab00000)
  object space 68608K, 0% used [0x00000000c0000000,0x00000000c0002000,0x00000000c4300000)
 Metaspace       used 14636K, committed 14848K, reserved 1114112K
  class space    used 1470K, committed 1600K, reserved 1048576K
}
Event: 4.313 GC heap after
{Heap after GC invocations=2 (full 0):
 PSYoungGen      total 29696K, used 4089K [0x00000000eab00000, 0x00000000ecc00000, 0x0000000100000000)
  eden space 25600K, 0% used [0x00000000eab00000,0x00000000eab00000,0x00000000ec400000)
  from space 4096K, 99% used [0x00000000ec800000,0x00000000ecbfe540,0x00000000ecc00000)
  to   space 4096K, 0% used [0x00000000ec400000,0x00000000ec400000,0x00000000ec800000)
 ParOldGen       total 68608K, used 1490K [0x00000000c0000000, 0x00000000c4300000, 0x00000000eab00000)
  object space 68608K, 2% used [0x00000000c0000000,0x00000000c0174b80,0x00000000c4300000)
 Metaspace       used 14636K, committed 14848K, reserved 1114112K
  class space    used 1470K, committed 1600K, reserved 1048576K
}
Event: 5.520 GC heap before
{Heap before GC invocations=3 (full 0):
 PSYoungGen      total 29696K, used 29689K [0x00000000eab00000, 0x00000000ecc00000, 0x0000000100000000)
  eden space 25600K, 100% used [0x00000000eab00000,0x00000000ec400000,0x00000000ec400000)
  from space 4096K, 99% used [0x00000000ec800000,0x00000000ecbfe540,0x00000000ecc00000)
  to   space 4096K, 0% used [0x00000000ec400000,0x00000000ec400000,0x00000000ec800000)
 ParOldGen       total 68608K, used 1490K [0x00000000c0000000, 0x00000000c4300000, 0x00000000eab00000)
  object space 68608K, 2% used [0x00000000c0000000,0x00000000c0174b80,0x00000000c4300000)
 Metaspace       used 16445K, committed 16704K, reserved 1114112K
  class space    used 1660K, committed 1792K, reserved 1048576K
}
Event: 5.529 GC heap after
{Heap after GC invocations=3 (full 0):
 PSYoungGen      total 29696K, used 4089K [0x00000000eab00000, 0x00000000ecc00000, 0x0000000100000000)
  eden space 25600K, 0% used [0x00000000eab00000,0x00000000eab00000,0x00000000ec400000)
  from space 4096K, 99% used [0x00000000ec400000,0x00000000ec7fe730,0x00000000ec800000)
  to   space 4096K, 0% used [0x00000000ec800000,0x00000000ec800000,0x00000000ecc00000)
 ParOldGen       total 68608K, used 5225K [0x00000000c0000000, 0x00000000c4300000, 0x00000000eab00000)
  object space 68608K, 7% used [0x00000000c0000000,0x00000000c051a7c8,0x00000000c4300000)
 Metaspace       used 16445K, committed 16704K, reserved 1114112K
  class space    used 1660K, committed 1792K, reserved 1048576K
}
Event: 6.866 GC heap before
{Heap before GC invocations=4 (full 0):
 PSYoungGen      total 29696K, used 29689K [0x00000000eab00000, 0x00000000ecc00000, 0x0000000100000000)
  eden space 25600K, 100% used [0x00000000eab00000,0x00000000ec400000,0x00000000ec400000)
  from space 4096K, 99% used [0x00000000ec400000,0x00000000ec7fe730,0x00000000ec800000)
  to   space 4096K, 0% used [0x00000000ec800000,0x00000000ec800000,0x00000000ecc00000)
 ParOldGen       total 68608K, used 5225K [0x00000000c0000000, 0x00000000c4300000, 0x00000000eab00000)
  object space 68608K, 7% used [0x00000000c0000000,0x00000000c051a7c8,0x00000000c4300000)
 Metaspace       used 20864K, committed 21248K, reserved 1114112K
  class space    used 2113K, committed 2240K, reserved 1048576K
}
Event: 6.873 GC heap after
{Heap after GC invocations=4 (full 0):
 PSYoungGen      total 29696K, used 4088K [0x00000000eab00000, 0x00000000ecc00000, 0x0000000100000000)
  eden space 25600K, 0% used [0x00000000eab00000,0x00000000eab00000,0x00000000ec400000)
  from space 4096K, 99% used [0x00000000ec800000,0x00000000ecbfe2d8,0x00000000ecc00000)
  to   space 4096K, 0% used [0x00000000ec400000,0x00000000ec400000,0x00000000ec800000)
 ParOldGen       total 68608K, used 6486K [0x00000000c0000000, 0x00000000c4300000, 0x00000000eab00000)
  object space 68608K, 9% used [0x00000000c0000000,0x00000000c0655b00,0x00000000c4300000)
 Metaspace       used 20864K, committed 21248K, reserved 1114112K
  class space    used 2113K, committed 2240K, reserved 1048576K
}
Event: 6.910 GC heap before
{Heap before GC invocations=5 (full 0):
 PSYoungGen      total 29696K, used 6049K [0x00000000eab00000, 0x00000000ecc00000, 0x0000000100000000)
  eden space 25600K, 7% used [0x00000000eab00000,0x00000000eacea2a0,0x00000000ec400000)
  from space 4096K, 99% used [0x00000000ec800000,0x00000000ecbfe2d8,0x00000000ecc00000)
  to   space 4096K, 0% used [0x00000000ec400000,0x00000000ec400000,0x00000000ec800000)
 ParOldGen       total 68608K, used 6486K [0x00000000c0000000, 0x00000000c4300000, 0x00000000eab00000)
  object space 68608K, 9% used [0x00000000c0000000,0x00000000c0655b00,0x00000000c4300000)
 Metaspace       used 21118K, committed 21504K, reserved 1114112K
  class space    used 2137K, committed 2304K, reserved 1048576K
}
Event: 6.914 GC heap after
{Heap after GC invocations=5 (full 0):
 PSYoungGen      total 29696K, used 4078K [0x00000000eab00000, 0x00000000ecc00000, 0x0000000100000000)
  eden space 25600K, 0% used [0x00000000eab00000,0x00000000eab00000,0x00000000ec400000)
  from space 4096K, 99% used [0x00000000ec400000,0x00000000ec7fb9c8,0x00000000ec800000)
  to   space 4096K, 0% used [0x00000000ec800000,0x00000000ec800000,0x00000000ecc00000)
 ParOldGen       total 68608K, used 6645K [0x00000000c0000000, 0x00000000c4300000, 0x00000000eab00000)
  object space 68608K, 9% used [0x00000000c0000000,0x00000000c067d470,0x00000000c4300000)
 Metaspace       used 21118K, committed 21504K, reserved 1114112K
  class space    used 2137K, committed 2304K, reserved 1048576K
}
Event: 6.914 GC heap before
{Heap before GC invocations=6 (full 1):
 PSYoungGen      total 29696K, used 4078K [0x00000000eab00000, 0x00000000ecc00000, 0x0000000100000000)
  eden space 25600K, 0% used [0x00000000eab00000,0x00000000eab00000,0x00000000ec400000)
  from space 4096K, 99% used [0x00000000ec400000,0x00000000ec7fb9c8,0x00000000ec800000)
  to   space 4096K, 0% used [0x00000000ec800000,0x00000000ec800000,0x00000000ecc00000)
 ParOldGen       total 68608K, used 6645K [0x00000000c0000000, 0x00000000c4300000, 0x00000000eab00000)
  object space 68608K, 9% used [0x00000000c0000000,0x00000000c067d470,0x00000000c4300000)
 Metaspace       used 21118K, committed 21504K, reserved 1114112K
  class space    used 2137K, committed 2304K, reserved 1048576K
}
Event: 6.955 GC heap after
{Heap after GC invocations=6 (full 1):
 PSYoungGen      total 29696K, used 0K [0x00000000eab00000, 0x00000000ecc00000, 0x0000000100000000)
  eden space 25600K, 0% used [0x00000000eab00000,0x00000000eab00000,0x00000000ec400000)
  from space 4096K, 0% used [0x00000000ec400000,0x00000000ec400000,0x00000000ec800000)
  to   space 4096K, 0% used [0x00000000ec800000,0x00000000ec800000,0x00000000ecc00000)
 ParOldGen       total 68608K, used 10441K [0x00000000c0000000, 0x00000000c4300000, 0x00000000eab00000)
  object space 68608K, 15% used [0x00000000c0000000,0x00000000c0a32460,0x00000000c4300000)
 Metaspace       used 21105K, committed 21504K, reserved 1114112K
  class space    used 2134K, committed 2304K, reserved 1048576K
}

Dll operation events (9 events):
Event: 0.016 Loaded shared library c:\Users\Administrator\.vscode\extensions\redhat.java-1.27.0-win32-x64\jre\17.0.10-win32-x86_64\bin\java.dll
Event: 0.366 Loaded shared library c:\Users\Administrator\.vscode\extensions\redhat.java-1.27.0-win32-x64\jre\17.0.10-win32-x86_64\bin\zip.dll
Event: 0.450 Loaded shared library C:\Users\Administrator\.vscode\extensions\redhat.java-1.27.0-win32-x64\jre\17.0.10-win32-x86_64\bin\instrument.dll
Event: 0.475 Loaded shared library C:\Users\Administrator\.vscode\extensions\redhat.java-1.27.0-win32-x64\jre\17.0.10-win32-x86_64\bin\net.dll
Event: 0.478 Loaded shared library C:\Users\Administrator\.vscode\extensions\redhat.java-1.27.0-win32-x64\jre\17.0.10-win32-x86_64\bin\nio.dll
Event: 0.528 Loaded shared library C:\Users\Administrator\.vscode\extensions\redhat.java-1.27.0-win32-x64\jre\17.0.10-win32-x86_64\bin\zip.dll
Event: 0.568 Loaded shared library C:\Users\Administrator\.vscode\extensions\redhat.java-1.27.0-win32-x64\jre\17.0.10-win32-x86_64\bin\jimage.dll
Event: 0.705 Loaded shared library c:\Users\Administrator\.vscode\extensions\redhat.java-1.27.0-win32-x64\jre\17.0.10-win32-x86_64\bin\verify.dll
Event: 4.004 Loaded shared library C:\Users\Administrator\AppData\Roaming\Code\User\globalStorage\redhat.java\1.27.0\config_win\org.eclipse.equinox.launcher\org.eclipse.equinox.launcher.win32.win32.x86_64_1.2.900.v20240129-1338\eclipse_11900.dll

Deoptimization events (20 events):
Event: 6.320 Thread 0x000001ccabcee930 Uncommon trap: trap_request=0xffffffcc fr.pc=0x000001cc9b4fa894 relative=0x00000000000001f4
Event: 6.320 Thread 0x000001ccabcee930 Uncommon trap: reason=intrinsic_or_type_checked_inlining action=make_not_entrant pc=0x000001cc9b4fa894 method=java.util.Arrays.copyOf([Ljava/lang/Object;ILjava/lang/Class;)[Ljava/lang/Object; @ 35 c2
Event: 6.320 Thread 0x000001ccabcee930 DEOPT PACKING pc=0x000001cc9b4fa894 sp=0x00000048c8afc820
Event: 6.320 Thread 0x000001ccabcee930 DEOPT UNPACKING pc=0x000001cc9aea66a3 sp=0x00000048c8afc7b0 mode 2
Event: 6.683 Thread 0x000001ccabcee930 Uncommon trap: trap_request=0xffffffc6 fr.pc=0x000001cc9b4d6e24 relative=0x0000000000000e04
Event: 6.683 Thread 0x000001ccabcee930 Uncommon trap: reason=bimorphic_or_optimized_type_check action=maybe_recompile pc=0x000001cc9b4d6e24 method=java.util.Properties$LineReader.readLine()I @ 479 c2
Event: 6.683 Thread 0x000001ccabcee930 DEOPT PACKING pc=0x000001cc9b4d6e24 sp=0x00000048c8af8d40
Event: 6.684 Thread 0x000001ccabcee930 DEOPT UNPACKING pc=0x000001cc9aea66a3 sp=0x00000048c8af8cd0 mode 2
Event: 6.699 Thread 0x000001ccabcee930 Uncommon trap: trap_request=0xffffff45 fr.pc=0x000001cc9b42b630 relative=0x0000000000000e90
Event: 6.699 Thread 0x000001ccabcee930 Uncommon trap: reason=unstable_if action=reinterpret pc=0x000001cc9b42b630 method=lombok.patcher.PatchScript.classMatches(Ljava/lang/String;Ljava/util/Collection;)Z @ 25 c2
Event: 6.699 Thread 0x000001ccabcee930 DEOPT PACKING pc=0x000001cc9b42b630 sp=0x00000048c8af6df0
Event: 6.699 Thread 0x000001ccabcee930 DEOPT UNPACKING pc=0x000001cc9aea66a3 sp=0x00000048c8af6db0 mode 2
Event: 6.879 Thread 0x000001ccabcee930 Uncommon trap: trap_request=0xffffff45 fr.pc=0x000001cc9b4c74a4 relative=0x0000000000001084
Event: 6.879 Thread 0x000001ccabcee930 Uncommon trap: reason=unstable_if action=reinterpret pc=0x000001cc9b4c74a4 method=java.util.Properties.loadConvert([CIILjava/lang/StringBuilder;)Ljava/lang/String; @ 491 c2
Event: 6.879 Thread 0x000001ccabcee930 DEOPT PACKING pc=0x000001cc9b4c74a4 sp=0x00000048c8af7b10
Event: 6.879 Thread 0x000001ccabcee930 DEOPT UNPACKING pc=0x000001cc9aea66a3 sp=0x00000048c8af7af0 mode 2
Event: 6.880 Thread 0x000001ccabcee930 Uncommon trap: trap_request=0xffffffc6 fr.pc=0x000001cc9b4d6e24 relative=0x0000000000000e04
Event: 6.880 Thread 0x000001ccabcee930 Uncommon trap: reason=bimorphic_or_optimized_type_check action=maybe_recompile pc=0x000001cc9b4d6e24 method=java.util.Properties$LineReader.readLine()I @ 479 c2
Event: 6.880 Thread 0x000001ccabcee930 DEOPT PACKING pc=0x000001cc9b4d6e24 sp=0x00000048c8af7b40
Event: 6.880 Thread 0x000001ccabcee930 DEOPT UNPACKING pc=0x000001cc9aea66a3 sp=0x00000048c8af7ad0 mode 2

Classes unloaded (7 events):
Event: 6.920 Thread 0x000001cca9bf14b0 Unloading class 0x0000000100248400 'java/lang/invoke/LambdaForm$MH+0x0000000100248400'
Event: 6.920 Thread 0x000001cca9bf14b0 Unloading class 0x0000000100248000 'java/lang/invoke/LambdaForm$MH+0x0000000100248000'
Event: 6.920 Thread 0x000001cca9bf14b0 Unloading class 0x0000000100247c00 'java/lang/invoke/LambdaForm$MH+0x0000000100247c00'
Event: 6.921 Thread 0x000001cca9bf14b0 Unloading class 0x0000000100247800 'java/lang/invoke/LambdaForm$MH+0x0000000100247800'
Event: 6.921 Thread 0x000001cca9bf14b0 Unloading class 0x0000000100247400 'java/lang/invoke/LambdaForm$BMH+0x0000000100247400'
Event: 6.921 Thread 0x000001cca9bf14b0 Unloading class 0x0000000100247000 'java/lang/invoke/LambdaForm$DMH+0x0000000100247000'
Event: 6.921 Thread 0x000001cca9bf14b0 Unloading class 0x0000000100244400 'java/lang/invoke/LambdaForm$DMH+0x0000000100244400'

Classes redefined (0 events):
No events

Internal exceptions (20 events):
Event: 4.261 Thread 0x000001ccabcee930 Exception <a 'java/lang/NoSuchMethodError'{0x00000000ec398d68}: 'java.lang.Object java.lang.invoke.DirectMethodHandle$Holder.invokeSpecial(java.lang.Object, java.lang.Object, java.lang.Object, int, java.lang.Object)'> (0x00000000ec398d68) 
thrown [s\src\hotspot\share\interpreter\linkResolver.cpp, line 759]
Event: 4.435 Thread 0x000001ccabcee930 Exception <a 'java/lang/ClassNotFoundException'{0x00000000ead629c8}: sun/util/logging/resources/spi/loggingProvider> (0x00000000ead629c8) 
thrown [s\src\hotspot\share\classfile\systemDictionary.cpp, line 256]
Event: 5.455 Thread 0x000001ccabcee930 Exception <a 'java/lang/NullPointerException'{0x00000000ec2708f8}> (0x00000000ec2708f8) 
thrown [s\src\hotspot\share\interpreter\linkResolver.cpp, line 1350]
Event: 5.455 Thread 0x000001ccabcee930 Exception <a 'java/lang/NullPointerException'{0x00000000ec270bd0}> (0x00000000ec270bd0) 
thrown [s\src\hotspot\share\interpreter\linkResolver.cpp, line 1350]
Event: 6.007 Thread 0x000001ccabcee930 Exception <a 'java/io/FileNotFoundException'{0x00000000eb54a9f8}> (0x00000000eb54a9f8) 
thrown [s\src\hotspot\share\prims\jni.cpp, line 516]
Event: 6.249 Thread 0x000001ccabcee930 Exception <a 'java/lang/NoSuchMethodError'{0x00000000eb8dfaf0}: 'java.lang.Object java.lang.invoke.Invokers$Holder.invokeExact_MT(java.lang.Object, java.lang.Object, java.lang.Object, java.lang.Object, java.lang.Object, java.lang.Object)'> (0x00000000eb8dfaf0) 
thrown [s\src\hotspot\share\interpreter\linkResolver.cpp, line 759]
Event: 6.356 Thread 0x000001ccabcee930 Exception <a 'java/lang/NoSuchMethodError'{0x00000000eba1db50}: 'java.lang.Object java.lang.invoke.Invokers$Holder.linkToTargetMethod(java.lang.Object, long, java.lang.Object)'> (0x00000000eba1db50) 
thrown [s\src\hotspot\share\interpreter\linkResolver.cpp, line 759]
Event: 6.570 Thread 0x000001ccabcee930 Exception <a 'java/lang/NoSuchMethodError'{0x00000000ebd3b4d0}: 'void java.lang.invoke.DirectMethodHandle$Holder.invokeInterface(java.lang.Object, java.lang.Object, java.lang.Object)'> (0x00000000ebd3b4d0) 
thrown [s\src\hotspot\share\interpreter\linkResolver.cpp, line 759]
Event: 6.687 Thread 0x000001ccabcee930 Exception <a 'java/lang/NoSuchMethodError'{0x00000000ec0b6628}: 'void java.lang.invoke.DirectMethodHandle$Holder.invokeVirtual(java.lang.Object, java.lang.Object)'> (0x00000000ec0b6628) 
thrown [s\src\hotspot\share\interpreter\linkResolver.cpp, line 759]
Event: 6.723 Thread 0x000001ccabcee930 Exception <a 'java/lang/NoSuchMethodError'{0x00000000ec1cc6e0}: 'java.lang.Object java.lang.invoke.DirectMethodHandle$Holder.invokeStatic(java.lang.Object, java.lang.Object, int)'> (0x00000000ec1cc6e0) 
thrown [s\src\hotspot\share\interpreter\linkResolver.cpp, line 759]
Event: 6.725 Thread 0x000001ccabcee930 Exception <a 'java/lang/NoSuchMethodError'{0x00000000ec1d1290}: 'void java.lang.invoke.DirectMethodHandle$Holder.invokeStatic(java.lang.Object, java.lang.Object, int, java.lang.Object)'> (0x00000000ec1d1290) 
thrown [s\src\hotspot\share\interpreter\linkResolver.cpp, line 759]
Event: 6.726 Thread 0x000001ccabcee930 Exception <a 'java/lang/NoSuchMethodError'{0x00000000ec1d87a0}: 'void java.lang.invoke.DelegatingMethodHandle$Holder.delegate(java.lang.Object, java.lang.Object, int, java.lang.Object)'> (0x00000000ec1d87a0) 
thrown [s\src\hotspot\share\interpreter\linkResolver.cpp, line 759]
Event: 6.727 Thread 0x000001ccabcee930 Exception <a 'java/lang/NoSuchMethodError'{0x00000000ec1dcb88}: 'int java.lang.invoke.DirectMethodHandle$Holder.invokeSpecial(java.lang.Object, java.lang.Object, java.lang.Object)'> (0x00000000ec1dcb88) 
thrown [s\src\hotspot\share\interpreter\linkResolver.cpp, line 759]
Event: 6.730 Thread 0x000001ccabcee930 Exception <a 'java/lang/NoSuchMethodError'{0x00000000ec1ee270}: 'int java.lang.invoke.DirectMethodHandle$Holder.invokeStatic(java.lang.Object, java.lang.Object, int)'> (0x00000000ec1ee270) 
thrown [s\src\hotspot\share\interpreter\linkResolver.cpp, line 759]
Event: 6.731 Thread 0x000001ccabcee930 Exception <a 'java/lang/NoSuchMethodError'{0x00000000ec1f2320}: 'int java.lang.invoke.DirectMethodHandle$Holder.invokeSpecial(java.lang.Object, java.lang.Object, java.lang.Object, int)'> (0x00000000ec1f2320) 
thrown [s\src\hotspot\share\interpreter\linkResolver.cpp, line 759]
Event: 6.735 Thread 0x000001ccabcee930 Exception <a 'java/lang/NoSuchMethodError'{0x00000000ec20df50}: 'java.lang.Object java.lang.invoke.DirectMethodHandle$Holder.invokeStatic(java.lang.Object, java.lang.Object, java.lang.Object, java.lang.Object, int)'> (0x00000000ec20df50) 
thrown [s\src\hotspot\share\interpreter\linkResolver.cpp, line 759]
Event: 6.736 Thread 0x000001ccabcee930 Exception <a 'java/lang/NoSuchMethodError'{0x00000000ec219ee0}: 'java.lang.Object java.lang.invoke.DelegatingMethodHandle$Holder.reinvoke_L(java.lang.Object, java.lang.Object, java.lang.Object, java.lang.Object, int, int)'> (0x00000000ec219ee0) 
thrown [s\src\hotspot\share\interpreter\linkResolver.cpp, line 759]
Event: 6.740 Thread 0x000001ccabcee930 Exception <a 'java/lang/NoSuchMethodError'{0x00000000ec22e960}: 'java.lang.Object java.lang.invoke.Invokers$Holder.invokeExact_MT(java.lang.Object, java.lang.Object, java.lang.Object, java.lang.Object)'> (0x00000000ec22e960) 
thrown [s\src\hotspot\share\interpreter\linkResolver.cpp, line 759]
Event: 6.900 Thread 0x000001ccabcee930 Exception <a 'java/io/FileNotFoundException'{0x00000000eabcf930}> (0x00000000eabcf930) 
thrown [s\src\hotspot\share\prims\jni.cpp, line 516]
Event: 6.902 Thread 0x000001ccabcee930 Exception <a 'java/io/FileNotFoundException'{0x00000000eac2c090}> (0x00000000eac2c090) 
thrown [s\src\hotspot\share\prims\jni.cpp, line 516]

VM Operations (20 events):
Event: 4.367 Executing VM operation: HandshakeAllThreads
Event: 4.367 Executing VM operation: HandshakeAllThreads done
Event: 4.462 Executing VM operation: HandshakeAllThreads
Event: 4.462 Executing VM operation: HandshakeAllThreads done
Event: 4.508 Executing VM operation: HandshakeAllThreads
Event: 4.508 Executing VM operation: HandshakeAllThreads done
Event: 5.449 Executing VM operation: HandshakeAllThreads
Event: 5.449 Executing VM operation: HandshakeAllThreads done
Event: 5.449 Executing VM operation: Cleanup
Event: 5.450 Executing VM operation: Cleanup done
Event: 5.520 Executing VM operation: ParallelGCFailedAllocation
Event: 5.529 Executing VM operation: ParallelGCFailedAllocation done
Event: 6.531 Executing VM operation: Cleanup
Event: 6.532 Executing VM operation: Cleanup done
Event: 6.722 Executing VM operation: HandshakeAllThreads
Event: 6.722 Executing VM operation: HandshakeAllThreads done
Event: 6.866 Executing VM operation: ParallelGCFailedAllocation
Event: 6.873 Executing VM operation: ParallelGCFailedAllocation done
Event: 6.910 Executing VM operation: CollectForMetadataAllocation
Event: 6.956 Executing VM operation: CollectForMetadataAllocation done

Events (20 events):
Event: 6.720 loading class java/lang/invoke/MethodHandleImpl$ArrayAccessor
Event: 6.721 loading class java/lang/invoke/MethodHandleImpl$ArrayAccessor done
Event: 6.721 loading class java/lang/invoke/MethodHandleImpl$ArrayAccessor$1
Event: 6.721 loading class java/lang/invoke/MethodHandleImpl$ArrayAccessor$1 done
Event: 6.721 loading class java/lang/ClassValue$ClassValueMap
Event: 6.721 loading class java/lang/ClassValue$ClassValueMap done
Event: 6.729 loading class sun/invoke/util/ValueConversions$WrapperCache
Event: 6.729 loading class sun/invoke/util/ValueConversions$WrapperCache done
Event: 6.730 loading class sun/invoke/util/ValueConversions$1
Event: 6.730 loading class sun/invoke/util/ValueConversions$1 done
Event: 6.731 loading class java/lang/invoke/BoundMethodHandle$Species_LI
Event: 6.731 loading class java/lang/invoke/BoundMethodHandle$Species_LI done
Event: 6.731 loading class java/lang/invoke/ClassSpecializer$Factory$1Var
Event: 6.732 loading class java/lang/invoke/ClassSpecializer$Factory$1Var done
Event: 6.854 loading class java/lang/invoke/MethodHandle$1
Event: 6.854 loading class java/lang/invoke/MethodHandle$1 done
Event: 6.875 loading class java/lang/IllegalCallerException
Event: 6.875 loading class java/lang/IllegalCallerException done
Event: 6.891 loading class java/util/function/IntFunction
Event: 6.892 loading class java/util/function/IntFunction done


Dynamic libraries:
0x00007ff7c7a00000 - 0x00007ff7c7a0e000 	c:\Users\Administrator\.vscode\extensions\redhat.java-1.27.0-win32-x64\jre\17.0.10-win32-x86_64\bin\java.exe
0x00007ffdaf070000 - 0x00007ffdaf287000 	C:\WINDOWS\SYSTEM32\ntdll.dll
0x00007ffdae6f0000 - 0x00007ffdae7b4000 	C:\WINDOWS\System32\KERNEL32.DLL
0x00007ffdac7d0000 - 0x00007ffdacb76000 	C:\WINDOWS\System32\KERNELBASE.dll
0x00007ffdacbb0000 - 0x00007ffdaccc1000 	C:\WINDOWS\System32\ucrtbase.dll
0x00007ffda2c50000 - 0x00007ffda2c67000 	c:\Users\Administrator\.vscode\extensions\redhat.java-1.27.0-win32-x64\jre\17.0.10-win32-x86_64\bin\jli.dll
0x00007ffdad1b0000 - 0x00007ffdad35e000 	C:\WINDOWS\System32\USER32.dll
0x00007ffdacb80000 - 0x00007ffdacba6000 	C:\WINDOWS\System32\win32u.dll
0x00007ffdae580000 - 0x00007ffdae5a9000 	C:\WINDOWS\System32\GDI32.dll
0x00007ffdac480000 - 0x00007ffdac598000 	C:\WINDOWS\System32\gdi32full.dll
0x00007ffdac3b0000 - 0x00007ffdac44a000 	C:\WINDOWS\System32\msvcp_win.dll
0x00007ffda2df0000 - 0x00007ffda2e0b000 	c:\Users\Administrator\.vscode\extensions\redhat.java-1.27.0-win32-x64\jre\17.0.10-win32-x86_64\bin\VCRUNTIME140.dll
0x00007ffd969f0000 - 0x00007ffd96c83000 	C:\WINDOWS\WinSxS\amd64_microsoft.windows.common-controls_6595b64144ccf1df_6.0.22621.2506_none_270c5ae97388e100\COMCTL32.dll
0x00007ffdad000000 - 0x00007ffdad0a7000 	C:\WINDOWS\System32\msvcrt.dll
0x00007ffdae5c0000 - 0x00007ffdae5f1000 	C:\WINDOWS\System32\IMM32.DLL
0x00007ffda4840000 - 0x00007ffda484c000 	c:\Users\Administrator\.vscode\extensions\redhat.java-1.27.0-win32-x64\jre\17.0.10-win32-x86_64\bin\vcruntime140_1.dll
0x00007ffd8b850000 - 0x00007ffd8b8dd000 	c:\Users\Administrator\.vscode\extensions\redhat.java-1.27.0-win32-x64\jre\17.0.10-win32-x86_64\bin\msvcp140.dll
0x00007ffd51a70000 - 0x00007ffd526d2000 	c:\Users\Administrator\.vscode\extensions\redhat.java-1.27.0-win32-x64\jre\17.0.10-win32-x86_64\bin\server\jvm.dll
0x00007ffdacec0000 - 0x00007ffdacf73000 	C:\WINDOWS\System32\ADVAPI32.dll
0x00007ffdaed40000 - 0x00007ffdaede8000 	C:\WINDOWS\System32\sechost.dll
0x00007ffdac450000 - 0x00007ffdac478000 	C:\WINDOWS\System32\bcrypt.dll
0x00007ffdaddf0000 - 0x00007ffdadf07000 	C:\WINDOWS\System32\RPCRT4.dll
0x00007ffdac280000 - 0x00007ffdac2cd000 	C:\WINDOWS\SYSTEM32\POWRPROF.dll
0x00007ffda4640000 - 0x00007ffda4649000 	C:\WINDOWS\SYSTEM32\WSOCK32.dll
0x00007ffdadd70000 - 0x00007ffdadde1000 	C:\WINDOWS\System32\WS2_32.dll
0x00007ffd9a2c0000 - 0x00007ffd9a2ca000 	C:\WINDOWS\SYSTEM32\VERSION.dll
0x00007ffda1dc0000 - 0x00007ffda1df4000 	C:\WINDOWS\SYSTEM32\WINMM.dll
0x00007ffdac260000 - 0x00007ffdac273000 	C:\WINDOWS\SYSTEM32\UMPDC.dll
0x00007ffdab3a0000 - 0x00007ffdab3b8000 	C:\WINDOWS\SYSTEM32\kernel.appcore.dll
0x00007ffda2bc0000 - 0x00007ffda2bca000 	c:\Users\Administrator\.vscode\extensions\redhat.java-1.27.0-win32-x64\jre\17.0.10-win32-x86_64\bin\jimage.dll
0x00007ffda6c40000 - 0x00007ffda6e73000 	C:\WINDOWS\SYSTEM32\DBGHELP.DLL
0x00007ffdae920000 - 0x00007ffdaeca9000 	C:\WINDOWS\System32\combase.dll
0x00007ffdadf10000 - 0x00007ffdadfe7000 	C:\WINDOWS\System32\OLEAUT32.dll
0x00007ffd8bae0000 - 0x00007ffd8bb12000 	C:\WINDOWS\SYSTEM32\dbgcore.DLL
0x00007ffdacd40000 - 0x00007ffdacdba000 	C:\WINDOWS\System32\bcryptPrimitives.dll
0x00007ffda29b0000 - 0x00007ffda29be000 	c:\Users\Administrator\.vscode\extensions\redhat.java-1.27.0-win32-x64\jre\17.0.10-win32-x86_64\bin\instrument.dll
0x00007ffd9dff0000 - 0x00007ffd9e015000 	c:\Users\Administrator\.vscode\extensions\redhat.java-1.27.0-win32-x64\jre\17.0.10-win32-x86_64\bin\java.dll
0x00007ffd9f4d0000 - 0x00007ffd9f4e8000 	c:\Users\Administrator\.vscode\extensions\redhat.java-1.27.0-win32-x64\jre\17.0.10-win32-x86_64\bin\zip.dll
0x00007ffdad360000 - 0x00007ffdadbba000 	C:\WINDOWS\System32\SHELL32.dll
0x00007ffdaa2b0000 - 0x00007ffdaaba6000 	C:\WINDOWS\SYSTEM32\windows.storage.dll
0x00007ffdaa170000 - 0x00007ffdaa2ae000 	C:\WINDOWS\SYSTEM32\wintypes.dll
0x00007ffdacdc0000 - 0x00007ffdaceb3000 	C:\WINDOWS\System32\SHCORE.dll
0x00007ffdae690000 - 0x00007ffdae6ee000 	C:\WINDOWS\System32\shlwapi.dll
0x00007ffdac2e0000 - 0x00007ffdac306000 	C:\WINDOWS\SYSTEM32\profapi.dll
0x00007ffd9f470000 - 0x00007ffd9f489000 	C:\Users\Administrator\.vscode\extensions\redhat.java-1.27.0-win32-x64\jre\17.0.10-win32-x86_64\bin\net.dll
0x00007ffda29e0000 - 0x00007ffda2b17000 	C:\WINDOWS\SYSTEM32\WINHTTP.dll
0x00007ffdab810000 - 0x00007ffdab879000 	C:\WINDOWS\system32\mswsock.dll
0x00007ffd967a0000 - 0x00007ffd967b6000 	C:\Users\Administrator\.vscode\extensions\redhat.java-1.27.0-win32-x64\jre\17.0.10-win32-x86_64\bin\nio.dll
0x00007ffda28c0000 - 0x00007ffda28d0000 	c:\Users\Administrator\.vscode\extensions\redhat.java-1.27.0-win32-x64\jre\17.0.10-win32-x86_64\bin\verify.dll
0x00007ffd90290000 - 0x00007ffd902ce000 	C:\Users\Administrator\AppData\Roaming\Code\User\globalStorage\redhat.java\1.27.0\config_win\org.eclipse.equinox.launcher\org.eclipse.equinox.launcher.win32.win32.x86_64_1.2.900.v20240129-1338\eclipse_11900.dll
0x00007ffdadbd0000 - 0x00007ffdadd70000 	C:\WINDOWS\System32\ole32.dll

dbghelp: loaded successfully - version: 4.0.5 - missing functions: none
symbol engine: initialized successfully - sym options: 0x614 - pdb path: .;c:\Users\Administrator\.vscode\extensions\redhat.java-1.27.0-win32-x64\jre\17.0.10-win32-x86_64\bin;C:\WINDOWS\SYSTEM32;C:\WINDOWS\WinSxS\amd64_microsoft.windows.common-controls_6595b64144ccf1df_6.0.22621.2506_none_270c5ae97388e100;c:\Users\Administrator\.vscode\extensions\redhat.java-1.27.0-win32-x64\jre\17.0.10-win32-x86_64\bin\server;C:\Users\Administrator\AppData\Roaming\Code\User\globalStorage\redhat.java\1.27.0\config_win\org.eclipse.equinox.launcher\org.eclipse.equinox.launcher.win32.win32.x86_64_1.2.900.v20240129-1338

VM Arguments:
jvm_args: --add-modules=ALL-SYSTEM --add-opens=java.base/java.util=ALL-UNNAMED --add-opens=java.base/java.lang=ALL-UNNAMED --add-opens=java.base/sun.nio.fs=ALL-UNNAMED -Declipse.application=org.eclipse.jdt.ls.core.id1 -Dosgi.bundles.defaultStartLevel=4 -Declipse.product=org.eclipse.jdt.ls.core.product -Djava.import.generatesMetadataFilesAtProjectRoot=false -DDetectVMInstallationsJob.disabled=true -Dfile.encoding=utf8 -XX:+UseParallelGC -XX:GCTimeRatio=4 -XX:AdaptiveSizePolicyWeight=90 -Dsun.zip.disableMemoryMapping=true -Xmx1G -Xms100m -Xlog:disable -javaagent:c:\Users\Administrator\.vscode\extensions\redhat.java-1.27.0-win32-x64\lombok\lombok-1.18.31.jar -XX:+HeapDumpOnOutOfMemoryError -XX:HeapDumpPath=c:\Users\Administrator\AppData\Roaming\Code\User\workspaceStorage\92cf630d5520cf9d494fd4302ee3fba9\redhat.java -Daether.dependencyCollector.impl=bf 
java_command: c:\Users\Administrator\.vscode\extensions\redhat.java-1.27.0-win32-x64\server\plugins\org.eclipse.equinox.launcher_1.6.700.v20231214-2017.jar -configuration c:\Users\Administrator\AppData\Roaming\Code\User\globalStorage\redhat.java\1.27.0\config_win -data c:\Users\Administrator\AppData\Roaming\Code\User\workspaceStorage\92cf630d5520cf9d494fd4302ee3fba9\redhat.java\jdt_ws --stdio
java_class_path (initial): c:\Users\Administrator\.vscode\extensions\redhat.java-1.27.0-win32-x64\server\plugins\org.eclipse.equinox.launcher_1.6.700.v20231214-2017.jar
Launcher Type: SUN_STANDARD

[Global flags]
    uintx AdaptiveSizePolicyWeight                 = 90                                        {product} {command line}
     intx CICompilerCount                          = 4                                         {product} {ergonomic}
    uintx GCTimeRatio                              = 4                                         {product} {command line}
     bool HeapDumpOnOutOfMemoryError               = true                                   {manageable} {command line}
    ccstr HeapDumpPath                             = c:\Users\Administrator\AppData\Roaming\Code\User\workspaceStorage\92cf630d5520cf9d494fd4302ee3fba9\redhat.java         {manageable} {command line}
   size_t InitialHeapSize                          = 104857600                                 {product} {command line}
   size_t MaxHeapSize                              = 1073741824                                {product} {command line}
   size_t MaxNewSize                               = 357564416                                 {product} {ergonomic}
   size_t MinHeapDeltaBytes                        = 524288                                    {product} {ergonomic}
   size_t MinHeapSize                              = 104857600                                 {product} {command line}
   size_t NewSize                                  = 34603008                                  {product} {ergonomic}
    uintx NonNMethodCodeHeapSize                   = 5839372                                {pd product} {ergonomic}
    uintx NonProfiledCodeHeapSize                  = 122909434                              {pd product} {ergonomic}
   size_t OldSize                                  = 70254592                                  {product} {ergonomic}
    uintx ProfiledCodeHeapSize                     = 122909434                              {pd product} {ergonomic}
    uintx ReservedCodeCacheSize                    = 251658240                              {pd product} {ergonomic}
     bool SegmentedCodeCache                       = true                                      {product} {ergonomic}
   size_t SoftMaxHeapSize                          = 1073741824                             {manageable} {ergonomic}
     bool UseCompressedClassPointers               = true                           {product lp64_product} {ergonomic}
     bool UseCompressedOops                        = true                           {product lp64_product} {ergonomic}
     bool UseLargePagesIndividualAllocation        = false                                  {pd product} {ergonomic}
     bool UseParallelGC                            = true                                      {product} {command line}

Logging:
Log output configuration:
 #0: stdout all=off uptime,level,tags
 #1: stderr all=off uptime,level,tags

Environment Variables:
PATH=C:\Program Files\Common Files\Oracle\Java\javapath;C:\Program Files (x86)\Common Files\Oracle\Java\javapath;C:\WINDOWS\system32;C:\WINDOWS;C:\WINDOWS\System32\Wbem;C:\WINDOWS\System32\WindowsPowerShell\v1.0\;C:\WINDOWS\System32\OpenSSH\;C:\Program Files\dotnet\;C:\Users\Administrator\AppData\Local\Microsoft\WindowsApps;C:\Users\Administrator\AppData\Local\Programs\Microsoft VS Code\bin;C:\MinGW\bin;C:\Users\Administrator\.dotnet\tools
USERNAME=Administrator
OS=Windows_NT
PROCESSOR_IDENTIFIER=Intel64 Family 6 Model 142 Stepping 10, GenuineIntel
TMP=C:\Users\ADMINI~1\AppData\Local\Temp
TEMP=C:\Users\ADMINI~1\AppData\Local\Temp



Periodic native trim disabled


---------------  S Y S T E M  ---------------

OS:
 Windows 11 , 64 bit Build 22621 (10.0.22621.2506)
OS uptime: 0 days 6:27 hours
Hyper-V role detected

CPU: total 8 (initial active 8) (4 cores per cpu, 2 threads per core) family 6 model 142 stepping 10 microcode 0xf4, cx8, cmov, fxsr, ht, mmx, 3dnowpref, sse, sse2, sse3, ssse3, sse4.1, sse4.2, popcnt, lzcnt, tsc, tscinvbit, avx, avx2, aes, erms, clmul, bmi1, bmi2, adx, fma, vzeroupper, clflush, clflushopt, hv
Processor Information for all 8 processors :
  Max Mhz: 1800, Current Mhz: 1600, Mhz Limit: 1584

Memory: 4k page, system-wide physical 8035M (1701M free)
TotalPageFile size 8035M (AvailPageFile size 183M)
current process WorkingSet (physical memory assigned to process): 115M, peak: 115M
current process commit charge ("private bytes"): 218M, peak: 221M

vm_info: OpenJDK 64-Bit Server VM (17.0.10+7) for windows-amd64 JRE (17.0.10+7), built on Jan 16 2024 23:25:11 by "admin" with MS VC++ 16.10 / 16.11 (VS2019)

END.
