#
# There is insufficient memory for the Java Runtime Environment to continue.
# Native memory allocation (malloc) failed to allocate 1104064 bytes for Chunk::new
# Possible reasons:
#   The system is out of physical RAM or swap space
#   The process is running with CompressedOops enabled, and the Java Heap may be blocking the growth of the native heap
# Possible solutions:
#   Reduce memory load on the system
#   Increase physical memory or swap space
#   Check if swap backing store is full
#   Decrease Java heap size (-Xmx/-Xms)
#   Decrease number of Java threads
#   Decrease Java thread stack sizes (-Xss)
#   Set larger code cache with -XX:ReservedCodeCacheSize=
#   JVM is running with Unscaled Compressed Oops mode in which the Java heap is
#     placed in the first 4GB address space. The Java Heap base address is the
#     maximum limit for the native heap growth. Please use -XX:HeapBaseMinAddress
#     to set the Java Heap base and to place the Java Heap above 4GB virtual address.
# This output file may be truncated or incomplete.
#
#  Out of Memory Error (arena.cpp:191), pid=8740, tid=16136
#
# JRE version: OpenJDK Runtime Environment Temurin-17.0.10+7 (17.0.10+7) (build 17.0.10+7)
# Java VM: OpenJDK 64-Bit Server VM Temurin-17.0.10+7 (17.0.10+7, mixed mode, tiered, compressed oops, compressed class ptrs, parallel gc, windows-amd64)
# No core dump will be written. Minidumps are not enabled by default on client versions of Windows
#

---------------  S U M M A R Y ------------

Command Line: --add-modules=ALL-SYSTEM --add-opens=java.base/java.util=ALL-UNNAMED --add-opens=java.base/java.lang=ALL-UNNAMED --add-opens=java.base/sun.nio.fs=ALL-UNNAMED -Declipse.application=org.eclipse.jdt.ls.core.id1 -Dosgi.bundles.defaultStartLevel=4 -Declipse.product=org.eclipse.jdt.ls.core.product -Djava.import.generatesMetadataFilesAtProjectRoot=false -DDetectVMInstallationsJob.disabled=true -Dfile.encoding=utf8 -XX:+UseParallelGC -XX:GCTimeRatio=4 -XX:AdaptiveSizePolicyWeight=90 -Dsun.zip.disableMemoryMapping=true -Xmx1G -Xms100m -Xlog:disable -javaagent:c:\Users\Administrator\.vscode\extensions\redhat.java-1.27.0-win32-x64\lombok\lombok-1.18.31.jar c:\Users\Administrator\.vscode\extensions\redhat.java-1.27.0-win32-x64\server\plugins\org.eclipse.equinox.launcher_1.6.700.v20231214-2017.jar -configuration c:\Users\Administrator\AppData\Roaming\Code\User\globalStorage\redhat.java\1.27.0\config_ss_win -data c:\Users\Administrator\AppData\Roaming\Code\User\workspaceStorage\92cf630d5520cf9d494fd4302ee3fba9\redhat.java\ss_ws --stdio

Host: Intel(R) Core(TM) i5-8250U CPU @ 1.60GHz, 8 cores, 7G,  Windows 11 , 64 bit Build 22621 (10.0.22621.2506)
Time: Sat Feb  3 13:13:43 2024 E. Africa Standard Time elapsed time: 5.793513 seconds (0d 0h 0m 5s)

---------------  T H R E A D  ---------------

Current thread (0x000002884d7d96c0):  JavaThread "C2 CompilerThread0" daemon [_thread_in_native, id=16136, stack(0x000000f399600000,0x000000f399700000)]


Current CompileTask:
C2:   5793 3628       4       org.eclipse.jdt.internal.core.JarPackageFragmentRoot::initRawPackageInfo (349 bytes)

Stack: [0x000000f399600000,0x000000f399700000]
Native frames: (J=compiled Java code, j=interpreted, Vv=VM code, C=native code)
V  [jvm.dll+0x67d2c9]
V  [jvm.dll+0x834afa]
V  [jvm.dll+0x8365be]
V  [jvm.dll+0x836c23]
V  [jvm.dll+0x2477ff]
V  [jvm.dll+0xac514]
V  [jvm.dll+0xacb5c]
V  [jvm.dll+0x3667d7]
V  [jvm.dll+0x1bcf72]
V  [jvm.dll+0x21a049]
V  [jvm.dll+0x219311]
V  [jvm.dll+0x1a502d]
V  [jvm.dll+0x2290de]
V  [jvm.dll+0x2272ac]
V  [jvm.dll+0x7e9bb7]
V  [jvm.dll+0x7e3fba]
V  [jvm.dll+0x67c1b5]
C  [ucrtbase.dll+0x29363]
C  [KERNEL32.DLL+0x1257d]
C  [ntdll.dll+0x5aa58]


---------------  P R O C E S S  ---------------

Threads class SMR info:
_java_thread_list=0x00000288502b0a30, length=28, elements={
0x000002883488da00, 0x000002883493bef0, 0x000002883493c9c0, 0x000002884d7d0020,
0x000002884d7d08f0, 0x000002884d7d71e0, 0x000002884d7d7ab0, 0x000002884d7d96c0,
0x000002884d7d9fd0, 0x000002884d7da8e0, 0x000002884d93fbd0, 0x000002884db32e70,
0x000002884f15e080, 0x000002884f598010, 0x000002884f1fe850, 0x000002884f285dd0,
0x000002884f3ac830, 0x000002884f17f4a0, 0x000002884f17e060, 0x000002884f17e570,
0x000002884db6e670, 0x000002884f17f9b0, 0x000002884f17ea80, 0x000002884f44c880,
0x000002884f44f100, 0x000002884f814c60, 0x000002884f4490d0, 0x000002884f449af0
}

Java Threads: ( => current thread )
  0x000002883488da00 JavaThread "main" [_thread_blocked, id=10752, stack(0x000000f398d00000,0x000000f398e00000)]
  0x000002883493bef0 JavaThread "Reference Handler" daemon [_thread_blocked, id=15848, stack(0x000000f399000000,0x000000f399100000)]
  0x000002883493c9c0 JavaThread "Finalizer" daemon [_thread_blocked, id=11828, stack(0x000000f399100000,0x000000f399200000)]
  0x000002884d7d0020 JavaThread "Signal Dispatcher" daemon [_thread_blocked, id=3204, stack(0x000000f399200000,0x000000f399300000)]
  0x000002884d7d08f0 JavaThread "Attach Listener" daemon [_thread_blocked, id=15576, stack(0x000000f399300000,0x000000f399400000)]
  0x000002884d7d71e0 JavaThread "Service Thread" daemon [_thread_blocked, id=5012, stack(0x000000f399400000,0x000000f399500000)]
  0x000002884d7d7ab0 JavaThread "Monitor Deflation Thread" daemon [_thread_blocked, id=14084, stack(0x000000f399500000,0x000000f399600000)]
=>0x000002884d7d96c0 JavaThread "C2 CompilerThread0" daemon [_thread_in_native, id=16136, stack(0x000000f399600000,0x000000f399700000)]
  0x000002884d7d9fd0 JavaThread "C1 CompilerThread0" daemon [_thread_blocked, id=10424, stack(0x000000f399700000,0x000000f399800000)]
  0x000002884d7da8e0 JavaThread "Sweeper thread" daemon [_thread_blocked, id=3028, stack(0x000000f399800000,0x000000f399900000)]
  0x000002884d93fbd0 JavaThread "Common-Cleaner" daemon [_thread_blocked, id=14308, stack(0x000000f399900000,0x000000f399a00000)]
  0x000002884db32e70 JavaThread "Notification Thread" daemon [_thread_blocked, id=7412, stack(0x000000f399a00000,0x000000f399b00000)]
  0x000002884f15e080 JavaThread "Active Thread: Equinox Container: 96cae0ac-a574-48ab-b71f-a9383b7351fc" [_thread_blocked, id=1400, stack(0x000000f399d00000,0x000000f399e00000)]
  0x000002884f598010 JavaThread "Framework Event Dispatcher: Equinox Container: 96cae0ac-a574-48ab-b71f-a9383b7351fc" daemon [_thread_blocked, id=14632, stack(0x000000f39a400000,0x000000f39a500000)]
  0x000002884f1fe850 JavaThread "Start Level: Equinox Container: 96cae0ac-a574-48ab-b71f-a9383b7351fc" daemon [_thread_blocked, id=15436, stack(0x000000f39a500000,0x000000f39a600000)]
  0x000002884f285dd0 JavaThread "SCR Component Actor" daemon [_thread_blocked, id=9260, stack(0x000000f39a600000,0x000000f39a700000)]
  0x000002884f3ac830 JavaThread "SCR Component Registry" daemon [_thread_blocked, id=9724, stack(0x000000f39a800000,0x000000f39a900000)]
  0x000002884f17f4a0 JavaThread "Worker-JM" [_thread_blocked, id=9860, stack(0x000000f39a900000,0x000000f39aa00000)]
  0x000002884f17e060 JavaThread "Worker-0" [_thread_blocked, id=4796, stack(0x000000f39aa00000,0x000000f39ab00000)]
  0x000002884f17e570 JavaThread "Worker-1" [_thread_blocked, id=15896, stack(0x000000f39ab00000,0x000000f39ac00000)]
  0x000002884db6e670 JavaThread "C2 CompilerThread1" daemon [_thread_in_native, id=14924, stack(0x000000f399c00000,0x000000f399d00000)]
  0x000002884f17f9b0 JavaThread "JNA Cleaner" daemon [_thread_blocked, id=2408, stack(0x000000f39ad00000,0x000000f39ae00000)]
  0x000002884f17ea80 JavaThread "pool-2-thread-1" [_thread_blocked, id=5096, stack(0x000000f39ac00000,0x000000f39ad00000)]
  0x000002884f44c880 JavaThread "WorkspaceEventsHandler" [_thread_blocked, id=9636, stack(0x000000f39b000000,0x000000f39b100000)]
  0x000002884f44f100 JavaThread "pool-1-thread-1" [_thread_in_vm, id=1064, stack(0x000000f39b100000,0x000000f39b200000)]
  0x000002884f814c60 JavaThread "C2 CompilerThread2" daemon [_thread_in_native, id=4420, stack(0x000000f39b200000,0x000000f39b300000)]
  0x000002884f4490d0 JavaThread "Worker-2: Sending build events with disabled autobuild" [_thread_blocked, id=7156, stack(0x000000f39b300000,0x000000f39b400000)]
  0x000002884f449af0 JavaThread "ForkJoinPool.commonPool-worker-1" daemon [_thread_blocked, id=9076, stack(0x000000f39b400000,0x000000f39b500000)]

Other Threads:
  0x000002884d7b14b0 VMThread "VM Thread" [stack: 0x000000f398f00000,0x000000f399000000] [id=6048]
  0x000002884d9fbca0 WatcherThread [stack: 0x000000f399b00000,0x000000f399c00000] [id=13520]
  0x00000288348a4870 GCTaskThread "GC Thread#0" [stack: 0x000000f398e00000,0x000000f398f00000] [id=13888]
  0x000002884eaa0040 GCTaskThread "GC Thread#1" [stack: 0x000000f399e00000,0x000000f399f00000] [id=15792]
  0x000002884eaa0710 GCTaskThread "GC Thread#2" [stack: 0x000000f399f00000,0x000000f39a000000] [id=15544]
  0x000002884eaa09d0 GCTaskThread "GC Thread#3" [stack: 0x000000f39a000000,0x000000f39a100000] [id=3608]
  0x000002884eaa0c90 GCTaskThread "GC Thread#4" [stack: 0x000000f39a100000,0x000000f39a200000] [id=13136]
  0x000002884f0eb9d0 GCTaskThread "GC Thread#5" [stack: 0x000000f39a200000,0x000000f39a300000] [id=9768]
  0x000002884f057e90 GCTaskThread "GC Thread#6" [stack: 0x000000f39a300000,0x000000f39a400000] [id=14152]
  0x000002884ef9f1a0 GCTaskThread "GC Thread#7" [stack: 0x000000f39a700000,0x000000f39a800000] [id=8428]

Threads with active compile tasks:
C2 CompilerThread0     5842 3628       4       org.eclipse.jdt.internal.core.JarPackageFragmentRoot::initRawPackageInfo (349 bytes)
C2 CompilerThread1     5842 3623       4       jdk.internal.jimage.ImageReader$SharedImageReader::lambda$handleModulesSubTree$1 (58 bytes)
C2 CompilerThread2     5843 3615       4       jdk.internal.jimage.ImageReader$SharedImageReader$$Lambda$220/0x00000001003cd718::visit (13 bytes)

VM state: not at safepoint (normal execution)

VM Mutex/Monitor currently owned by a thread: None

Heap address: 0x00000000c0000000, size: 1024 MB, Compressed Oops mode: 32-bit

CDS archive(s) not mapped
Compressed class space mapped at: 0x0000000100000000-0x0000000140000000, reserved size: 1073741824
Narrow klass base: 0x0000000000000000, Narrow klass shift: 3, Narrow klass range: 0x140000000

GC Precious Log:
 CPUs: 8 total, 8 available
 Memory: 8035M
 Large Page Support: Disabled
 NUMA Support: Disabled
 Compressed Oops: Enabled (32-bit)
 Alignments: Space 512K, Generation 512K, Heap 2M
 Heap Min Capacity: 100M
 Heap Initial Capacity: 100M
 Heap Max Capacity: 1G
 Pre-touch: Disabled
 Parallel Workers: 8

Heap:
 PSYoungGen      total 24576K, used 23567K [0x00000000eab00000, 0x00000000ec580000, 0x0000000100000000)
  eden space 22016K, 98% used [0x00000000eab00000,0x00000000ec01bf58,0x00000000ec080000)
  from space 2560K, 76% used [0x00000000ec300000,0x00000000ec4e8000,0x00000000ec580000)
  to   space 2560K, 0% used [0x00000000ec080000,0x00000000ec080000,0x00000000ec300000)
 ParOldGen       total 68608K, used 21529K [0x00000000c0000000, 0x00000000c4300000, 0x00000000eab00000)
  object space 68608K, 31% used [0x00000000c0000000,0x00000000c1506420,0x00000000c4300000)
 Metaspace       used 38587K, committed 39360K, reserved 1114112K
  class space    used 3940K, committed 4288K, reserved 1048576K

Card table byte_map: [0x0000028834250000,0x0000028834460000] _byte_map_base: 0x0000028833c50000

Marking Bits: (ParMarkBitMap*) 0x00007ffd5260d7d0
 Begin Bits: [0x0000028846520000, 0x0000028847520000)
 End Bits:   [0x0000028847520000, 0x0000028848520000)

Polling page: 0x0000028834040000

Metaspace:

Usage:
  Non-class:     33.84 MB used.
      Class:      3.85 MB used.
       Both:     37.68 MB used.

Virtual space:
  Non-class space:       64.00 MB reserved,      34.25 MB ( 54%) committed,  1 nodes.
      Class space:        1.00 GB reserved,       4.19 MB ( <1%) committed,  1 nodes.
             Both:        1.06 GB reserved,      38.44 MB (  4%) committed. 

Chunk freelists:
   Non-Class:  13.70 MB
       Class:  11.81 MB
        Both:  25.50 MB

MaxMetaspaceSize: unlimited
CompressedClassSpaceSize: 1.00 GB
Initial GC threshold: 21.00 MB
Current GC threshold: 58.38 MB
CDS: off
MetaspaceReclaimPolicy: balanced
 - commit_granule_bytes: 65536.
 - commit_granule_words: 8192.
 - virtual_space_node_default_size: 8388608.
 - enlarge_chunks_in_place: 1.
 - new_chunks_are_fully_committed: 0.
 - uncommit_free_chunks: 1.
 - use_allocation_guard: 0.
 - handle_deallocations: 1.


Internal statistics:

num_allocs_failed_limit: 6.
num_arena_births: 374.
num_arena_deaths: 14.
num_vsnodes_births: 2.
num_vsnodes_deaths: 0.
num_space_committed: 615.
num_space_uncommitted: 0.
num_chunks_returned_to_freelist: 20.
num_chunks_taken_from_freelist: 1580.
num_chunk_merges: 8.
num_chunk_splits: 1021.
num_chunks_enlarged: 688.
num_inconsistent_stats: 0.

CodeHeap 'non-profiled nmethods': size=120000Kb used=1818Kb max_used=1818Kb free=118181Kb
 bounds [0x000002883eff0000, 0x000002883f260000, 0x0000028846520000]
CodeHeap 'profiled nmethods': size=120000Kb used=7508Kb max_used=7508Kb free=112491Kb
 bounds [0x0000028837520000, 0x0000028837c80000, 0x000002883ea50000]
CodeHeap 'non-nmethods': size=5760Kb used=1278Kb max_used=1352Kb free=4482Kb
 bounds [0x000002883ea50000, 0x000002883ecc0000, 0x000002883eff0000]
 total_blobs=4391 nmethods=3790 adapters=515
 compilation: enabled
              stopped_count=0, restarted_count=0
 full_count=0

Compilation events (20 events):
Event: 5.761 Thread 0x000002884d7d9fd0 3787 %     3       org.eclipse.jdt.internal.compiler.parser.Parser::computeReverseTable @ 51 (92 bytes)
Event: 5.762 Thread 0x000002884d7d9fd0 nmethod 3787% 0x0000028837c69390 code [0x0000028837c69580, 0x0000028837c69b78]
Event: 5.762 Thread 0x000002884d7d9fd0 3788       3       org.eclipse.jdt.internal.compiler.parser.Parser::computeReverseTable (92 bytes)
Event: 5.763 Thread 0x000002884d7d9fd0 nmethod 3788 0x0000028837c69e90 code [0x0000028837c6a060, 0x0000028837c6a578]
Event: 5.763 Thread 0x000002884d7d9fd0 3789   !   3       org.eclipse.jdt.internal.compiler.parser.Parser::readTable (173 bytes)
Event: 5.765 Thread 0x000002884d7d9fd0 nmethod 3789 0x0000028837c6a790 code [0x0000028837c6aa20, 0x0000028837c6b6d8]
Event: 5.769 Thread 0x000002884d7d9fd0 3790       2       jdk.internal.module.SystemModuleFinders$SystemModuleReader::find (59 bytes)
Event: 5.770 Thread 0x000002884d7d9fd0 nmethod 3790 0x0000028837c6bd10 code [0x0000028837c6bf20, 0x0000028837c6c348]
Event: 5.771 Thread 0x000002884d7d9fd0 3791       2       jdk.internal.jimage.BasicImageReader::verifyLocation (39 bytes)
Event: 5.771 Thread 0x000002884d7d9fd0 nmethod 3791 0x0000028837c6c610 code [0x0000028837c6c7c0, 0x0000028837c6c988]
Event: 5.771 Thread 0x000002884d7d9fd0 3792       2       sun.net.util.IPAddressUtil::checkExternalForm (70 bytes)
Event: 5.773 Thread 0x000002884d7d9fd0 nmethod 3792 0x0000028837c6ca90 code [0x0000028837c6cce0, 0x0000028837c6d238]
Event: 5.776 Thread 0x000002884d7d9fd0 3793       2       org.eclipse.osgi.internal.hookregistry.ClassLoaderHook::preFindLocalResource (1 bytes)
Event: 5.776 Thread 0x000002884d7d9fd0 nmethod 3793 0x0000028837c6d590 code [0x0000028837c6d720, 0x0000028837c6d818]
Event: 5.777 Thread 0x000002884d7d9fd0 3794       2       org.eclipse.osgi.internal.hookregistry.ClassLoaderHook::postFindLocalResource (1 bytes)
Event: 5.777 Thread 0x000002884d7d9fd0 nmethod 3794 0x0000028837c6d890 code [0x0000028837c6da20, 0x0000028837c6db18]
Event: 5.781 Thread 0x000002884d7d9fd0 3795       1       java.net.URI::getRawFragment (5 bytes)
Event: 5.782 Thread 0x000002884d7d9fd0 nmethod 3795 0x000002883f1b5f10 code [0x000002883f1b60a0, 0x000002883f1b6178]
Event: 5.782 Thread 0x000002884d7d9fd0 3796       1       java.net.URI::getRawQuery (5 bytes)
Event: 5.782 Thread 0x000002884d7d9fd0 nmethod 3796 0x000002883f1b6210 code [0x000002883f1b63a0, 0x000002883f1b6478]

GC Heap History (20 events):
Event: 3.283 GC heap before
{Heap before GC invocations=7 (full 1):
 PSYoungGen      total 26112K, used 25859K [0x00000000eab00000, 0x00000000ec880000, 0x0000000100000000)
  eden space 25088K, 100% used [0x00000000eab00000,0x00000000ec380000,0x00000000ec380000)
  from space 1024K, 75% used [0x00000000ec400000,0x00000000ec4c0ea8,0x00000000ec500000)
  to   space 2560K, 0% used [0x00000000ec600000,0x00000000ec600000,0x00000000ec880000)
 ParOldGen       total 68608K, used 6629K [0x00000000c0000000, 0x00000000c4300000, 0x00000000eab00000)
  object space 68608K, 9% used [0x00000000c0000000,0x00000000c0679758,0x00000000c4300000)
 Metaspace       used 26947K, committed 27456K, reserved 1114112K
  class space    used 2587K, committed 2816K, reserved 1048576K
}
Event: 3.284 GC heap after
{Heap after GC invocations=7 (full 1):
 PSYoungGen      total 26112K, used 1038K [0x00000000eab00000, 0x00000000ec780000, 0x0000000100000000)
  eden space 24576K, 0% used [0x00000000eab00000,0x00000000eab00000,0x00000000ec300000)
  from space 1536K, 67% used [0x00000000ec600000,0x00000000ec703a50,0x00000000ec780000)
  to   space 1536K, 0% used [0x00000000ec480000,0x00000000ec480000,0x00000000ec600000)
 ParOldGen       total 68608K, used 6637K [0x00000000c0000000, 0x00000000c4300000, 0x00000000eab00000)
  object space 68608K, 9% used [0x00000000c0000000,0x00000000c067b758,0x00000000c4300000)
 Metaspace       used 26947K, committed 27456K, reserved 1114112K
  class space    used 2587K, committed 2816K, reserved 1048576K
}
Event: 4.307 GC heap before
{Heap before GC invocations=8 (full 1):
 PSYoungGen      total 26112K, used 25614K [0x00000000eab00000, 0x00000000ec780000, 0x0000000100000000)
  eden space 24576K, 100% used [0x00000000eab00000,0x00000000ec300000,0x00000000ec300000)
  from space 1536K, 67% used [0x00000000ec600000,0x00000000ec703a50,0x00000000ec780000)
  to   space 1536K, 0% used [0x00000000ec480000,0x00000000ec480000,0x00000000ec600000)
 ParOldGen       total 68608K, used 6637K [0x00000000c0000000, 0x00000000c4300000, 0x00000000eab00000)
  object space 68608K, 9% used [0x00000000c0000000,0x00000000c067b758,0x00000000c4300000)
 Metaspace       used 31517K, committed 32192K, reserved 1114112K
  class space    used 3095K, committed 3392K, reserved 1048576K
}
Event: 4.310 GC heap after
{Heap after GC invocations=8 (full 1):
 PSYoungGen      total 25600K, used 1521K [0x00000000eab00000, 0x00000000ec980000, 0x0000000100000000)
  eden space 24064K, 0% used [0x00000000eab00000,0x00000000eab00000,0x00000000ec280000)
  from space 1536K, 99% used [0x00000000ec480000,0x00000000ec5fc718,0x00000000ec600000)
  to   space 3584K, 0% used [0x00000000ec600000,0x00000000ec600000,0x00000000ec980000)
 ParOldGen       total 68608K, used 8197K [0x00000000c0000000, 0x00000000c4300000, 0x00000000eab00000)
  object space 68608K, 11% used [0x00000000c0000000,0x00000000c0801418,0x00000000c4300000)
 Metaspace       used 31517K, committed 32192K, reserved 1114112K
  class space    used 3095K, committed 3392K, reserved 1048576K
}
Event: 4.740 GC heap before
{Heap before GC invocations=9 (full 1):
 PSYoungGen      total 25600K, used 24968K [0x00000000eab00000, 0x00000000ec980000, 0x0000000100000000)
  eden space 24064K, 97% used [0x00000000eab00000,0x00000000ec1e5948,0x00000000ec280000)
  from space 1536K, 99% used [0x00000000ec480000,0x00000000ec5fc718,0x00000000ec600000)
  to   space 3584K, 0% used [0x00000000ec600000,0x00000000ec600000,0x00000000ec980000)
 ParOldGen       total 68608K, used 8197K [0x00000000c0000000, 0x00000000c4300000, 0x00000000eab00000)
  object space 68608K, 11% used [0x00000000c0000000,0x00000000c0801418,0x00000000c4300000)
 Metaspace       used 35202K, committed 35840K, reserved 1114112K
  class space    used 3565K, committed 3840K, reserved 1048576K
}
Event: 4.743 GC heap after
{Heap after GC invocations=9 (full 1):
 PSYoungGen      total 27648K, used 3223K [0x00000000eab00000, 0x00000000ec980000, 0x0000000100000000)
  eden space 24064K, 0% used [0x00000000eab00000,0x00000000eab00000,0x00000000ec280000)
  from space 3584K, 89% used [0x00000000ec600000,0x00000000ec925f80,0x00000000ec980000)
  to   space 3584K, 0% used [0x00000000ec280000,0x00000000ec280000,0x00000000ec600000)
 ParOldGen       total 68608K, used 8205K [0x00000000c0000000, 0x00000000c4300000, 0x00000000eab00000)
  object space 68608K, 11% used [0x00000000c0000000,0x00000000c0803418,0x00000000c4300000)
 Metaspace       used 35202K, committed 35840K, reserved 1114112K
  class space    used 3565K, committed 3840K, reserved 1048576K
}
Event: 4.743 GC heap before
{Heap before GC invocations=10 (full 2):
 PSYoungGen      total 27648K, used 3223K [0x00000000eab00000, 0x00000000ec980000, 0x0000000100000000)
  eden space 24064K, 0% used [0x00000000eab00000,0x00000000eab00000,0x00000000ec280000)
  from space 3584K, 89% used [0x00000000ec600000,0x00000000ec925f80,0x00000000ec980000)
  to   space 3584K, 0% used [0x00000000ec280000,0x00000000ec280000,0x00000000ec600000)
 ParOldGen       total 68608K, used 8205K [0x00000000c0000000, 0x00000000c4300000, 0x00000000eab00000)
  object space 68608K, 11% used [0x00000000c0000000,0x00000000c0803418,0x00000000c4300000)
 Metaspace       used 35202K, committed 35840K, reserved 1114112K
  class space    used 3565K, committed 3840K, reserved 1048576K
}
Event: 4.767 GC heap after
{Heap after GC invocations=10 (full 2):
 PSYoungGen      total 27648K, used 0K [0x00000000eab00000, 0x00000000ec980000, 0x0000000100000000)
  eden space 24064K, 0% used [0x00000000eab00000,0x00000000eab00000,0x00000000ec280000)
  from space 3584K, 0% used [0x00000000ec600000,0x00000000ec600000,0x00000000ec980000)
  to   space 3584K, 0% used [0x00000000ec280000,0x00000000ec280000,0x00000000ec600000)
 ParOldGen       total 68608K, used 11176K [0x00000000c0000000, 0x00000000c4300000, 0x00000000eab00000)
  object space 68608K, 16% used [0x00000000c0000000,0x00000000c0aea358,0x00000000c4300000)
 Metaspace       used 35202K, committed 35840K, reserved 1114112K
  class space    used 3565K, committed 3840K, reserved 1048576K
}
Event: 5.020 GC heap before
{Heap before GC invocations=11 (full 2):
 PSYoungGen      total 27648K, used 24064K [0x00000000eab00000, 0x00000000ec980000, 0x0000000100000000)
  eden space 24064K, 100% used [0x00000000eab00000,0x00000000ec280000,0x00000000ec280000)
  from space 3584K, 0% used [0x00000000ec600000,0x00000000ec600000,0x00000000ec980000)
  to   space 3584K, 0% used [0x00000000ec280000,0x00000000ec280000,0x00000000ec600000)
 ParOldGen       total 68608K, used 11176K [0x00000000c0000000, 0x00000000c4300000, 0x00000000eab00000)
  object space 68608K, 16% used [0x00000000c0000000,0x00000000c0aea358,0x00000000c4300000)
 Metaspace       used 36614K, committed 37376K, reserved 1114112K
  class space    used 3727K, committed 4032K, reserved 1048576K
}
Event: 5.024 GC heap after
{Heap after GC invocations=11 (full 2):
 PSYoungGen      total 26112K, used 2112K [0x00000000eab00000, 0x00000000ec700000, 0x0000000100000000)
  eden space 23552K, 0% used [0x00000000eab00000,0x00000000eab00000,0x00000000ec200000)
  from space 2560K, 82% used [0x00000000ec280000,0x00000000ec490040,0x00000000ec500000)
  to   space 2048K, 0% used [0x00000000ec500000,0x00000000ec500000,0x00000000ec700000)
 ParOldGen       total 68608K, used 11184K [0x00000000c0000000, 0x00000000c4300000, 0x00000000eab00000)
  object space 68608K, 16% used [0x00000000c0000000,0x00000000c0aec358,0x00000000c4300000)
 Metaspace       used 36614K, committed 37376K, reserved 1114112K
  class space    used 3727K, committed 4032K, reserved 1048576K
}
Event: 5.157 GC heap before
{Heap before GC invocations=12 (full 2):
 PSYoungGen      total 26112K, used 25664K [0x00000000eab00000, 0x00000000ec700000, 0x0000000100000000)
  eden space 23552K, 100% used [0x00000000eab00000,0x00000000ec200000,0x00000000ec200000)
  from space 2560K, 82% used [0x00000000ec280000,0x00000000ec490040,0x00000000ec500000)
  to   space 2048K, 0% used [0x00000000ec500000,0x00000000ec500000,0x00000000ec700000)
 ParOldGen       total 68608K, used 11184K [0x00000000c0000000, 0x00000000c4300000, 0x00000000eab00000)
  object space 68608K, 16% used [0x00000000c0000000,0x00000000c0aec358,0x00000000c4300000)
 Metaspace       used 36798K, committed 37568K, reserved 1114112K
  class space    used 3749K, committed 4096K, reserved 1048576K
}
Event: 5.162 GC heap after
{Heap after GC invocations=12 (full 2):
 PSYoungGen      total 24064K, used 2016K [0x00000000eab00000, 0x00000000eca80000, 0x0000000100000000)
  eden space 22016K, 0% used [0x00000000eab00000,0x00000000eab00000,0x00000000ec080000)
  from space 2048K, 98% used [0x00000000ec500000,0x00000000ec6f8030,0x00000000ec700000)
  to   space 4608K, 0% used [0x00000000ec080000,0x00000000ec080000,0x00000000ec500000)
 ParOldGen       total 68608K, used 13088K [0x00000000c0000000, 0x00000000c4300000, 0x00000000eab00000)
  object space 68608K, 19% used [0x00000000c0000000,0x00000000c0cc8378,0x00000000c4300000)
 Metaspace       used 36798K, committed 37568K, reserved 1114112K
  class space    used 3749K, committed 4096K, reserved 1048576K
}
Event: 5.261 GC heap before
{Heap before GC invocations=13 (full 2):
 PSYoungGen      total 24064K, used 24032K [0x00000000eab00000, 0x00000000eca80000, 0x0000000100000000)
  eden space 22016K, 100% used [0x00000000eab00000,0x00000000ec080000,0x00000000ec080000)
  from space 2048K, 98% used [0x00000000ec500000,0x00000000ec6f8030,0x00000000ec700000)
  to   space 4608K, 0% used [0x00000000ec080000,0x00000000ec080000,0x00000000ec500000)
 ParOldGen       total 68608K, used 13088K [0x00000000c0000000, 0x00000000c4300000, 0x00000000eab00000)
  object space 68608K, 19% used [0x00000000c0000000,0x00000000c0cc8378,0x00000000c4300000)
 Metaspace       used 36896K, committed 37632K, reserved 1114112K
  class space    used 3761K, committed 4096K, reserved 1048576K
}
Event: 5.268 GC heap after
{Heap after GC invocations=13 (full 2):
 PSYoungGen      total 24576K, used 2432K [0x00000000eab00000, 0x00000000ec680000, 0x0000000100000000)
  eden space 22016K, 0% used [0x00000000eab00000,0x00000000eab00000,0x00000000ec080000)
  from space 2560K, 95% used [0x00000000ec080000,0x00000000ec2e0020,0x00000000ec300000)
  to   space 3072K, 0% used [0x00000000ec380000,0x00000000ec380000,0x00000000ec680000)
 ParOldGen       total 68608K, used 15069K [0x00000000c0000000, 0x00000000c4300000, 0x00000000eab00000)
  object space 68608K, 21% used [0x00000000c0000000,0x00000000c0eb76f0,0x00000000c4300000)
 Metaspace       used 36896K, committed 37632K, reserved 1114112K
  class space    used 3761K, committed 4096K, reserved 1048576K
}
Event: 5.317 GC heap before
{Heap before GC invocations=14 (full 2):
 PSYoungGen      total 24576K, used 24448K [0x00000000eab00000, 0x00000000ec680000, 0x0000000100000000)
  eden space 22016K, 100% used [0x00000000eab00000,0x00000000ec080000,0x00000000ec080000)
  from space 2560K, 95% used [0x00000000ec080000,0x00000000ec2e0020,0x00000000ec300000)
  to   space 3072K, 0% used [0x00000000ec380000,0x00000000ec380000,0x00000000ec680000)
 ParOldGen       total 68608K, used 15069K [0x00000000c0000000, 0x00000000c4300000, 0x00000000eab00000)
  object space 68608K, 21% used [0x00000000c0000000,0x00000000c0eb76f0,0x00000000c4300000)
 Metaspace       used 36896K, committed 37632K, reserved 1114112K
  class space    used 3761K, committed 4096K, reserved 1048576K
}
Event: 5.320 GC heap after
{Heap after GC invocations=14 (full 2):
 PSYoungGen      total 24064K, used 2048K [0x00000000eab00000, 0x00000000ec580000, 0x0000000100000000)
  eden space 22016K, 0% used [0x00000000eab00000,0x00000000eab00000,0x00000000ec080000)
  from space 2048K, 100% used [0x00000000ec380000,0x00000000ec580000,0x00000000ec580000)
  to   space 2560K, 0% used [0x00000000ec080000,0x00000000ec080000,0x00000000ec300000)
 ParOldGen       total 68608K, used 17393K [0x00000000c0000000, 0x00000000c4300000, 0x00000000eab00000)
  object space 68608K, 25% used [0x00000000c0000000,0x00000000c10fc410,0x00000000c4300000)
 Metaspace       used 36896K, committed 37632K, reserved 1114112K
  class space    used 3761K, committed 4096K, reserved 1048576K
}
Event: 5.372 GC heap before
{Heap before GC invocations=15 (full 2):
 PSYoungGen      total 24064K, used 24064K [0x00000000eab00000, 0x00000000ec580000, 0x0000000100000000)
  eden space 22016K, 100% used [0x00000000eab00000,0x00000000ec080000,0x00000000ec080000)
  from space 2048K, 100% used [0x00000000ec380000,0x00000000ec580000,0x00000000ec580000)
  to   space 2560K, 0% used [0x00000000ec080000,0x00000000ec080000,0x00000000ec300000)
 ParOldGen       total 68608K, used 17393K [0x00000000c0000000, 0x00000000c4300000, 0x00000000eab00000)
  object space 68608K, 25% used [0x00000000c0000000,0x00000000c10fc410,0x00000000c4300000)
 Metaspace       used 36896K, committed 37632K, reserved 1114112K
  class space    used 3761K, committed 4096K, reserved 1048576K
}
Event: 5.377 GC heap after
{Heap after GC invocations=15 (full 2):
 PSYoungGen      total 24576K, used 2304K [0x00000000eab00000, 0x00000000ec580000, 0x0000000100000000)
  eden space 22016K, 0% used [0x00000000eab00000,0x00000000eab00000,0x00000000ec080000)
  from space 2560K, 90% used [0x00000000ec080000,0x00000000ec2c0010,0x00000000ec300000)
  to   space 2560K, 0% used [0x00000000ec300000,0x00000000ec300000,0x00000000ec580000)
 ParOldGen       total 68608K, used 19329K [0x00000000c0000000, 0x00000000c4300000, 0x00000000eab00000)
  object space 68608K, 28% used [0x00000000c0000000,0x00000000c12e0410,0x00000000c4300000)
 Metaspace       used 36896K, committed 37632K, reserved 1114112K
  class space    used 3761K, committed 4096K, reserved 1048576K
}
Event: 5.439 GC heap before
{Heap before GC invocations=16 (full 2):
 PSYoungGen      total 24576K, used 24320K [0x00000000eab00000, 0x00000000ec580000, 0x0000000100000000)
  eden space 22016K, 100% used [0x00000000eab00000,0x00000000ec080000,0x00000000ec080000)
  from space 2560K, 90% used [0x00000000ec080000,0x00000000ec2c0010,0x00000000ec300000)
  to   space 2560K, 0% used [0x00000000ec300000,0x00000000ec300000,0x00000000ec580000)
 ParOldGen       total 68608K, used 19329K [0x00000000c0000000, 0x00000000c4300000, 0x00000000eab00000)
  object space 68608K, 28% used [0x00000000c0000000,0x00000000c12e0410,0x00000000c4300000)
 Metaspace       used 36896K, committed 37632K, reserved 1114112K
  class space    used 3761K, committed 4096K, reserved 1048576K
}
Event: 5.444 GC heap after
{Heap after GC invocations=16 (full 2):
 PSYoungGen      total 24576K, used 1952K [0x00000000eab00000, 0x00000000ec580000, 0x0000000100000000)
  eden space 22016K, 0% used [0x00000000eab00000,0x00000000eab00000,0x00000000ec080000)
  from space 2560K, 76% used [0x00000000ec300000,0x00000000ec4e8000,0x00000000ec580000)
  to   space 2560K, 0% used [0x00000000ec080000,0x00000000ec080000,0x00000000ec300000)
 ParOldGen       total 68608K, used 21529K [0x00000000c0000000, 0x00000000c4300000, 0x00000000eab00000)
  object space 68608K, 31% used [0x00000000c0000000,0x00000000c1506420,0x00000000c4300000)
 Metaspace       used 36896K, committed 37632K, reserved 1114112K
  class space    used 3761K, committed 4096K, reserved 1048576K
}

Dll operation events (10 events):
Event: 0.011 Loaded shared library c:\Users\Administrator\.vscode\extensions\redhat.java-1.27.0-win32-x64\jre\17.0.10-win32-x86_64\bin\java.dll
Event: 0.197 Loaded shared library c:\Users\Administrator\.vscode\extensions\redhat.java-1.27.0-win32-x64\jre\17.0.10-win32-x86_64\bin\zip.dll
Event: 0.202 Loaded shared library C:\Users\Administrator\.vscode\extensions\redhat.java-1.27.0-win32-x64\jre\17.0.10-win32-x86_64\bin\instrument.dll
Event: 0.229 Loaded shared library C:\Users\Administrator\.vscode\extensions\redhat.java-1.27.0-win32-x64\jre\17.0.10-win32-x86_64\bin\net.dll
Event: 0.237 Loaded shared library C:\Users\Administrator\.vscode\extensions\redhat.java-1.27.0-win32-x64\jre\17.0.10-win32-x86_64\bin\nio.dll
Event: 0.276 Loaded shared library C:\Users\Administrator\.vscode\extensions\redhat.java-1.27.0-win32-x64\jre\17.0.10-win32-x86_64\bin\zip.dll
Event: 0.333 Loaded shared library C:\Users\Administrator\.vscode\extensions\redhat.java-1.27.0-win32-x64\jre\17.0.10-win32-x86_64\bin\jimage.dll
Event: 0.483 Loaded shared library c:\Users\Administrator\.vscode\extensions\redhat.java-1.27.0-win32-x64\jre\17.0.10-win32-x86_64\bin\verify.dll
Event: 2.109 Loaded shared library C:\Users\Administrator\AppData\Roaming\Code\User\globalStorage\redhat.java\1.27.0\config_ss_win\org.eclipse.equinox.launcher\org.eclipse.equinox.launcher.win32.win32.x86_64_1.2.900.v20240129-1338\eclipse_11900.dll
Event: 4.289 Loaded shared library C:\Users\Administrator\AppData\Local\Temp\jna-146731693\jna8882030180292403976.dll

Deoptimization events (20 events):
Event: 5.585 Thread 0x000002884f44f100 Uncommon trap: trap_request=0xffffffde fr.pc=0x000002883f1206e4 relative=0x0000000000000c44
Event: 5.585 Thread 0x000002884f44f100 Uncommon trap: reason=class_check action=maybe_recompile pc=0x000002883f1206e4 method=java.util.concurrent.ConcurrentHashMap.putVal(Ljava/lang/Object;Ljava/lang/Object;Z)Ljava/lang/Object; @ 242 c2
Event: 5.585 Thread 0x000002884f44f100 DEOPT PACKING pc=0x000002883f1206e4 sp=0x000000f39b1fc860
Event: 5.585 Thread 0x000002884f44f100 DEOPT UNPACKING pc=0x000002883eaa66a3 sp=0x000000f39b1fc7d0 mode 2
Event: 5.632 Thread 0x000002884f4490d0 Uncommon trap: trap_request=0xffffffc6 fr.pc=0x000002883f157d40 relative=0x00000000000000a0
Event: 5.632 Thread 0x000002884f4490d0 Uncommon trap: reason=bimorphic_or_optimized_type_check action=maybe_recompile pc=0x000002883f157d40 method=java.util.stream.Sink$ChainedReference.cancellationRequested()Z @ 4 c2
Event: 5.632 Thread 0x000002884f4490d0 DEOPT PACKING pc=0x000002883f157d40 sp=0x000000f39b3fe8f0
Event: 5.632 Thread 0x000002884f4490d0 DEOPT UNPACKING pc=0x000002883eaa66a3 sp=0x000000f39b3fe880 mode 2
Event: 5.633 Thread 0x000002884f4490d0 Uncommon trap: trap_request=0xffffffc6 fr.pc=0x000002883f157d40 relative=0x00000000000000a0
Event: 5.633 Thread 0x000002884f4490d0 Uncommon trap: reason=bimorphic_or_optimized_type_check action=maybe_recompile pc=0x000002883f157d40 method=java.util.stream.Sink$ChainedReference.cancellationRequested()Z @ 4 c2
Event: 5.633 Thread 0x000002884f4490d0 DEOPT PACKING pc=0x000002883f157d40 sp=0x000000f39b3fe860
Event: 5.633 Thread 0x000002884f4490d0 DEOPT UNPACKING pc=0x000002883eaa66a3 sp=0x000000f39b3fe7f0 mode 2
Event: 5.633 Thread 0x000002884f4490d0 Uncommon trap: trap_request=0xffffffc6 fr.pc=0x000002883f157d40 relative=0x00000000000000a0
Event: 5.633 Thread 0x000002884f4490d0 Uncommon trap: reason=bimorphic_or_optimized_type_check action=maybe_recompile pc=0x000002883f157d40 method=java.util.stream.Sink$ChainedReference.cancellationRequested()Z @ 4 c2
Event: 5.633 Thread 0x000002884f4490d0 DEOPT PACKING pc=0x000002883f157d40 sp=0x000000f39b3fe860
Event: 5.633 Thread 0x000002884f4490d0 DEOPT UNPACKING pc=0x000002883eaa66a3 sp=0x000000f39b3fe7f0 mode 2
Event: 5.754 Thread 0x000002884f44f100 DEOPT PACKING pc=0x0000028837b2631e sp=0x000000f39b1fc210
Event: 5.754 Thread 0x000002884f44f100 DEOPT UNPACKING pc=0x000002883eaa6e43 sp=0x000000f39b1fb708 mode 0
Event: 5.755 Thread 0x000002884f44f100 DEOPT PACKING pc=0x0000028837b2631e sp=0x000000f39b1fc210
Event: 5.755 Thread 0x000002884f44f100 DEOPT UNPACKING pc=0x000002883eaa6e43 sp=0x000000f39b1fb708 mode 0

Classes unloaded (7 events):
Event: 2.834 Thread 0x000002884d7b14b0 Unloading class 0x0000000100216400 'java/lang/invoke/LambdaForm$MH+0x0000000100216400'
Event: 2.834 Thread 0x000002884d7b14b0 Unloading class 0x0000000100216000 'java/lang/invoke/LambdaForm$MH+0x0000000100216000'
Event: 2.834 Thread 0x000002884d7b14b0 Unloading class 0x0000000100215c00 'java/lang/invoke/LambdaForm$MH+0x0000000100215c00'
Event: 2.834 Thread 0x000002884d7b14b0 Unloading class 0x0000000100215800 'java/lang/invoke/LambdaForm$MH+0x0000000100215800'
Event: 2.834 Thread 0x000002884d7b14b0 Unloading class 0x0000000100215400 'java/lang/invoke/LambdaForm$BMH+0x0000000100215400'
Event: 2.834 Thread 0x000002884d7b14b0 Unloading class 0x0000000100215000 'java/lang/invoke/LambdaForm$DMH+0x0000000100215000'
Event: 2.834 Thread 0x000002884d7b14b0 Unloading class 0x0000000100210400 'java/lang/invoke/LambdaForm$DMH+0x0000000100210400'

Classes redefined (0 events):
No events

Internal exceptions (20 events):
Event: 4.339 Thread 0x000002884f1fe850 Exception <a 'java/io/FileNotFoundException'{0x00000000eac8c548}> (0x00000000eac8c548) 
thrown [s\src\hotspot\share\prims\jni.cpp, line 516]
Event: 4.349 Thread 0x000002884f1fe850 Exception <a 'java/lang/UnsatisfiedLinkError'{0x00000000ead1b020}: The specified procedure could not be found.
> (0x00000000ead1b020) 
thrown [s\src\hotspot\share\prims\jni.cpp, line 535]
Event: 4.381 Thread 0x000002883488da00 Exception <a 'java/lang/NoSuchMethodError'{0x00000000eaeeb340}: 'java.lang.Object java.lang.invoke.DirectMethodHandle$Holder.invokeStatic(java.lang.Object, java.lang.Object, long, java.lang.Object)'> (0x00000000eaeeb340) 
thrown [s\src\hotspot\share\interpreter\linkResolver.cpp, line 759]
Event: 4.381 Thread 0x000002883488da00 Exception <a 'java/lang/NoSuchMethodError'{0x00000000eaeeedd8}: 'java.lang.Object java.lang.invoke.DirectMethodHandle$Holder.invokeStaticInit(java.lang.Object, java.lang.Object, long, java.lang.Object)'> (0x00000000eaeeedd8) 
thrown [s\src\hotspot\share\interpreter\linkResolver.cpp, line 759]
Event: 4.382 Thread 0x000002883488da00 Exception <a 'java/lang/NoSuchMethodError'{0x00000000eaef56f0}: 'java.lang.Object java.lang.invoke.DirectMethodHandle$Holder.newInvokeSpecial(java.lang.Object, java.lang.Object, long)'> (0x00000000eaef56f0) 
thrown [s\src\hotspot\share\interpreter\linkResolver.cpp, line 759]
Event: 4.424 Thread 0x000002883488da00 Exception <a 'java/lang/NoSuchMethodError'{0x00000000eb0b7ae8}: 'void java.lang.invoke.DirectMethodHandle$Holder.invokeStatic(java.lang.Object, java.lang.Object, java.lang.Object, java.lang.Object)'> (0x00000000eb0b7ae8) 
thrown [s\src\hotspot\share\interpreter\linkResolver.cpp, line 759]
Event: 4.568 Thread 0x000002883488da00 Exception <a 'java/lang/NoSuchMethodError'{0x00000000eb916e58}: 'void java.lang.invoke.DirectMethodHandle$Holder.invokeSpecial(java.lang.Object, java.lang.Object, java.lang.Object, java.lang.Object, java.lang.Object, java.lang.Object)'> (0x00000000eb916e58) 
thrown [s\src\hotspot\share\interpreter\linkResolver.cpp, line 759]
Event: 4.569 Thread 0x000002883488da00 Exception <a 'java/lang/IncompatibleClassChangeError'{0x00000000eb920948}: Found class java.lang.Object, but interface was expected> (0x00000000eb920948) 
thrown [s\src\hotspot\share\interpreter\linkResolver.cpp, line 826]
Event: 4.693 Thread 0x000002884f44f100 Exception <a 'java/io/FileNotFoundException'{0x00000000ebf10638}> (0x00000000ebf10638) 
thrown [s\src\hotspot\share\prims\jni.cpp, line 516]
Event: 4.716 Thread 0x000002884f44f100 Exception <a 'sun/nio/fs/WindowsException'{0x00000000ec0cc920}> (0x00000000ec0cc920) 
thrown [s\src\hotspot\share\prims\jni.cpp, line 516]
Event: 4.721 Thread 0x000002884f17e570 Exception <a 'java/io/FileNotFoundException'{0x00000000ec107d78}> (0x00000000ec107d78) 
thrown [s\src\hotspot\share\prims\jni.cpp, line 516]
Event: 4.721 Thread 0x000002884f17e570 Exception <a 'java/io/FileNotFoundException'{0x00000000ec108db0}> (0x00000000ec108db0) 
thrown [s\src\hotspot\share\prims\jni.cpp, line 516]
Event: 4.721 Thread 0x000002884f17e570 Exception <a 'java/io/FileNotFoundException'{0x00000000ec109b60}> (0x00000000ec109b60) 
thrown [s\src\hotspot\share\prims\jni.cpp, line 516]
Event: 4.810 Thread 0x000002884f44f100 Exception <a 'java/lang/NoSuchMethodError'{0x00000000eae7fc20}: 'int java.lang.invoke.DirectMethodHandle$Holder.invokeVirtual(java.lang.Object, java.lang.Object)'> (0x00000000eae7fc20) 
thrown [s\src\hotspot\share\interpreter\linkResolver.cpp, line 759]
Event: 4.813 Thread 0x000002884f17e570 Exception <a 'java/lang/NoSuchMethodError'{0x00000000eaea9aa8}: 'java.lang.Object java.lang.invoke.Invokers$Holder.invoke_MT(java.lang.Object, java.lang.Object, java.lang.Object)'> (0x00000000eaea9aa8) 
thrown [s\src\hotspot\share\interpreter\linkResolver.cpp, line 759]
Event: 5.053 Thread 0x000002884f17e570 Exception <a 'java/io/FileNotFoundException'{0x00000000eafaf1c0}> (0x00000000eafaf1c0) 
thrown [s\src\hotspot\share\prims\jni.cpp, line 516]
Event: 5.053 Thread 0x000002884f17e570 Exception <a 'java/io/FileNotFoundException'{0x00000000eafb0738}> (0x00000000eafb0738) 
thrown [s\src\hotspot\share\prims\jni.cpp, line 516]
Event: 5.055 Thread 0x000002884f17e570 Exception <a 'java/lang/NoSuchMethodError'{0x00000000eafc1d80}: 'void java.lang.invoke.DirectMethodHandle$Holder.invokeStaticInit(java.lang.Object, java.lang.Object, java.lang.Object)'> (0x00000000eafc1d80) 
thrown [s\src\hotspot\share\interpreter\linkResolver.cpp, line 759]
Event: 5.580 Thread 0x000002884f44f100 Exception <a 'java/lang/NoSuchMethodError'{0x00000000eb4ca4c0}: 'java.lang.Object java.lang.invoke.DirectMethodHandle$Holder.invokeInterface(java.lang.Object, java.lang.Object, java.lang.Object)'> (0x00000000eb4ca4c0) 
thrown [s\src\hotspot\share\interpreter\linkResolver.cpp, line 759]
Event: 5.580 Thread 0x000002884f449af0 Exception <a 'java/lang/NoSuchMethodError'{0x00000000eb4cba90}: 'java.lang.Object java.lang.invoke.DirectMethodHandle$Holder.invokeInterface(java.lang.Object, java.lang.Object, java.lang.Object)'> (0x00000000eb4cba90) 
thrown [s\src\hotspot\share\interpreter\linkResolver.cpp, line 759]

VM Operations (20 events):
Event: 4.787 Executing VM operation: HandshakeAllThreads
Event: 4.787 Executing VM operation: HandshakeAllThreads done
Event: 4.824 Executing VM operation: HandshakeAllThreads
Event: 4.824 Executing VM operation: HandshakeAllThreads done
Event: 4.824 Executing VM operation: HandshakeAllThreads
Event: 4.824 Executing VM operation: HandshakeAllThreads done
Event: 4.997 Executing VM operation: HandshakeAllThreads
Event: 4.997 Executing VM operation: HandshakeAllThreads done
Event: 5.020 Executing VM operation: ParallelGCFailedAllocation
Event: 5.024 Executing VM operation: ParallelGCFailedAllocation done
Event: 5.157 Executing VM operation: ParallelGCFailedAllocation
Event: 5.162 Executing VM operation: ParallelGCFailedAllocation done
Event: 5.261 Executing VM operation: ParallelGCFailedAllocation
Event: 5.268 Executing VM operation: ParallelGCFailedAllocation done
Event: 5.317 Executing VM operation: ParallelGCFailedAllocation
Event: 5.320 Executing VM operation: ParallelGCFailedAllocation done
Event: 5.372 Executing VM operation: ParallelGCFailedAllocation
Event: 5.377 Executing VM operation: ParallelGCFailedAllocation done
Event: 5.439 Executing VM operation: ParallelGCFailedAllocation
Event: 5.444 Executing VM operation: ParallelGCFailedAllocation done

Events (20 events):
Event: 5.555 loading class java/util/concurrent/CompletableFuture$UniApply done
Event: 5.555 loading class java/util/concurrent/ForkJoinTask$Aux
Event: 5.555 loading class java/util/concurrent/ForkJoinTask$Aux done
Event: 5.556 loading class java/util/concurrent/CancellationException
Event: 5.556 loading class java/util/concurrent/CancellationException done
Event: 5.557 loading class java/lang/invoke/VarHandleReferences$Array
Event: 5.558 loading class java/lang/invoke/VarHandleReferences$Array done
Event: 5.558 loading class java/util/concurrent/ForkJoinPool$DefaultCommonPoolForkJoinWorkerThreadFactory$1
Event: 5.558 loading class java/util/concurrent/ForkJoinPool$DefaultCommonPoolForkJoinWorkerThreadFactory$1 done
Event: 5.559 Thread 0x000002884f449af0 Thread added: 0x000002884f449af0
Event: 5.559 loading class java/util/concurrent/CompletableFuture$UniAccept
Event: 5.559 loading class java/util/concurrent/CompletableFuture$UniAccept done
Event: 5.559 loading class java/util/concurrent/CompletableFuture$UniExceptionally
Event: 5.559 loading class java/util/concurrent/CompletableFuture$UniExceptionally done
Event: 5.562 loading class jdk/internal/reflect/UnsafeIntegerFieldAccessorImpl
Event: 5.563 loading class jdk/internal/reflect/UnsafeIntegerFieldAccessorImpl done
Event: 5.608 loading class java/lang/ExceptionInInitializerError
Event: 5.608 loading class java/lang/ExceptionInInitializerError done
Event: 5.630 loading class java/util/ArrayDeque$DeqSpliterator
Event: 5.630 loading class java/util/ArrayDeque$DeqSpliterator done


Dynamic libraries:
0x00007ff7c7a00000 - 0x00007ff7c7a0e000 	c:\Users\Administrator\.vscode\extensions\redhat.java-1.27.0-win32-x64\jre\17.0.10-win32-x86_64\bin\java.exe
0x00007ffdaf070000 - 0x00007ffdaf287000 	C:\WINDOWS\SYSTEM32\ntdll.dll
0x00007ffdae6f0000 - 0x00007ffdae7b4000 	C:\WINDOWS\System32\KERNEL32.DLL
0x00007ffdac7d0000 - 0x00007ffdacb76000 	C:\WINDOWS\System32\KERNELBASE.dll
0x00007ffdacbb0000 - 0x00007ffdaccc1000 	C:\WINDOWS\System32\ucrtbase.dll
0x00007ffda2df0000 - 0x00007ffda2e0b000 	c:\Users\Administrator\.vscode\extensions\redhat.java-1.27.0-win32-x64\jre\17.0.10-win32-x86_64\bin\VCRUNTIME140.dll
0x00007ffda2c50000 - 0x00007ffda2c67000 	c:\Users\Administrator\.vscode\extensions\redhat.java-1.27.0-win32-x64\jre\17.0.10-win32-x86_64\bin\jli.dll
0x00007ffdad1b0000 - 0x00007ffdad35e000 	C:\WINDOWS\System32\USER32.dll
0x00007ffd969f0000 - 0x00007ffd96c83000 	C:\WINDOWS\WinSxS\amd64_microsoft.windows.common-controls_6595b64144ccf1df_6.0.22621.2506_none_270c5ae97388e100\COMCTL32.dll
0x00007ffdacb80000 - 0x00007ffdacba6000 	C:\WINDOWS\System32\win32u.dll
0x00007ffdad000000 - 0x00007ffdad0a7000 	C:\WINDOWS\System32\msvcrt.dll
0x00007ffdae580000 - 0x00007ffdae5a9000 	C:\WINDOWS\System32\GDI32.dll
0x00007ffdac480000 - 0x00007ffdac598000 	C:\WINDOWS\System32\gdi32full.dll
0x00007ffdac3b0000 - 0x00007ffdac44a000 	C:\WINDOWS\System32\msvcp_win.dll
0x00007ffdae5c0000 - 0x00007ffdae5f1000 	C:\WINDOWS\System32\IMM32.DLL
0x00007ffda4840000 - 0x00007ffda484c000 	c:\Users\Administrator\.vscode\extensions\redhat.java-1.27.0-win32-x64\jre\17.0.10-win32-x86_64\bin\vcruntime140_1.dll
0x00007ffd8b850000 - 0x00007ffd8b8dd000 	c:\Users\Administrator\.vscode\extensions\redhat.java-1.27.0-win32-x64\jre\17.0.10-win32-x86_64\bin\msvcp140.dll
0x00007ffd51a70000 - 0x00007ffd526d2000 	c:\Users\Administrator\.vscode\extensions\redhat.java-1.27.0-win32-x64\jre\17.0.10-win32-x86_64\bin\server\jvm.dll
0x00007ffdacec0000 - 0x00007ffdacf73000 	C:\WINDOWS\System32\ADVAPI32.dll
0x00007ffdaed40000 - 0x00007ffdaede8000 	C:\WINDOWS\System32\sechost.dll
0x00007ffdac450000 - 0x00007ffdac478000 	C:\WINDOWS\System32\bcrypt.dll
0x00007ffdaddf0000 - 0x00007ffdadf07000 	C:\WINDOWS\System32\RPCRT4.dll
0x00007ffda1dc0000 - 0x00007ffda1df4000 	C:\WINDOWS\SYSTEM32\WINMM.dll
0x00007ffdac280000 - 0x00007ffdac2cd000 	C:\WINDOWS\SYSTEM32\POWRPROF.dll
0x00007ffda4640000 - 0x00007ffda4649000 	C:\WINDOWS\SYSTEM32\WSOCK32.dll
0x00007ffd9a2c0000 - 0x00007ffd9a2ca000 	C:\WINDOWS\SYSTEM32\VERSION.dll
0x00007ffdadd70000 - 0x00007ffdadde1000 	C:\WINDOWS\System32\WS2_32.dll
0x00007ffdac260000 - 0x00007ffdac273000 	C:\WINDOWS\SYSTEM32\UMPDC.dll
0x00007ffdab3a0000 - 0x00007ffdab3b8000 	C:\WINDOWS\SYSTEM32\kernel.appcore.dll
0x00007ffda2bc0000 - 0x00007ffda2bca000 	c:\Users\Administrator\.vscode\extensions\redhat.java-1.27.0-win32-x64\jre\17.0.10-win32-x86_64\bin\jimage.dll
0x00007ffda6c40000 - 0x00007ffda6e73000 	C:\WINDOWS\SYSTEM32\DBGHELP.DLL
0x00007ffdae920000 - 0x00007ffdaeca9000 	C:\WINDOWS\System32\combase.dll
0x00007ffdadf10000 - 0x00007ffdadfe7000 	C:\WINDOWS\System32\OLEAUT32.dll
0x00007ffd8bae0000 - 0x00007ffd8bb12000 	C:\WINDOWS\SYSTEM32\dbgcore.DLL
0x00007ffdacd40000 - 0x00007ffdacdba000 	C:\WINDOWS\System32\bcryptPrimitives.dll
0x00007ffda29b0000 - 0x00007ffda29be000 	c:\Users\Administrator\.vscode\extensions\redhat.java-1.27.0-win32-x64\jre\17.0.10-win32-x86_64\bin\instrument.dll
0x00007ffd9dff0000 - 0x00007ffd9e015000 	c:\Users\Administrator\.vscode\extensions\redhat.java-1.27.0-win32-x64\jre\17.0.10-win32-x86_64\bin\java.dll
0x00007ffd9f4d0000 - 0x00007ffd9f4e8000 	c:\Users\Administrator\.vscode\extensions\redhat.java-1.27.0-win32-x64\jre\17.0.10-win32-x86_64\bin\zip.dll
0x00007ffdad360000 - 0x00007ffdadbba000 	C:\WINDOWS\System32\SHELL32.dll
0x00007ffdaa2b0000 - 0x00007ffdaaba6000 	C:\WINDOWS\SYSTEM32\windows.storage.dll
0x00007ffdaa170000 - 0x00007ffdaa2ae000 	C:\WINDOWS\SYSTEM32\wintypes.dll
0x00007ffdacdc0000 - 0x00007ffdaceb3000 	C:\WINDOWS\System32\SHCORE.dll
0x00007ffdae690000 - 0x00007ffdae6ee000 	C:\WINDOWS\System32\shlwapi.dll
0x00007ffdac2e0000 - 0x00007ffdac306000 	C:\WINDOWS\SYSTEM32\profapi.dll
0x00007ffd9f470000 - 0x00007ffd9f489000 	C:\Users\Administrator\.vscode\extensions\redhat.java-1.27.0-win32-x64\jre\17.0.10-win32-x86_64\bin\net.dll
0x00007ffda29e0000 - 0x00007ffda2b17000 	C:\WINDOWS\SYSTEM32\WINHTTP.dll
0x00007ffdab810000 - 0x00007ffdab879000 	C:\WINDOWS\system32\mswsock.dll
0x00007ffd967a0000 - 0x00007ffd967b6000 	C:\Users\Administrator\.vscode\extensions\redhat.java-1.27.0-win32-x64\jre\17.0.10-win32-x86_64\bin\nio.dll
0x00007ffda28c0000 - 0x00007ffda28d0000 	c:\Users\Administrator\.vscode\extensions\redhat.java-1.27.0-win32-x64\jre\17.0.10-win32-x86_64\bin\verify.dll
0x00007ffd944f0000 - 0x00007ffd9452e000 	C:\Users\Administrator\AppData\Roaming\Code\User\globalStorage\redhat.java\1.27.0\config_ss_win\org.eclipse.equinox.launcher\org.eclipse.equinox.launcher.win32.win32.x86_64_1.2.900.v20240129-1338\eclipse_11900.dll
0x00007ffdadbd0000 - 0x00007ffdadd70000 	C:\WINDOWS\System32\ole32.dll
0x00007ffdabb60000 - 0x00007ffdabb7b000 	C:\WINDOWS\SYSTEM32\CRYPTSP.dll
0x00007ffdab300000 - 0x00007ffdab335000 	C:\WINDOWS\system32\rsaenh.dll
0x00007ffdab8b0000 - 0x00007ffdab8dc000 	C:\WINDOWS\SYSTEM32\USERENV.dll
0x00007ffdabb40000 - 0x00007ffdabb4c000 	C:\WINDOWS\SYSTEM32\CRYPTBASE.dll
0x00007ffdaae10000 - 0x00007ffdaae3d000 	C:\WINDOWS\SYSTEM32\IPHLPAPI.DLL
0x00007ffdadff0000 - 0x00007ffdadff9000 	C:\WINDOWS\System32\NSI.dll
0x00007ffda2c00000 - 0x00007ffda2c19000 	C:\WINDOWS\SYSTEM32\dhcpcsvc6.DLL
0x00007ffda23d0000 - 0x00007ffda23ef000 	C:\WINDOWS\SYSTEM32\dhcpcsvc.DLL
0x00007ffdaae80000 - 0x00007ffdaaf79000 	C:\WINDOWS\SYSTEM32\DNSAPI.dll
0x00007ffd90280000 - 0x00007ffd902c5000 	C:\Users\Administrator\AppData\Local\Temp\jna-146731693\jna8882030180292403976.dll
0x00007ffdae7c0000 - 0x00007ffdae7c8000 	C:\WINDOWS\System32\PSAPI.DLL

dbghelp: loaded successfully - version: 4.0.5 - missing functions: none
symbol engine: initialized successfully - sym options: 0x614 - pdb path: .;c:\Users\Administrator\.vscode\extensions\redhat.java-1.27.0-win32-x64\jre\17.0.10-win32-x86_64\bin;C:\WINDOWS\SYSTEM32;C:\WINDOWS\WinSxS\amd64_microsoft.windows.common-controls_6595b64144ccf1df_6.0.22621.2506_none_270c5ae97388e100;c:\Users\Administrator\.vscode\extensions\redhat.java-1.27.0-win32-x64\jre\17.0.10-win32-x86_64\bin\server;C:\Users\Administrator\AppData\Roaming\Code\User\globalStorage\redhat.java\1.27.0\config_ss_win\org.eclipse.equinox.launcher\org.eclipse.equinox.launcher.win32.win32.x86_64_1.2.900.v20240129-1338;C:\Users\Administrator\AppData\Local\Temp\jna-146731693

VM Arguments:
jvm_args: --add-modules=ALL-SYSTEM --add-opens=java.base/java.util=ALL-UNNAMED --add-opens=java.base/java.lang=ALL-UNNAMED --add-opens=java.base/sun.nio.fs=ALL-UNNAMED -Declipse.application=org.eclipse.jdt.ls.core.id1 -Dosgi.bundles.defaultStartLevel=4 -Declipse.product=org.eclipse.jdt.ls.core.product -Djava.import.generatesMetadataFilesAtProjectRoot=false -DDetectVMInstallationsJob.disabled=true -Dfile.encoding=utf8 -XX:+UseParallelGC -XX:GCTimeRatio=4 -XX:AdaptiveSizePolicyWeight=90 -Dsun.zip.disableMemoryMapping=true -Xmx1G -Xms100m -Xlog:disable -javaagent:c:\Users\Administrator\.vscode\extensions\redhat.java-1.27.0-win32-x64\lombok\lombok-1.18.31.jar 
java_command: c:\Users\Administrator\.vscode\extensions\redhat.java-1.27.0-win32-x64\server\plugins\org.eclipse.equinox.launcher_1.6.700.v20231214-2017.jar -configuration c:\Users\Administrator\AppData\Roaming\Code\User\globalStorage\redhat.java\1.27.0\config_ss_win -data c:\Users\Administrator\AppData\Roaming\Code\User\workspaceStorage\92cf630d5520cf9d494fd4302ee3fba9\redhat.java\ss_ws --stdio
java_class_path (initial): c:\Users\Administrator\.vscode\extensions\redhat.java-1.27.0-win32-x64\server\plugins\org.eclipse.equinox.launcher_1.6.700.v20231214-2017.jar
Launcher Type: SUN_STANDARD

[Global flags]
    uintx AdaptiveSizePolicyWeight                 = 90                                        {product} {command line}
     intx CICompilerCount                          = 4                                         {product} {ergonomic}
    uintx GCTimeRatio                              = 4                                         {product} {command line}
   size_t InitialHeapSize                          = 104857600                                 {product} {command line}
   size_t MaxHeapSize                              = 1073741824                                {product} {command line}
   size_t MaxNewSize                               = 357564416                                 {product} {ergonomic}
   size_t MinHeapDeltaBytes                        = 524288                                    {product} {ergonomic}
   size_t MinHeapSize                              = 104857600                                 {product} {command line}
   size_t NewSize                                  = 34603008                                  {product} {ergonomic}
    uintx NonNMethodCodeHeapSize                   = 5839372                                {pd product} {ergonomic}
    uintx NonProfiledCodeHeapSize                  = 122909434                              {pd product} {ergonomic}
   size_t OldSize                                  = 70254592                                  {product} {ergonomic}
    uintx ProfiledCodeHeapSize                     = 122909434                              {pd product} {ergonomic}
    uintx ReservedCodeCacheSize                    = 251658240                              {pd product} {ergonomic}
     bool SegmentedCodeCache                       = true                                      {product} {ergonomic}
   size_t SoftMaxHeapSize                          = 1073741824                             {manageable} {ergonomic}
     bool UseCompressedClassPointers               = true                           {product lp64_product} {ergonomic}
     bool UseCompressedOops                        = true                           {product lp64_product} {ergonomic}
     bool UseLargePagesIndividualAllocation        = false                                  {pd product} {ergonomic}
     bool UseParallelGC                            = true                                      {product} {command line}

Logging:
Log output configuration:
 #0: stdout all=off uptime,level,tags
 #1: stderr all=off uptime,level,tags

Environment Variables:
PATH=C:\Program Files\Common Files\Oracle\Java\javapath;C:\Program Files (x86)\Common Files\Oracle\Java\javapath;C:\WINDOWS\system32;C:\WINDOWS;C:\WINDOWS\System32\Wbem;C:\WINDOWS\System32\WindowsPowerShell\v1.0\;C:\WINDOWS\System32\OpenSSH\;C:\Program Files\dotnet\;C:\Users\Administrator\AppData\Local\Microsoft\WindowsApps;C:\Users\Administrator\AppData\Local\Programs\Microsoft VS Code\bin;C:\MinGW\bin;C:\Users\Administrator\.dotnet\tools
USERNAME=Administrator
OS=Windows_NT
PROCESSOR_IDENTIFIER=Intel64 Family 6 Model 142 Stepping 10, GenuineIntel
TMP=C:\Users\ADMINI~1\AppData\Local\Temp
TEMP=C:\Users\ADMINI~1\AppData\Local\Temp



Periodic native trim disabled


---------------  S Y S T E M  ---------------

OS:
 Windows 11 , 64 bit Build 22621 (10.0.22621.2506)
OS uptime: 0 days 6:28 hours
Hyper-V role detected

CPU: total 8 (initial active 8) (4 cores per cpu, 2 threads per core) family 6 model 142 stepping 10 microcode 0xf4, cx8, cmov, fxsr, ht, mmx, 3dnowpref, sse, sse2, sse3, ssse3, sse4.1, sse4.2, popcnt, lzcnt, tsc, tscinvbit, avx, avx2, aes, erms, clmul, bmi1, bmi2, adx, fma, vzeroupper, clflush, clflushopt, hv
Processor Information for all 8 processors :
  Max Mhz: 1800, Current Mhz: 1600, Mhz Limit: 1584

Memory: 4k page, system-wide physical 8035M (1678M free)
TotalPageFile size 8035M (AvailPageFile size 130M)
current process WorkingSet (physical memory assigned to process): 170M, peak: 170M
current process commit charge ("private bytes"): 259M, peak: 260M

vm_info: OpenJDK 64-Bit Server VM (17.0.10+7) for windows-amd64 JRE (17.0.10+7), built on Jan 16 2024 23:25:11 by "admin" with MS VC++ 16.10 / 16.11 (VS2019)

END.
