#
# There is insufficient memory for the Java Runtime Environment to continue.
# Native memory allocation (mmap) failed to map 65536 bytes for Failed to commit metaspace.
# Possible reasons:
#   The system is out of physical RAM or swap space
#   The process is running with CompressedOops enabled, and the Java Heap may be blocking the growth of the native heap
# Possible solutions:
#   Reduce memory load on the system
#   Increase physical memory or swap space
#   Check if swap backing store is full
#   Decrease Java heap size (-Xmx/-Xms)
#   Decrease number of Java threads
#   Decrease Java thread stack sizes (-Xss)
#   Set larger code cache with -XX:ReservedCodeCacheSize=
#   JVM is running with Unscaled Compressed Oops mode in which the Java heap is
#     placed in the first 4GB address space. The Java Heap base address is the
#     maximum limit for the native heap growth. Please use -XX:HeapBaseMinAddress
#     to set the Java Heap base and to place the Java Heap above 4GB virtual address.
# This output file may be truncated or incomplete.
#
#  Out of Memory Error (virtualSpaceNode.cpp:110), pid=5716, tid=2708
#
# JRE version: OpenJDK Runtime Environment Temurin-17.0.10+7 (17.0.10+7) (build 17.0.10+7)
# Java VM: OpenJDK 64-Bit Server VM Temurin-17.0.10+7 (17.0.10+7, mixed mode, tiered, compressed oops, compressed class ptrs, parallel gc, windows-amd64)
# No core dump will be written. Minidumps are not enabled by default on client versions of Windows
#

---------------  S U M M A R Y ------------

Command Line: --add-modules=ALL-SYSTEM --add-opens=java.base/java.util=ALL-UNNAMED --add-opens=java.base/java.lang=ALL-UNNAMED --add-opens=java.base/sun.nio.fs=ALL-UNNAMED -Declipse.application=org.eclipse.jdt.ls.core.id1 -Dosgi.bundles.defaultStartLevel=4 -Declipse.product=org.eclipse.jdt.ls.core.product -Djava.import.generatesMetadataFilesAtProjectRoot=false -DDetectVMInstallationsJob.disabled=true -Dfile.encoding=utf8 -XX:+UseParallelGC -XX:GCTimeRatio=4 -XX:AdaptiveSizePolicyWeight=90 -Dsun.zip.disableMemoryMapping=true -Xmx1G -Xms100m -Xlog:disable -javaagent:c:\Users\Administrator\.vscode\extensions\redhat.java-1.27.0-win32-x64\lombok\lombok-1.18.31.jar c:\Users\Administrator\.vscode\extensions\redhat.java-1.27.0-win32-x64\server\plugins\org.eclipse.equinox.launcher_1.6.700.v20231214-2017.jar -configuration c:\Users\Administrator\AppData\Roaming\Code\User\globalStorage\redhat.java\1.27.0\config_ss_win -data c:\Users\Administrator\AppData\Roaming\Code\User\workspaceStorage\92cf630d5520cf9d494fd4302ee3fba9\redhat.java\ss_ws --stdio

Host: Intel(R) Core(TM) i5-8250U CPU @ 1.60GHz, 8 cores, 7G,  Windows 11 , 64 bit Build 22621 (10.0.22621.2506)
Time: Sat Feb  3 13:12:33 2024 E. Africa Standard Time elapsed time: 4.723683 seconds (0d 0h 0m 4s)

---------------  T H R E A D  ---------------

Current thread (0x0000025a244b2ce0):  JavaThread "C1 CompilerThread0" daemon [_thread_in_vm, id=2708, stack(0x000000b7ac300000,0x000000b7ac400000)]


Current CompileTask:
C1:   4723 1935   !   3       org.eclipse.osgi.internal.weaving.WovenClassImpl::callHooks (410 bytes)

Stack: [0x000000b7ac300000,0x000000b7ac400000]
Native frames: (J=compiled Java code, j=interpreted, Vv=VM code, C=native code)
V  [jvm.dll+0x67d2c9]
V  [jvm.dll+0x834afa]
V  [jvm.dll+0x8365be]
V  [jvm.dll+0x836c23]
V  [jvm.dll+0x2477ff]
V  [jvm.dll+0x8307bb]
V  [jvm.dll+0x621d16]
V  [jvm.dll+0x1c183e]
V  [jvm.dll+0x624671]
V  [jvm.dll+0x6226b6]
V  [jvm.dll+0x6339ea]
V  [jvm.dll+0x62c7ca]
V  [jvm.dll+0x1cda30]
V  [jvm.dll+0x1cdc20]
V  [jvm.dll+0x1482a1]
V  [jvm.dll+0x1480e5]
V  [jvm.dll+0x13f918]
V  [jvm.dll+0x141ed5]
V  [jvm.dll+0x1401b4]
V  [jvm.dll+0x13a0ff]
V  [jvm.dll+0x149d46]
V  [jvm.dll+0x135890]
V  [jvm.dll+0x135bf0]
V  [jvm.dll+0x135eb6]
V  [jvm.dll+0x13534a]
V  [jvm.dll+0x137001]
V  [jvm.dll+0x2290de]
V  [jvm.dll+0x2272ac]
V  [jvm.dll+0x7e9bb7]
V  [jvm.dll+0x7e3fba]
V  [jvm.dll+0x67c1b5]
C  [ucrtbase.dll+0x29363]
C  [KERNEL32.DLL+0x1257d]
C  [ntdll.dll+0x5aa58]


---------------  P R O C E S S  ---------------

Threads class SMR info:
_java_thread_list=0x0000025a260934f0, length=18, elements={
0x0000025a0b4bdc10, 0x0000025a1f341020, 0x0000025a1f342090, 0x0000025a244a5020,
0x0000025a244a6090, 0x0000025a244a8970, 0x0000025a244a99e0, 0x0000025a244b0b80,
0x0000025a244b2ce0, 0x0000025a244b4de0, 0x0000025a245d0220, 0x0000025a256195d0,
0x0000025a25c99010, 0x0000025a25c77890, 0x0000025a25c78040, 0x0000025a25f8f3e0,
0x0000025a261cd460, 0x0000025a2602d030
}

Java Threads: ( => current thread )
  0x0000025a0b4bdc10 JavaThread "main" [_thread_blocked, id=2088, stack(0x000000b7ab900000,0x000000b7aba00000)]
  0x0000025a1f341020 JavaThread "Reference Handler" daemon [_thread_blocked, id=14320, stack(0x000000b7abc00000,0x000000b7abd00000)]
  0x0000025a1f342090 JavaThread "Finalizer" daemon [_thread_blocked, id=11244, stack(0x000000b7abd00000,0x000000b7abe00000)]
  0x0000025a244a5020 JavaThread "Signal Dispatcher" daemon [_thread_blocked, id=14844, stack(0x000000b7abe00000,0x000000b7abf00000)]
  0x0000025a244a6090 JavaThread "Attach Listener" daemon [_thread_blocked, id=14164, stack(0x000000b7abf00000,0x000000b7ac000000)]
  0x0000025a244a8970 JavaThread "Service Thread" daemon [_thread_blocked, id=5856, stack(0x000000b7ac000000,0x000000b7ac100000)]
  0x0000025a244a99e0 JavaThread "Monitor Deflation Thread" daemon [_thread_blocked, id=7292, stack(0x000000b7ac100000,0x000000b7ac200000)]
  0x0000025a244b0b80 JavaThread "C2 CompilerThread0" daemon [_thread_blocked, id=6708, stack(0x000000b7ac200000,0x000000b7ac300000)]
=>0x0000025a244b2ce0 JavaThread "C1 CompilerThread0" daemon [_thread_in_vm, id=2708, stack(0x000000b7ac300000,0x000000b7ac400000)]
  0x0000025a244b4de0 JavaThread "Sweeper thread" daemon [_thread_blocked, id=9828, stack(0x000000b7ac400000,0x000000b7ac500000)]
  0x0000025a245d0220 JavaThread "Common-Cleaner" daemon [_thread_blocked, id=4924, stack(0x000000b7ac500000,0x000000b7ac600000)]
  0x0000025a256195d0 JavaThread "Notification Thread" daemon [_thread_blocked, id=3420, stack(0x000000b7ac600000,0x000000b7ac700000)]
  0x0000025a25c99010 JavaThread "Active Thread: Equinox Container: 363ea554-a009-44df-aa35-96d155faa38d" [_thread_blocked, id=14176, stack(0x000000b7acf00000,0x000000b7ad000000)]
  0x0000025a25c77890 JavaThread "Framework Event Dispatcher: Equinox Container: 363ea554-a009-44df-aa35-96d155faa38d" daemon [_thread_blocked, id=14816, stack(0x000000b7ad000000,0x000000b7ad100000)]
  0x0000025a25c78040 JavaThread "Start Level: Equinox Container: 363ea554-a009-44df-aa35-96d155faa38d" daemon [_thread_in_vm, id=13016, stack(0x000000b7ad100000,0x000000b7ad200000)]
  0x0000025a25f8f3e0 JavaThread "SCR Component Actor" daemon [_thread_blocked, id=8560, stack(0x000000b7ad200000,0x000000b7ad300000)]
  0x0000025a261cd460 JavaThread "SCR Component Registry" daemon [_thread_blocked, id=6800, stack(0x000000b7ace00000,0x000000b7acf00000)]
  0x0000025a2602d030 JavaThread "Worker-JM" [_thread_blocked, id=2784, stack(0x000000b7ad400000,0x000000b7ad500000)]

Other Threads:
  0x0000025a0b569ae0 VMThread "VM Thread" [stack: 0x000000b7abb00000,0x000000b7abc00000] [id=6608]
  0x0000025a25622df0 WatcherThread [stack: 0x000000b7ac700000,0x000000b7ac800000] [id=8488]
  0x0000025a0b4d4a80 GCTaskThread "GC Thread#0" [stack: 0x000000b7aba00000,0x000000b7abb00000] [id=5652]
  0x0000025a25cf4610 GCTaskThread "GC Thread#1" [stack: 0x000000b7ac800000,0x000000b7ac900000] [id=328]
  0x0000025a259cb000 GCTaskThread "GC Thread#2" [stack: 0x000000b7ac900000,0x000000b7aca00000] [id=10336]
  0x0000025a259cb2c0 GCTaskThread "GC Thread#3" [stack: 0x000000b7aca00000,0x000000b7acb00000] [id=12100]
  0x0000025a259cb580 GCTaskThread "GC Thread#4" [stack: 0x000000b7acb00000,0x000000b7acc00000] [id=15136]
  0x0000025a25d8ab90 GCTaskThread "GC Thread#5" [stack: 0x000000b7acc00000,0x000000b7acd00000] [id=14108]
  0x0000025a25d8ae50 GCTaskThread "GC Thread#6" [stack: 0x000000b7acd00000,0x000000b7ace00000] [id=11952]
  0x0000025a25dd2860 GCTaskThread "GC Thread#7" [stack: 0x000000b7ad300000,0x000000b7ad400000] [id=1360]

Threads with active compile tasks:
C1 CompilerThread0     4794 1935   !   3       org.eclipse.osgi.internal.weaving.WovenClassImpl::callHooks (410 bytes)

VM state: not at safepoint (normal execution)

VM Mutex/Monitor currently owned by a thread:  ([mutex/lock_event])
[0x0000025a0b4b8660] Metaspace_lock - owner thread: 0x0000025a244b2ce0
[0x0000025a0b4b9ca0] MethodData_lock - owner thread: 0x0000025a244b2ce0

Heap address: 0x00000000c0000000, size: 1024 MB, Compressed Oops mode: 32-bit

CDS archive(s) not mapped
Compressed class space mapped at: 0x0000000100000000-0x0000000140000000, reserved size: 1073741824
Narrow klass base: 0x0000000000000000, Narrow klass shift: 3, Narrow klass range: 0x140000000

GC Precious Log:
 CPUs: 8 total, 8 available
 Memory: 8035M
 Large Page Support: Disabled
 NUMA Support: Disabled
 Compressed Oops: Enabled (32-bit)
 Alignments: Space 512K, Generation 512K, Heap 2M
 Heap Min Capacity: 100M
 Heap Initial Capacity: 100M
 Heap Max Capacity: 1G
 Pre-touch: Disabled
 Parallel Workers: 8

Heap:
 PSYoungGen      total 29696K, used 21609K [0x00000000eab00000, 0x00000000ecc00000, 0x0000000100000000)
  eden space 25600K, 68% used [0x00000000eab00000,0x00000000ebc1c120,0x00000000ec400000)
  from space 4096K, 99% used [0x00000000ec800000,0x00000000ecbfe630,0x00000000ecc00000)
  to   space 4096K, 0% used [0x00000000ec400000,0x00000000ec400000,0x00000000ec800000)
 ParOldGen       total 68608K, used 738K [0x00000000c0000000, 0x00000000c4300000, 0x00000000eab00000)
  object space 68608K, 1% used [0x00000000c0000000,0x00000000c00b8b70,0x00000000c4300000)
 Metaspace       used 18550K, committed 18880K, reserved 1114112K
  class space    used 1896K, committed 2048K, reserved 1048576K

Card table byte_map: [0x0000025a0ae50000,0x0000025a0b060000] _byte_map_base: 0x0000025a0a850000

Marking Bits: (ParMarkBitMap*) 0x00007ffd5260d7d0
 Begin Bits: [0x0000025a1d150000, 0x0000025a1e150000)
 End Bits:   [0x0000025a1e150000, 0x0000025a1f150000)

Polling page: 0x0000025a093e0000

Metaspace:

Usage:
  Non-class:     16.26 MB used.
      Class:      1.85 MB used.
       Both:     18.12 MB used.

Virtual space:
  Non-class space:       64.00 MB reserved,      16.44 MB ( 26%) committed,  1 nodes.
      Class space:        1.00 GB reserved,       2.00 MB ( <1%) committed,  1 nodes.
             Both:        1.06 GB reserved,      18.44 MB (  2%) committed. 

Chunk freelists:
   Non-Class:  14.98 MB
       Class:  13.94 MB
        Both:  28.92 MB

MaxMetaspaceSize: unlimited
CompressedClassSpaceSize: 1.00 GB
Initial GC threshold: 21.00 MB
Current GC threshold: 21.00 MB
CDS: off
MetaspaceReclaimPolicy: balanced
 - commit_granule_bytes: 65536.
 - commit_granule_words: 8192.
 - virtual_space_node_default_size: 8388608.
 - enlarge_chunks_in_place: 1.
 - new_chunks_are_fully_committed: 0.
 - uncommit_free_chunks: 1.
 - use_allocation_guard: 0.
 - handle_deallocations: 1.


Internal statistics:

num_allocs_failed_limit: 0.
num_arena_births: 170.
num_arena_deaths: 0.
num_vsnodes_births: 2.
num_vsnodes_deaths: 0.
num_space_committed: 295.
num_space_uncommitted: 0.
num_chunks_returned_to_freelist: 0.
num_chunks_taken_from_freelist: 546.
num_chunk_merges: 0.
num_chunk_splits: 357.
num_chunks_enlarged: 262.
num_inconsistent_stats: 0.

CodeHeap 'non-profiled nmethods': size=120000Kb used=769Kb max_used=769Kb free=119230Kb
 bounds [0x0000025a15c20000, 0x0000025a15e90000, 0x0000025a1d150000]
CodeHeap 'profiled nmethods': size=120000Kb used=3671Kb max_used=3671Kb free=116328Kb
 bounds [0x0000025a0e150000, 0x0000025a0e4f0000, 0x0000025a15680000]
CodeHeap 'non-nmethods': size=5760Kb used=1180Kb max_used=1197Kb free=4579Kb
 bounds [0x0000025a15680000, 0x0000025a158f0000, 0x0000025a15c20000]
 total_blobs=2410 nmethods=1933 adapters=391
 compilation: enabled
              stopped_count=0, restarted_count=0
 full_count=0

Compilation events (20 events):
Event: 4.710 Thread 0x0000025a244b2ce0 nmethod 1925 0x0000025a0e4d9b90 code [0x0000025a0e4da0e0, 0x0000025a0e4dd418]
Event: 4.710 Thread 0x0000025a244b2ce0 1926   !   3       org.eclipse.osgi.storage.bundlefile.CloseableBundleFile::getInputStream (58 bytes)
Event: 4.711 Thread 0x0000025a244b2ce0 nmethod 1926 0x0000025a0e4de990 code [0x0000025a0e4dec40, 0x0000025a0e4dfd58]
Event: 4.711 Thread 0x0000025a244b2ce0 1927       3       org.eclipse.osgi.storage.bundlefile.ZipBundleFile::doGetInputStream (9 bytes)
Event: 4.712 Thread 0x0000025a244b2ce0 nmethod 1927 0x0000025a0e4e0410 code [0x0000025a0e4e05c0, 0x0000025a0e4e08c8]
Event: 4.712 Thread 0x0000025a244b2ce0 1928       3       org.eclipse.osgi.storage.bundlefile.CloseableBundleFile::isMruEnabled (21 bytes)
Event: 4.712 Thread 0x0000025a244b2ce0 nmethod 1928 0x0000025a0e4e0a10 code [0x0000025a0e4e0bc0, 0x0000025a0e4e0e38]
Event: 4.712 Thread 0x0000025a244b2ce0 1929       3       org.eclipse.osgi.storage.bundlefile.MRUBundleFileList::isEnabled (13 bytes)
Event: 4.712 Thread 0x0000025a244b2ce0 nmethod 1929 0x0000025a0e4e0f10 code [0x0000025a0e4e10a0, 0x0000025a0e4e1218]
Event: 4.712 Thread 0x0000025a244b2ce0 1930       3       org.eclipse.osgi.storage.bundlefile.CloseableBundleFile$BundleEntryInputStream::<init> (20 bytes)
Event: 4.712 Thread 0x0000025a244b2ce0 nmethod 1930 0x0000025a0e4e1290 code [0x0000025a0e4e1440, 0x0000025a0e4e1748]
Event: 4.715 Thread 0x0000025a244b2ce0 1931   !   3       org.eclipse.osgi.internal.weaving.WeavingHookConfigurator::processClass (245 bytes)
Event: 4.718 Thread 0x0000025a244b2ce0 nmethod 1931 0x0000025a0e4e1890 code [0x0000025a0e4e1c40, 0x0000025a0e4e38f8]
Event: 4.718 Thread 0x0000025a244b2ce0 1932       3       org.eclipse.osgi.internal.weaving.WeavingHookConfigurator::getRegistry (8 bytes)
Event: 4.718 Thread 0x0000025a244b2ce0 nmethod 1932 0x0000025a0e4e4710 code [0x0000025a0e4e48c0, 0x0000025a0e4e4b18]
Event: 4.718 Thread 0x0000025a244b2ce0 1933       3       org.eclipse.osgi.internal.weaving.WovenClassImpl::<init> (80 bytes)
Event: 4.719 Thread 0x0000025a244b2ce0 nmethod 1933 0x0000025a0e4e4c90 code [0x0000025a0e4e4e80, 0x0000025a0e4e5528]
Event: 4.719 Thread 0x0000025a244b2ce0 1934       3       org.eclipse.osgi.internal.weaving.DynamicImportList::<init> (22 bytes)
Event: 4.719 Thread 0x0000025a244b2ce0 nmethod 1934 0x0000025a0e4e5810 code [0x0000025a0e4e59c0, 0x0000025a0e4e5cc8]
Event: 4.719 Thread 0x0000025a244b2ce0 1935   !   3       org.eclipse.osgi.internal.weaving.WovenClassImpl::callHooks (410 bytes)

GC Heap History (4 events):
Event: 2.389 GC heap before
{Heap before GC invocations=1 (full 0):
 PSYoungGen      total 29696K, used 25600K [0x00000000eab00000, 0x00000000ecc00000, 0x0000000100000000)
  eden space 25600K, 100% used [0x00000000eab00000,0x00000000ec400000,0x00000000ec400000)
  from space 4096K, 0% used [0x00000000ec800000,0x00000000ec800000,0x00000000ecc00000)
  to   space 4096K, 0% used [0x00000000ec400000,0x00000000ec400000,0x00000000ec800000)
 ParOldGen       total 68608K, used 0K [0x00000000c0000000, 0x00000000c4300000, 0x00000000eab00000)
  object space 68608K, 0% used [0x00000000c0000000,0x00000000c0000000,0x00000000c4300000)
 Metaspace       used 10999K, committed 11200K, reserved 1114112K
  class space    used 1096K, committed 1216K, reserved 1048576K
}
Event: 2.406 GC heap after
{Heap after GC invocations=1 (full 0):
 PSYoungGen      total 29696K, used 3205K [0x00000000eab00000, 0x00000000ecc00000, 0x0000000100000000)
  eden space 25600K, 0% used [0x00000000eab00000,0x00000000eab00000,0x00000000ec400000)
  from space 4096K, 78% used [0x00000000ec400000,0x00000000ec721710,0x00000000ec800000)
  to   space 4096K, 0% used [0x00000000ec800000,0x00000000ec800000,0x00000000ecc00000)
 ParOldGen       total 68608K, used 16K [0x00000000c0000000, 0x00000000c4300000, 0x00000000eab00000)
  object space 68608K, 0% used [0x00000000c0000000,0x00000000c0004000,0x00000000c4300000)
 Metaspace       used 10999K, committed 11200K, reserved 1114112K
  class space    used 1096K, committed 1216K, reserved 1048576K
}
Event: 3.839 GC heap before
{Heap before GC invocations=2 (full 0):
 PSYoungGen      total 29696K, used 28805K [0x00000000eab00000, 0x00000000ecc00000, 0x0000000100000000)
  eden space 25600K, 100% used [0x00000000eab00000,0x00000000ec400000,0x00000000ec400000)
  from space 4096K, 78% used [0x00000000ec400000,0x00000000ec721710,0x00000000ec800000)
  to   space 4096K, 0% used [0x00000000ec800000,0x00000000ec800000,0x00000000ecc00000)
 ParOldGen       total 68608K, used 16K [0x00000000c0000000, 0x00000000c4300000, 0x00000000eab00000)
  object space 68608K, 0% used [0x00000000c0000000,0x00000000c0004000,0x00000000c4300000)
 Metaspace       used 15044K, committed 15296K, reserved 1114112K
  class space    used 1525K, committed 1664K, reserved 1048576K
}
Event: 3.847 GC heap after
{Heap after GC invocations=2 (full 0):
 PSYoungGen      total 29696K, used 4089K [0x00000000eab00000, 0x00000000ecc00000, 0x0000000100000000)
  eden space 25600K, 0% used [0x00000000eab00000,0x00000000eab00000,0x00000000ec400000)
  from space 4096K, 99% used [0x00000000ec800000,0x00000000ecbfe630,0x00000000ecc00000)
  to   space 4096K, 0% used [0x00000000ec400000,0x00000000ec400000,0x00000000ec800000)
 ParOldGen       total 68608K, used 738K [0x00000000c0000000, 0x00000000c4300000, 0x00000000eab00000)
  object space 68608K, 1% used [0x00000000c0000000,0x00000000c00b8b70,0x00000000c4300000)
 Metaspace       used 15044K, committed 15296K, reserved 1114112K
  class space    used 1525K, committed 1664K, reserved 1048576K
}

Dll operation events (9 events):
Event: 0.017 Loaded shared library c:\Users\Administrator\.vscode\extensions\redhat.java-1.27.0-win32-x64\jre\17.0.10-win32-x86_64\bin\java.dll
Event: 0.326 Loaded shared library c:\Users\Administrator\.vscode\extensions\redhat.java-1.27.0-win32-x64\jre\17.0.10-win32-x86_64\bin\zip.dll
Event: 0.331 Loaded shared library C:\Users\Administrator\.vscode\extensions\redhat.java-1.27.0-win32-x64\jre\17.0.10-win32-x86_64\bin\instrument.dll
Event: 0.362 Loaded shared library C:\Users\Administrator\.vscode\extensions\redhat.java-1.27.0-win32-x64\jre\17.0.10-win32-x86_64\bin\net.dll
Event: 0.366 Loaded shared library C:\Users\Administrator\.vscode\extensions\redhat.java-1.27.0-win32-x64\jre\17.0.10-win32-x86_64\bin\nio.dll
Event: 0.378 Loaded shared library C:\Users\Administrator\.vscode\extensions\redhat.java-1.27.0-win32-x64\jre\17.0.10-win32-x86_64\bin\zip.dll
Event: 0.420 Loaded shared library C:\Users\Administrator\.vscode\extensions\redhat.java-1.27.0-win32-x64\jre\17.0.10-win32-x86_64\bin\jimage.dll
Event: 0.640 Loaded shared library c:\Users\Administrator\.vscode\extensions\redhat.java-1.27.0-win32-x64\jre\17.0.10-win32-x86_64\bin\verify.dll
Event: 3.492 Loaded shared library C:\Users\Administrator\AppData\Roaming\Code\User\globalStorage\redhat.java\1.27.0\config_ss_win\org.eclipse.equinox.launcher\org.eclipse.equinox.launcher.win32.win32.x86_64_1.2.900.v20240129-1338\eclipse_11900.dll

Deoptimization events (20 events):
Event: 4.559 Thread 0x0000025a25c78040 Uncommon trap: trap_request=0xffffff45 fr.pc=0x0000025a15c73288 relative=0x0000000000000088
Event: 4.559 Thread 0x0000025a25c78040 Uncommon trap: reason=unstable_if action=reinterpret pc=0x0000025a15c73288 method=java.util.jar.Manifest$FastInputStream.peek()B @ 8 c2
Event: 4.559 Thread 0x0000025a25c78040 DEOPT PACKING pc=0x0000025a15c73288 sp=0x000000b7ad1fe270
Event: 4.559 Thread 0x0000025a25c78040 DEOPT UNPACKING pc=0x0000025a156d66a3 sp=0x000000b7ad1fe208 mode 2
Event: 4.608 Thread 0x0000025a25c78040 Uncommon trap: trap_request=0xffffffc6 fr.pc=0x0000025a15cd7330 relative=0x0000000000000df0
Event: 4.608 Thread 0x0000025a25c78040 Uncommon trap: reason=bimorphic_or_optimized_type_check action=maybe_recompile pc=0x0000025a15cd7330 method=java.io.DataInputStream.readInt()I @ 6 c2
Event: 4.608 Thread 0x0000025a25c78040 DEOPT PACKING pc=0x0000025a15cd7330 sp=0x000000b7ad1f8b50
Event: 4.608 Thread 0x0000025a25c78040 DEOPT UNPACKING pc=0x0000025a156d66a3 sp=0x000000b7ad1f8b08 mode 2
Event: 4.608 Thread 0x0000025a25c78040 Uncommon trap: trap_request=0xffffffc6 fr.pc=0x0000025a15cd7330 relative=0x0000000000000df0
Event: 4.608 Thread 0x0000025a25c78040 Uncommon trap: reason=bimorphic_or_optimized_type_check action=maybe_recompile pc=0x0000025a15cd7330 method=java.io.DataInputStream.readInt()I @ 6 c2
Event: 4.608 Thread 0x0000025a25c78040 DEOPT PACKING pc=0x0000025a15cd7330 sp=0x000000b7ad1f8ae0
Event: 4.608 Thread 0x0000025a25c78040 DEOPT UNPACKING pc=0x0000025a156d66a3 sp=0x000000b7ad1f8a98 mode 2
Event: 4.608 Thread 0x0000025a25c78040 Uncommon trap: trap_request=0xffffffc6 fr.pc=0x0000025a15cd7330 relative=0x0000000000000df0
Event: 4.608 Thread 0x0000025a25c78040 Uncommon trap: reason=bimorphic_or_optimized_type_check action=maybe_recompile pc=0x0000025a15cd7330 method=java.io.DataInputStream.readInt()I @ 6 c2
Event: 4.608 Thread 0x0000025a25c78040 DEOPT PACKING pc=0x0000025a15cd7330 sp=0x000000b7ad1f8b50
Event: 4.608 Thread 0x0000025a25c78040 DEOPT UNPACKING pc=0x0000025a156d66a3 sp=0x000000b7ad1f8b08 mode 2
Event: 4.608 Thread 0x0000025a25c78040 Uncommon trap: trap_request=0xffffffc6 fr.pc=0x0000025a15cd7330 relative=0x0000000000000df0
Event: 4.608 Thread 0x0000025a25c78040 Uncommon trap: reason=bimorphic_or_optimized_type_check action=maybe_recompile pc=0x0000025a15cd7330 method=java.io.DataInputStream.readInt()I @ 6 c2
Event: 4.608 Thread 0x0000025a25c78040 DEOPT PACKING pc=0x0000025a15cd7330 sp=0x000000b7ad1f8ae0
Event: 4.608 Thread 0x0000025a25c78040 DEOPT UNPACKING pc=0x0000025a156d66a3 sp=0x000000b7ad1f8a98 mode 2

Classes unloaded (0 events):
No events

Classes redefined (0 events):
No events

Internal exceptions (20 events):
Event: 2.238 Thread 0x0000025a0b4bdc10 Implicit null exception at 0x0000025a15c683c0 to 0x0000025a15c68d34
Event: 2.238 Thread 0x0000025a0b4bdc10 Implicit null exception at 0x0000025a15c6ebec to 0x0000025a15c6edd8
Event: 2.238 Thread 0x0000025a0b4bdc10 Implicit null exception at 0x0000025a15c6e56c to 0x0000025a15c6e754
Event: 2.238 Thread 0x0000025a0b4bdc10 Implicit null exception at 0x0000025a15c64f8f to 0x0000025a15c65009
Event: 2.360 Thread 0x0000025a0b4bdc10 Exception <a 'java/lang/NoSuchMethodError'{0x00000000ec3a6238}: 'int java.lang.invoke.DirectMethodHandle$Holder.invokeStaticInit(java.lang.Object, java.lang.Object, java.lang.Object, java.lang.Object)'> (0x00000000ec3a6238) 
thrown [s\src\hotspot\share\interpreter\linkResolver.cpp, line 759]
Event: 2.364 Thread 0x0000025a0b4bdc10 Exception <a 'java/lang/NoSuchMethodError'{0x00000000ec3b08a8}: 'java.lang.Object java.lang.invoke.DirectMethodHandle$Holder.invokeInterface(java.lang.Object, java.lang.Object)'> (0x00000000ec3b08a8) 
thrown [s\src\hotspot\share\interpreter\linkResolver.cpp, line 759]
Event: 2.365 Thread 0x0000025a0b4bdc10 Exception <a 'java/lang/IncompatibleClassChangeError'{0x00000000ec3b40a0}: Found class java.lang.Object, but interface was expected> (0x00000000ec3b40a0) 
thrown [s\src\hotspot\share\interpreter\linkResolver.cpp, line 826]
Event: 2.367 Thread 0x0000025a0b4bdc10 Exception <a 'java/lang/NoSuchMethodError'{0x00000000ec3b8590}: 'void java.lang.invoke.DirectMethodHandle$Holder.invokeStatic(java.lang.Object, java.lang.Object)'> (0x00000000ec3b8590) 
thrown [s\src\hotspot\share\interpreter\linkResolver.cpp, line 759]
Event: 2.367 Thread 0x0000025a0b4bdc10 Exception <a 'java/lang/NoSuchMethodError'{0x00000000ec3bbd90}: 'void java.lang.invoke.DirectMethodHandle$Holder.invokeStaticInit(java.lang.Object, java.lang.Object)'> (0x00000000ec3bbd90) 
thrown [s\src\hotspot\share\interpreter\linkResolver.cpp, line 759]
Event: 2.370 Thread 0x0000025a0b4bdc10 Exception <a 'java/lang/NoSuchMethodError'{0x00000000ec3c31a0}: 'int java.lang.invoke.DirectMethodHandle$Holder.invokeStaticInit(java.lang.Object, java.lang.Object)'> (0x00000000ec3c31a0) 
thrown [s\src\hotspot\share\interpreter\linkResolver.cpp, line 759]
Event: 2.481 Thread 0x0000025a0b4bdc10 Exception <a 'java/lang/NoSuchMethodError'{0x00000000eabf0300}: 'void java.lang.invoke.DirectMethodHandle$Holder.invokeSpecial(java.lang.Object, java.lang.Object, java.lang.Object)'> (0x00000000eabf0300) 
thrown [s\src\hotspot\share\interpreter\linkResolver.cpp, line 759]
Event: 3.101 Thread 0x0000025a0b4bdc10 Exception <a 'java/lang/NoSuchMethodError'{0x00000000eb87eac8}: 'java.lang.Object java.lang.invoke.DirectMethodHandle$Holder.newInvokeSpecial(java.lang.Object, int, java.lang.Object)'> (0x00000000eb87eac8) 
thrown [s\src\hotspot\share\interpreter\linkResolver.cpp, line 759]
Event: 3.478 Thread 0x0000025a0b4bdc10 Exception <a 'java/lang/UnsatisfiedLinkError'{0x00000000ebdc8f28}: 'void org.eclipse.equinox.launcher.JNIBridge._update_splash()'> (0x00000000ebdc8f28) 
thrown [s\src\hotspot\share\prims\nativeLookup.cpp, line 543]
Event: 3.614 Thread 0x0000025a25c78040 Exception <a 'java/lang/NoSuchMethodError'{0x00000000ec08f0f0}: 'java.lang.Object java.lang.invoke.DirectMethodHandle$Holder.invokeStaticInit(java.lang.Object)'> (0x00000000ec08f0f0) 
thrown [s\src\hotspot\share\interpreter\linkResolver.cpp, line 759]
Event: 3.727 Thread 0x0000025a25c78040 Exception <a 'java/lang/NullPointerException'{0x00000000ec1c9e70}> (0x00000000ec1c9e70) 
thrown [s\src\hotspot\share\interpreter\linkResolver.cpp, line 1350]
Event: 3.728 Thread 0x0000025a25c78040 Exception <a 'java/lang/NullPointerException'{0x00000000ec1ca148}> (0x00000000ec1ca148) 
thrown [s\src\hotspot\share\interpreter\linkResolver.cpp, line 1350]
Event: 4.354 Thread 0x0000025a25c78040 Exception <a 'java/io/FileNotFoundException'{0x00000000eb41c778}> (0x00000000eb41c778) 
thrown [s\src\hotspot\share\prims\jni.cpp, line 516]
Event: 4.440 Thread 0x0000025a25c78040 Exception <a 'java/lang/NoSuchMethodError'{0x00000000eb5ae808}: 'java.lang.Object java.lang.invoke.Invokers$Holder.invokeExact_MT(java.lang.Object, java.lang.Object, java.lang.Object, java.lang.Object, java.lang.Object, java.lang.Object)'> (0x00000000eb5ae808) 
thrown [s\src\hotspot\share\interpreter\linkResolver.cpp, line 759]
Event: 4.535 Thread 0x0000025a25c78040 Exception <a 'java/lang/NoSuchMethodError'{0x00000000eb6cd1d8}: 'java.lang.Object java.lang.invoke.Invokers$Holder.linkToTargetMethod(java.lang.Object, long, java.lang.Object)'> (0x00000000eb6cd1d8) 
thrown [s\src\hotspot\share\interpreter\linkResolver.cpp, line 759]
Event: 4.673 Thread 0x0000025a25c78040 Exception <a 'java/lang/NoSuchMethodError'{0x00000000eba5bb38}: 'void java.lang.invoke.DirectMethodHandle$Holder.invokeInterface(java.lang.Object, java.lang.Object, java.lang.Object)'> (0x00000000eba5bb38) 
thrown [s\src\hotspot\share\interpreter\linkResolver.cpp, line 759]

VM Operations (20 events):
Event: 2.372 Executing VM operation: Cleanup
Event: 2.372 Executing VM operation: Cleanup done
Event: 2.389 Executing VM operation: ParallelGCFailedAllocation
Event: 2.406 Executing VM operation: ParallelGCFailedAllocation done
Event: 3.025 Executing VM operation: HandshakeAllThreads
Event: 3.025 Executing VM operation: HandshakeAllThreads done
Event: 3.025 Executing VM operation: HandshakeAllThreads
Event: 3.025 Executing VM operation: HandshakeAllThreads done
Event: 3.040 Executing VM operation: HandshakeAllThreads
Event: 3.040 Executing VM operation: HandshakeAllThreads done
Event: 3.092 Executing VM operation: HandshakeAllThreads
Event: 3.092 Executing VM operation: HandshakeAllThreads done
Event: 3.719 Executing VM operation: HandshakeAllThreads
Event: 3.720 Executing VM operation: HandshakeAllThreads done
Event: 3.720 Executing VM operation: Cleanup
Event: 3.721 Executing VM operation: Cleanup done
Event: 3.839 Executing VM operation: ParallelGCFailedAllocation
Event: 3.847 Executing VM operation: ParallelGCFailedAllocation done
Event: 4.609 Executing VM operation: HandshakeAllThreads
Event: 4.609 Executing VM operation: HandshakeAllThreads done

Events (20 events):
Event: 4.619 loading class java/time/zone/Ser done
Event: 4.620 loading class java/util/Formatter
Event: 4.621 loading class java/util/Formatter done
Event: 4.625 loading class java/util/Formatter$FixedString
Event: 4.625 loading class java/util/Formatter$FormatString
Event: 4.625 loading class java/util/Formatter$FormatString done
Event: 4.626 loading class java/util/Formatter$FixedString done
Event: 4.626 loading class java/util/Formatter$Conversion
Event: 4.626 loading class java/util/Formatter$Conversion done
Event: 4.626 loading class java/util/Formatter$FormatSpecifier
Event: 4.627 loading class java/util/Formatter$FormatSpecifier done
Event: 4.627 loading class java/util/Formatter$Flags
Event: 4.628 loading class java/util/Formatter$Flags done
Event: 4.628 loading class java/util/Formattable
Event: 4.628 loading class java/util/Formattable done
Event: 4.671 loading class java/util/concurrent/TimeoutException
Event: 4.671 loading class java/util/concurrent/TimeoutException done
Event: 4.690 Thread 0x0000025a2602d030 Thread added: 0x0000025a2602d030
Event: 4.693 loading class java/net/URISyntaxException
Event: 4.694 loading class java/net/URISyntaxException done


Dynamic libraries:
0x00007ff7c7a00000 - 0x00007ff7c7a0e000 	c:\Users\Administrator\.vscode\extensions\redhat.java-1.27.0-win32-x64\jre\17.0.10-win32-x86_64\bin\java.exe
0x00007ffdaf070000 - 0x00007ffdaf287000 	C:\WINDOWS\SYSTEM32\ntdll.dll
0x00007ffdae6f0000 - 0x00007ffdae7b4000 	C:\WINDOWS\System32\KERNEL32.DLL
0x00007ffdac7d0000 - 0x00007ffdacb76000 	C:\WINDOWS\System32\KERNELBASE.dll
0x00007ffdacbb0000 - 0x00007ffdaccc1000 	C:\WINDOWS\System32\ucrtbase.dll
0x00007ffda2df0000 - 0x00007ffda2e0b000 	c:\Users\Administrator\.vscode\extensions\redhat.java-1.27.0-win32-x64\jre\17.0.10-win32-x86_64\bin\VCRUNTIME140.dll
0x00007ffda2c50000 - 0x00007ffda2c67000 	c:\Users\Administrator\.vscode\extensions\redhat.java-1.27.0-win32-x64\jre\17.0.10-win32-x86_64\bin\jli.dll
0x00007ffdad1b0000 - 0x00007ffdad35e000 	C:\WINDOWS\System32\USER32.dll
0x00007ffdacb80000 - 0x00007ffdacba6000 	C:\WINDOWS\System32\win32u.dll
0x00007ffdae580000 - 0x00007ffdae5a9000 	C:\WINDOWS\System32\GDI32.dll
0x00007ffdac480000 - 0x00007ffdac598000 	C:\WINDOWS\System32\gdi32full.dll
0x00007ffdac3b0000 - 0x00007ffdac44a000 	C:\WINDOWS\System32\msvcp_win.dll
0x00007ffd969f0000 - 0x00007ffd96c83000 	C:\WINDOWS\WinSxS\amd64_microsoft.windows.common-controls_6595b64144ccf1df_6.0.22621.2506_none_270c5ae97388e100\COMCTL32.dll
0x00007ffdad000000 - 0x00007ffdad0a7000 	C:\WINDOWS\System32\msvcrt.dll
0x00007ffdae5c0000 - 0x00007ffdae5f1000 	C:\WINDOWS\System32\IMM32.DLL
0x00007ffda4840000 - 0x00007ffda484c000 	c:\Users\Administrator\.vscode\extensions\redhat.java-1.27.0-win32-x64\jre\17.0.10-win32-x86_64\bin\vcruntime140_1.dll
0x00007ffd8b850000 - 0x00007ffd8b8dd000 	c:\Users\Administrator\.vscode\extensions\redhat.java-1.27.0-win32-x64\jre\17.0.10-win32-x86_64\bin\msvcp140.dll
0x00007ffd51a70000 - 0x00007ffd526d2000 	c:\Users\Administrator\.vscode\extensions\redhat.java-1.27.0-win32-x64\jre\17.0.10-win32-x86_64\bin\server\jvm.dll
0x00007ffdacec0000 - 0x00007ffdacf73000 	C:\WINDOWS\System32\ADVAPI32.dll
0x00007ffdaed40000 - 0x00007ffdaede8000 	C:\WINDOWS\System32\sechost.dll
0x00007ffdac450000 - 0x00007ffdac478000 	C:\WINDOWS\System32\bcrypt.dll
0x00007ffdaddf0000 - 0x00007ffdadf07000 	C:\WINDOWS\System32\RPCRT4.dll
0x00007ffdac280000 - 0x00007ffdac2cd000 	C:\WINDOWS\SYSTEM32\POWRPROF.dll
0x00007ffda4640000 - 0x00007ffda4649000 	C:\WINDOWS\SYSTEM32\WSOCK32.dll
0x00007ffda1dc0000 - 0x00007ffda1df4000 	C:\WINDOWS\SYSTEM32\WINMM.dll
0x00007ffdadd70000 - 0x00007ffdadde1000 	C:\WINDOWS\System32\WS2_32.dll
0x00007ffd9a2c0000 - 0x00007ffd9a2ca000 	C:\WINDOWS\SYSTEM32\VERSION.dll
0x00007ffdac260000 - 0x00007ffdac273000 	C:\WINDOWS\SYSTEM32\UMPDC.dll
0x00007ffdab3a0000 - 0x00007ffdab3b8000 	C:\WINDOWS\SYSTEM32\kernel.appcore.dll
0x00007ffda2bc0000 - 0x00007ffda2bca000 	c:\Users\Administrator\.vscode\extensions\redhat.java-1.27.0-win32-x64\jre\17.0.10-win32-x86_64\bin\jimage.dll
0x00007ffda6c40000 - 0x00007ffda6e73000 	C:\WINDOWS\SYSTEM32\DBGHELP.DLL
0x00007ffdae920000 - 0x00007ffdaeca9000 	C:\WINDOWS\System32\combase.dll
0x00007ffdadf10000 - 0x00007ffdadfe7000 	C:\WINDOWS\System32\OLEAUT32.dll
0x00007ffd8bae0000 - 0x00007ffd8bb12000 	C:\WINDOWS\SYSTEM32\dbgcore.DLL
0x00007ffdacd40000 - 0x00007ffdacdba000 	C:\WINDOWS\System32\bcryptPrimitives.dll
0x00007ffda29b0000 - 0x00007ffda29be000 	c:\Users\Administrator\.vscode\extensions\redhat.java-1.27.0-win32-x64\jre\17.0.10-win32-x86_64\bin\instrument.dll
0x00007ffd9dff0000 - 0x00007ffd9e015000 	c:\Users\Administrator\.vscode\extensions\redhat.java-1.27.0-win32-x64\jre\17.0.10-win32-x86_64\bin\java.dll
0x00007ffd9f4d0000 - 0x00007ffd9f4e8000 	c:\Users\Administrator\.vscode\extensions\redhat.java-1.27.0-win32-x64\jre\17.0.10-win32-x86_64\bin\zip.dll
0x00007ffdad360000 - 0x00007ffdadbba000 	C:\WINDOWS\System32\SHELL32.dll
0x00007ffdaa2b0000 - 0x00007ffdaaba6000 	C:\WINDOWS\SYSTEM32\windows.storage.dll
0x00007ffdaa170000 - 0x00007ffdaa2ae000 	C:\WINDOWS\SYSTEM32\wintypes.dll
0x00007ffdacdc0000 - 0x00007ffdaceb3000 	C:\WINDOWS\System32\SHCORE.dll
0x00007ffdae690000 - 0x00007ffdae6ee000 	C:\WINDOWS\System32\shlwapi.dll
0x00007ffdac2e0000 - 0x00007ffdac306000 	C:\WINDOWS\SYSTEM32\profapi.dll
0x00007ffd9f470000 - 0x00007ffd9f489000 	C:\Users\Administrator\.vscode\extensions\redhat.java-1.27.0-win32-x64\jre\17.0.10-win32-x86_64\bin\net.dll
0x00007ffda29e0000 - 0x00007ffda2b17000 	C:\WINDOWS\SYSTEM32\WINHTTP.dll
0x00007ffdab810000 - 0x00007ffdab879000 	C:\WINDOWS\system32\mswsock.dll
0x00007ffd967a0000 - 0x00007ffd967b6000 	C:\Users\Administrator\.vscode\extensions\redhat.java-1.27.0-win32-x64\jre\17.0.10-win32-x86_64\bin\nio.dll
0x00007ffda28c0000 - 0x00007ffda28d0000 	c:\Users\Administrator\.vscode\extensions\redhat.java-1.27.0-win32-x64\jre\17.0.10-win32-x86_64\bin\verify.dll
0x00007ffd92220000 - 0x00007ffd9225e000 	C:\Users\Administrator\AppData\Roaming\Code\User\globalStorage\redhat.java\1.27.0\config_ss_win\org.eclipse.equinox.launcher\org.eclipse.equinox.launcher.win32.win32.x86_64_1.2.900.v20240129-1338\eclipse_11900.dll
0x00007ffdadbd0000 - 0x00007ffdadd70000 	C:\WINDOWS\System32\ole32.dll

dbghelp: loaded successfully - version: 4.0.5 - missing functions: none
symbol engine: initialized successfully - sym options: 0x614 - pdb path: .;c:\Users\Administrator\.vscode\extensions\redhat.java-1.27.0-win32-x64\jre\17.0.10-win32-x86_64\bin;C:\WINDOWS\SYSTEM32;C:\WINDOWS\WinSxS\amd64_microsoft.windows.common-controls_6595b64144ccf1df_6.0.22621.2506_none_270c5ae97388e100;c:\Users\Administrator\.vscode\extensions\redhat.java-1.27.0-win32-x64\jre\17.0.10-win32-x86_64\bin\server;C:\Users\Administrator\AppData\Roaming\Code\User\globalStorage\redhat.java\1.27.0\config_ss_win\org.eclipse.equinox.launcher\org.eclipse.equinox.launcher.win32.win32.x86_64_1.2.900.v20240129-1338

VM Arguments:
jvm_args: --add-modules=ALL-SYSTEM --add-opens=java.base/java.util=ALL-UNNAMED --add-opens=java.base/java.lang=ALL-UNNAMED --add-opens=java.base/sun.nio.fs=ALL-UNNAMED -Declipse.application=org.eclipse.jdt.ls.core.id1 -Dosgi.bundles.defaultStartLevel=4 -Declipse.product=org.eclipse.jdt.ls.core.product -Djava.import.generatesMetadataFilesAtProjectRoot=false -DDetectVMInstallationsJob.disabled=true -Dfile.encoding=utf8 -XX:+UseParallelGC -XX:GCTimeRatio=4 -XX:AdaptiveSizePolicyWeight=90 -Dsun.zip.disableMemoryMapping=true -Xmx1G -Xms100m -Xlog:disable -javaagent:c:\Users\Administrator\.vscode\extensions\redhat.java-1.27.0-win32-x64\lombok\lombok-1.18.31.jar 
java_command: c:\Users\Administrator\.vscode\extensions\redhat.java-1.27.0-win32-x64\server\plugins\org.eclipse.equinox.launcher_1.6.700.v20231214-2017.jar -configuration c:\Users\Administrator\AppData\Roaming\Code\User\globalStorage\redhat.java\1.27.0\config_ss_win -data c:\Users\Administrator\AppData\Roaming\Code\User\workspaceStorage\92cf630d5520cf9d494fd4302ee3fba9\redhat.java\ss_ws --stdio
java_class_path (initial): c:\Users\Administrator\.vscode\extensions\redhat.java-1.27.0-win32-x64\server\plugins\org.eclipse.equinox.launcher_1.6.700.v20231214-2017.jar
Launcher Type: SUN_STANDARD

[Global flags]
    uintx AdaptiveSizePolicyWeight                 = 90                                        {product} {command line}
     intx CICompilerCount                          = 4                                         {product} {ergonomic}
    uintx GCTimeRatio                              = 4                                         {product} {command line}
   size_t InitialHeapSize                          = 104857600                                 {product} {command line}
   size_t MaxHeapSize                              = 1073741824                                {product} {command line}
   size_t MaxNewSize                               = 357564416                                 {product} {ergonomic}
   size_t MinHeapDeltaBytes                        = 524288                                    {product} {ergonomic}
   size_t MinHeapSize                              = 104857600                                 {product} {command line}
   size_t NewSize                                  = 34603008                                  {product} {ergonomic}
    uintx NonNMethodCodeHeapSize                   = 5839372                                {pd product} {ergonomic}
    uintx NonProfiledCodeHeapSize                  = 122909434                              {pd product} {ergonomic}
   size_t OldSize                                  = 70254592                                  {product} {ergonomic}
    uintx ProfiledCodeHeapSize                     = 122909434                              {pd product} {ergonomic}
    uintx ReservedCodeCacheSize                    = 251658240                              {pd product} {ergonomic}
     bool SegmentedCodeCache                       = true                                      {product} {ergonomic}
   size_t SoftMaxHeapSize                          = 1073741824                             {manageable} {ergonomic}
     bool UseCompressedClassPointers               = true                           {product lp64_product} {ergonomic}
     bool UseCompressedOops                        = true                           {product lp64_product} {ergonomic}
     bool UseLargePagesIndividualAllocation        = false                                  {pd product} {ergonomic}
     bool UseParallelGC                            = true                                      {product} {command line}

Logging:
Log output configuration:
 #0: stdout all=off uptime,level,tags
 #1: stderr all=off uptime,level,tags

Environment Variables:
PATH=C:\Program Files\Common Files\Oracle\Java\javapath;C:\Program Files (x86)\Common Files\Oracle\Java\javapath;C:\WINDOWS\system32;C:\WINDOWS;C:\WINDOWS\System32\Wbem;C:\WINDOWS\System32\WindowsPowerShell\v1.0\;C:\WINDOWS\System32\OpenSSH\;C:\Program Files\dotnet\;C:\Users\Administrator\AppData\Local\Microsoft\WindowsApps;C:\Users\Administrator\AppData\Local\Programs\Microsoft VS Code\bin;C:\MinGW\bin;C:\Users\Administrator\.dotnet\tools
USERNAME=Administrator
OS=Windows_NT
PROCESSOR_IDENTIFIER=Intel64 Family 6 Model 142 Stepping 10, GenuineIntel
TMP=C:\Users\ADMINI~1\AppData\Local\Temp
TEMP=C:\Users\ADMINI~1\AppData\Local\Temp



Periodic native trim disabled


---------------  S Y S T E M  ---------------

OS:
 Windows 11 , 64 bit Build 22621 (10.0.22621.2506)
OS uptime: 0 days 6:27 hours
Hyper-V role detected

CPU: total 8 (initial active 8) (4 cores per cpu, 2 threads per core) family 6 model 142 stepping 10 microcode 0xf4, cx8, cmov, fxsr, ht, mmx, 3dnowpref, sse, sse2, sse3, ssse3, sse4.1, sse4.2, popcnt, lzcnt, tsc, tscinvbit, avx, avx2, aes, erms, clmul, bmi1, bmi2, adx, fma, vzeroupper, clflush, clflushopt, hv
Processor Information for all 8 processors :
  Max Mhz: 1800, Current Mhz: 1600, Mhz Limit: 1584

Memory: 4k page, system-wide physical 8035M (1695M free)
TotalPageFile size 8035M (AvailPageFile size 13M)
current process WorkingSet (physical memory assigned to process): 96M, peak: 96M
current process commit charge ("private bytes"): 212M, peak: 212M

vm_info: OpenJDK 64-Bit Server VM (17.0.10+7) for windows-amd64 JRE (17.0.10+7), built on Jan 16 2024 23:25:11 by "admin" with MS VC++ 16.10 / 16.11 (VS2019)

END.
