#
# There is insufficient memory for the Java Runtime Environment to continue.
# Native memory allocation (mmap) failed to map 9437184 bytes for G1 virtual space
# Possible reasons:
#   The system is out of physical RAM or swap space
#   The process is running with CompressedOops enabled, and the Java Heap may be blocking the growth of the native heap
# Possible solutions:
#   Reduce memory load on the system
#   Increase physical memory or swap space
#   Check if swap backing store is full
#   Decrease Java heap size (-Xmx/-Xms)
#   Decrease number of Java threads
#   Decrease Java thread stack sizes (-Xss)
#   Set larger code cache with -XX:ReservedCodeCacheSize=
#   JVM is running with Unscaled Compressed Oops mode in which the Java heap is
#     placed in the first 4GB address space. The Java Heap base address is the
#     maximum limit for the native heap growth. Please use -XX:HeapBaseMinAddress
#     to set the Java Heap base and to place the Java Heap above 4GB virtual address.
# This output file may be truncated or incomplete.
#
#  Out of Memory Error (os_windows.cpp:3600), pid=14532, tid=12520
#
# JRE version: Java(TM) SE Runtime Environment (21.0.2+13) (build 21.0.2+13-LTS-58)
# Java VM: Java HotSpot(TM) 64-Bit Server VM (21.0.2+13-LTS-58, mixed mode, sharing, tiered, compressed oops, compressed class ptrs, g1 gc, windows-amd64)
# No core dump will be written. Minidumps are not enabled by default on client versions of Windows
#

---------------  S U M M A R Y ------------

Command Line: -Dapplication.home=C:\Program Files\Java\jdk-21 --add-modules=ALL-DEFAULT -Xms8m -Djdk.module.main=jdk.compiler jdk.compiler/com.sun.tools.javac.Main Gamepanel.java

Host: Intel(R) Core(TM) i5-8250U CPU @ 1.60GHz, 8 cores, 7G,  Windows 11 , 64 bit Build 22621 (10.0.22621.2506)
Time: Sat Feb  3 13:23:41 2024 E. Africa Standard Time elapsed time: 0.786303 seconds (0d 0h 0m 0s)

---------------  T H R E A D  ---------------

Current thread (0x0000022d64d35910):  VMThread "VM Thread"          [id=12520, stack(0x00000032f8d00000,0x00000032f8e00000) (1024K)]

Stack: [0x00000032f8d00000,0x00000032f8e00000]
Native frames: (J=compiled Java code, j=interpreted, Vv=VM code, C=native code)
V  [jvm.dll+0x6cade9]
V  [jvm.dll+0x8569c1]
V  [jvm.dll+0x858d2e]
V  [jvm.dll+0x859413]
V  [jvm.dll+0x280e56]
V  [jvm.dll+0x6c74d5]
V  [jvm.dll+0x6bbeca]
V  [jvm.dll+0x355bca]
V  [jvm.dll+0x35d816]
V  [jvm.dll+0x3ae67e]
V  [jvm.dll+0x3ae928]
V  [jvm.dll+0x3295dc]
V  [jvm.dll+0x329667]
V  [jvm.dll+0x36df1c]
V  [jvm.dll+0x36c71d]
V  [jvm.dll+0x328d51]
V  [jvm.dll+0x36be2a]
V  [jvm.dll+0x85ef18]
V  [jvm.dll+0x860014]
V  [jvm.dll+0x860550]
V  [jvm.dll+0x8607f3]
V  [jvm.dll+0x7ff568]
V  [jvm.dll+0x6c953d]
C  [ucrtbase.dll+0x29363]
C  [KERNEL32.DLL+0x1257d]
C  [ntdll.dll+0x5aa58]

VM_Operation (0x00000032f86fdd40): G1CollectForAllocation, mode: safepoint, requested by thread 0x0000022d62a49e80


---------------  P R O C E S S  ---------------

Threads class SMR info:
_java_thread_list=0x0000022d471c8f40, length=13, elements={
0x0000022d62a49e80, 0x0000022d7f51f630, 0x0000022d7f520550, 0x0000022d7f5273b0,
0x0000022d7f52a090, 0x0000022d7f52cc70, 0x0000022d7f52bb00, 0x0000022d7f53ae70,
0x0000022d7f53d530, 0x0000022d7f7312d0, 0x0000022d7f7c8020, 0x0000022d4732ba90,
0x0000022d471c2e90
}

Java Threads: ( => current thread )
  0x0000022d62a49e80 JavaThread "main"                              [_thread_blocked, id=8700, stack(0x00000032f8600000,0x00000032f8700000) (1024K)]
  0x0000022d7f51f630 JavaThread "Reference Handler"          daemon [_thread_blocked, id=6428, stack(0x00000032f8e00000,0x00000032f8f00000) (1024K)]
  0x0000022d7f520550 JavaThread "Finalizer"                  daemon [_thread_blocked, id=7636, stack(0x00000032f8f00000,0x00000032f9000000) (1024K)]
  0x0000022d7f5273b0 JavaThread "Signal Dispatcher"          daemon [_thread_blocked, id=15876, stack(0x00000032f9000000,0x00000032f9100000) (1024K)]
  0x0000022d7f52a090 JavaThread "Attach Listener"            daemon [_thread_blocked, id=8132, stack(0x00000032f9100000,0x00000032f9200000) (1024K)]
  0x0000022d7f52cc70 JavaThread "Service Thread"             daemon [_thread_blocked, id=2336, stack(0x00000032f9200000,0x00000032f9300000) (1024K)]
  0x0000022d7f52bb00 JavaThread "Monitor Deflation Thread"   daemon [_thread_blocked, id=2964, stack(0x00000032f9300000,0x00000032f9400000) (1024K)]
  0x0000022d7f53ae70 JavaThread "C2 CompilerThread0"         daemon [_thread_blocked, id=12512, stack(0x00000032f9400000,0x00000032f9500000) (1024K)]
  0x0000022d7f53d530 JavaThread "C1 CompilerThread0"         daemon [_thread_blocked, id=13916, stack(0x00000032f9500000,0x00000032f9600000) (1024K)]
  0x0000022d7f7312d0 JavaThread "Common-Cleaner"             daemon [_thread_blocked, id=15672, stack(0x00000032f9600000,0x00000032f9700000) (1024K)]
  0x0000022d7f7c8020 JavaThread "Notification Thread"        daemon [_thread_blocked, id=16360, stack(0x00000032f9700000,0x00000032f9800000) (1024K)]
  0x0000022d4732ba90 JavaThread "C2 CompilerThread1"         daemon [_thread_blocked, id=10480, stack(0x00000032f9d00000,0x00000032f9e00000) (1024K)]
  0x0000022d471c2e90 JavaThread "C2 CompilerThread2"         daemon [_thread_blocked, id=5644, stack(0x00000032f9e00000,0x00000032f9f00000) (1024K)]
Total: 13

Other Threads:
=>0x0000022d64d35910 VMThread "VM Thread"                           [id=12520, stack(0x00000032f8d00000,0x00000032f8e00000) (1024K)]
  0x0000022d7f50d2b0 WatcherThread "VM Periodic Task Thread"        [id=6256, stack(0x00000032f8c00000,0x00000032f8d00000) (1024K)]
  0x0000022d64cca5f0 WorkerThread "GC Thread#0"                     [id=16048, stack(0x00000032f8700000,0x00000032f8800000) (1024K)]
  0x0000022d7fa72510 WorkerThread "GC Thread#1"                     [id=3656, stack(0x00000032f9800000,0x00000032f9900000) (1024K)]
  0x0000022d7fa586b0 WorkerThread "GC Thread#2"                     [id=10120, stack(0x00000032f9900000,0x00000032f9a00000) (1024K)]
  0x0000022d7f9bea90 WorkerThread "GC Thread#3"                     [id=9592, stack(0x00000032f9a00000,0x00000032f9b00000) (1024K)]
  0x0000022d47108bc0 WorkerThread "GC Thread#4"                     [id=3844, stack(0x00000032f9b00000,0x00000032f9c00000) (1024K)]
  0x0000022d470033e0 WorkerThread "GC Thread#5"                     [id=7204, stack(0x00000032f9c00000,0x00000032f9d00000) (1024K)]
  0x0000022d64cdb920 ConcurrentGCThread "G1 Main Marker"            [id=608, stack(0x00000032f8800000,0x00000032f8900000) (1024K)]
  0x0000022d64cdc5d0 WorkerThread "G1 Conc#0"                       [id=4940, stack(0x00000032f8900000,0x00000032f8a00000) (1024K)]
  0x0000022d64d08530 ConcurrentGCThread "G1 Refine#0"               [id=6952, stack(0x00000032f8a00000,0x00000032f8b00000) (1024K)]
  0x0000022d64d0d0b0 ConcurrentGCThread "G1 Service"                [id=10600, stack(0x00000032f8b00000,0x00000032f8c00000) (1024K)]
Total: 12

Threads with active compile tasks:
C2 CompilerThread0      831 1009       4       com.sun.tools.javac.util.Convert::chars2utf (159 bytes)
C1 CompilerThread0      831  981       3       com.sun.tools.javac.file.JavacFileManager::getLocationAsPaths (14 bytes)
C2 CompilerThread1      831 1014       4       java.util.regex.Pattern$Node::study (21 bytes)
C2 CompilerThread2      831 1013       4       com.sun.tools.javac.util.SharedNameTable::fromUtf (190 bytes)
Total: 4

VM state: at safepoint (normal execution)

VM Mutex/Monitor currently owned by a thread:  ([mutex/lock_event])
[0x00007ffd36f0cd68] Threads_lock - owner thread: 0x0000022d64d35910
[0x00007ffd36f0ce68] Heap_lock - owner thread: 0x0000022d62a49e80

Heap address: 0x0000000082600000, size: 2010 MB, Compressed Oops mode: 32-bit

CDS archive(s) mapped at: [0x0000022d02000000-0x0000022d02c90000-0x0000022d02c90000), size 13172736, SharedBaseAddress: 0x0000022d02000000, ArchiveRelocationMode: 1.
Compressed class space mapped at: 0x0000022d03000000-0x0000022d43000000, reserved size: 1073741824
Narrow klass base: 0x0000022d02000000, Narrow klass shift: 0, Narrow klass range: 0x100000000

GC Precious Log:
 CardTable entry size: 512
 Card Set container configuration: InlinePtr #cards 5 size 8 Array Of Cards #cards 12 size 40 Howl #buckets 4 coarsen threshold 1843 Howl Bitmap #cards 512 size 80 coarsen threshold 460 Card regions per heap region 1 cards per card region 2048
 CPUs: 8 total, 8 available
 Memory: 8035M
 Large Page Support: Disabled
 NUMA Support: Disabled
 Compressed Oops: Enabled (32-bit)
 Heap Region Size: 1M
 Heap Min Capacity: 8M
 Heap Initial Capacity: 8M
 Heap Max Capacity: 2010M
 Pre-touch: Disabled
 Parallel Workers: 8
 Concurrent Workers: 2
 Concurrent Refinement Workers: 8
 Periodic GC: Disabled

Heap:
 garbage-first heap   total 10240K, used 4237K [0x0000000082600000, 0x0000000100000000)
  region size 1024K, 1 young (1024K), 1 survivors (1024K)
 Metaspace       used 8395K, committed 8576K, reserved 1114112K
  class space    used 948K, committed 1024K, reserved 1048576K

Heap Regions: E=young(eden), S=young(survivor), O=old, HS=humongous(starts), HC=humongous(continues), CS=collection set, F=free, TAMS=top-at-mark-start, PB=parsable bottom
|   0|0x0000000082600000, 0x0000000082700000, 0x0000000082700000|100%| O|  |TAMS 0x0000000082600000| PB 0x0000000082600000| Untracked 
|   1|0x0000000082700000, 0x0000000082800000, 0x0000000082800000|100%| O|  |TAMS 0x0000000082700000| PB 0x0000000082700000| Untracked 
|   2|0x0000000082800000, 0x0000000082900000, 0x0000000082900000|100%| O|  |TAMS 0x0000000082800000| PB 0x0000000082800000| Untracked 
|   3|0x0000000082900000, 0x000000008298d3d0, 0x0000000082a00000| 55%| O|  |TAMS 0x0000000082900000| PB 0x0000000082900000| Untracked 
|   4|0x0000000082a00000, 0x0000000082a00000, 0x0000000082b00000|  0%| F|  |TAMS 0x0000000082a00000| PB 0x0000000082a00000| Untracked 
|   5|0x0000000082b00000, 0x0000000082b00000, 0x0000000082c00000|  0%| F|  |TAMS 0x0000000082b00000| PB 0x0000000082b00000| Untracked 
|   6|0x0000000082c00000, 0x0000000082c96300, 0x0000000082d00000| 58%| S|CS|TAMS 0x0000000082c00000| PB 0x0000000082c00000| Complete 
|   7|0x0000000082d00000, 0x0000000082d00000, 0x0000000082e00000|  0%| F|  |TAMS 0x0000000082d00000| PB 0x0000000082d00000| Untracked 
|   8|0x0000000082e00000, 0x0000000082e00000, 0x0000000082f00000|  0%| F|  |TAMS 0x0000000082e00000| PB 0x0000000082e00000| Untracked 
|   9|0x0000000082f00000, 0x0000000082f00000, 0x0000000083000000|  0%| F|  |TAMS 0x0000000082f00000| PB 0x0000000082f00000| Untracked 

Card table byte_map: [0x0000022d7c800000,0x0000022d7cbf0000] _byte_map_base: 0x0000022d7c3ed000

Marking Bits: (CMBitMap*) 0x0000022d64ccacf0
 Bits: [0x0000022d7cbf0000, 0x0000022d7eb58000)

Polling page: 0x0000022d62c00000

Metaspace:

Usage:
  Non-class:      7.27 MB used.
      Class:    948.78 KB used.
       Both:      8.20 MB used.

Virtual space:
  Non-class space:       64.00 MB reserved,       7.38 MB ( 12%) committed,  1 nodes.
      Class space:        1.00 GB reserved,       1.00 MB ( <1%) committed,  1 nodes.
             Both:        1.06 GB reserved,       8.38 MB ( <1%) committed. 

Chunk freelists:
   Non-Class:  6.27 MB
       Class:  14.94 MB
        Both:  21.20 MB

MaxMetaspaceSize: unlimited
CompressedClassSpaceSize: 1.00 GB
Initial GC threshold: 21.00 MB
Current GC threshold: 21.00 MB
CDS: on
 - commit_granule_bytes: 65536.
 - commit_granule_words: 8192.
 - virtual_space_node_default_size: 8388608.
 - enlarge_chunks_in_place: 1.
 - use_allocation_guard: 0.


Internal statistics:

num_allocs_failed_limit: 0.
num_arena_births: 62.
num_arena_deaths: 0.
num_vsnodes_births: 2.
num_vsnodes_deaths: 0.
num_space_committed: 134.
num_space_uncommitted: 0.
num_chunks_returned_to_freelist: 0.
num_chunks_taken_from_freelist: 340.
num_chunk_merges: 0.
num_chunk_splits: 241.
num_chunks_enlarged: 188.
num_inconsistent_stats: 0.

CodeHeap 'non-profiled nmethods': size=120000Kb used=343Kb max_used=343Kb free=119656Kb
 bounds [0x0000022d74bb0000, 0x0000022d74e20000, 0x0000022d7c0e0000]
CodeHeap 'profiled nmethods': size=120000Kb used=1695Kb max_used=1695Kb free=118304Kb
 bounds [0x0000022d6d0e0000, 0x0000022d6d350000, 0x0000022d74610000]
CodeHeap 'non-nmethods': size=5760Kb used=1320Kb max_used=1354Kb free=4439Kb
 bounds [0x0000022d74610000, 0x0000022d74880000, 0x0000022d74bb0000]
 total_blobs=1424 nmethods=994 adapters=335
 compilation: enabled
              stopped_count=0, restarted_count=0
 full_count=0

Compilation events (20 events):
Event: 0.771 Thread 0x0000022d7f53ae70 1009       4       com.sun.tools.javac.util.Convert::chars2utf (159 bytes)
Event: 0.772 Thread 0x0000022d7f53d530 nmethod 988 0x0000022d6d281d90 code [0x0000022d6d2821e0, 0x0000022d6d284058]
Event: 0.772 Thread 0x0000022d4732ba90 1010       4       com.sun.tools.javac.util.Name::getBytes (18 bytes)
Event: 0.773 Thread 0x0000022d7f53d530  989       3       java.util.regex.Pattern$Bound::isWord (29 bytes)
Event: 0.774 Thread 0x0000022d7f53d530 nmethod 989 0x0000022d6d284990 code [0x0000022d6d284c00, 0x0000022d6d285708]
Event: 0.774 Thread 0x0000022d7f53d530  995       3       java.util.regex.CharPredicates$$Lambda/0x0000022d0305fbe0::is (5 bytes)
Event: 0.775 Thread 0x0000022d471c2e90 nmethod 994 0x0000022d74c05010 code [0x0000022d74c051e0, 0x0000022d74c05558]
Event: 0.775 Thread 0x0000022d7f53d530 nmethod 995 0x0000022d6d285a90 code [0x0000022d6d285c60, 0x0000022d6d286058]
Event: 0.775 Thread 0x0000022d7f53d530  996       3       java.util.regex.CharPredicates::lambda$ASCII_WORD$19 (20 bytes)
Event: 0.776 Thread 0x0000022d471c2e90 1013       4       com.sun.tools.javac.util.SharedNameTable::fromUtf (190 bytes)
Event: 0.776 Thread 0x0000022d7f53d530 nmethod 996 0x0000022d6d286210 code [0x0000022d6d2863e0, 0x0000022d6d286750]
Event: 0.776 Thread 0x0000022d7f53d530  997       3       java.util.regex.ASCII::isWord (7 bytes)
Event: 0.776 Thread 0x0000022d4732ba90 nmethod 1010 0x0000022d74c05810 code [0x0000022d74c059a0, 0x0000022d74c05b30]
Event: 0.776 Thread 0x0000022d7f53d530 nmethod 997 0x0000022d6d286890 code [0x0000022d6d286a40, 0x0000022d6d286cc8]
Event: 0.777 Thread 0x0000022d7f53d530  998       3       java.util.regex.Pattern$Slice::match (79 bytes)
Event: 0.777 Thread 0x0000022d4732ba90 1014       4       java.util.regex.Pattern$Node::study (21 bytes)
Event: 0.777 Thread 0x0000022d7f53d530 nmethod 998 0x0000022d6d286e10 code [0x0000022d6d287000, 0x0000022d6d287490]
Event: 0.777 Thread 0x0000022d7f53d530  999       3       com.sun.tools.javac.file.Locations$ModuleLocationHandler::getPaths (8 bytes)
Event: 0.778 Thread 0x0000022d7f53d530 nmethod 999 0x0000022d6d287610 code [0x0000022d6d287800, 0x0000022d6d287d08]
Event: 0.778 Thread 0x0000022d7f53d530  981       3       com.sun.tools.javac.file.JavacFileManager::getLocationAsPaths (14 bytes)

GC Heap History (17 events):
Event: 0.243 GC heap before
{Heap before GC invocations=0 (full 0):
 garbage-first heap   total 8192K, used 2048K [0x0000000082600000, 0x0000000100000000)
  region size 1024K, 3 young (3072K), 0 survivors (0K)
 Metaspace       used 2617K, committed 2752K, reserved 1114112K
  class space    used 340K, committed 384K, reserved 1048576K
}
Event: 0.246 GC heap after
{Heap after GC invocations=1 (full 0):
 garbage-first heap   total 8192K, used 1292K [0x0000000082600000, 0x0000000100000000)
  region size 1024K, 1 young (1024K), 1 survivors (1024K)
 Metaspace       used 2617K, committed 2752K, reserved 1114112K
  class space    used 340K, committed 384K, reserved 1048576K
}
Event: 0.369 GC heap before
{Heap before GC invocations=1 (full 0):
 garbage-first heap   total 8192K, used 1292K [0x0000000082600000, 0x0000000100000000)
  region size 1024K, 2 young (2048K), 1 survivors (1024K)
 Metaspace       used 5444K, committed 5568K, reserved 1114112K
  class space    used 655K, committed 704K, reserved 1048576K
}
Event: 0.373 GC heap after
{Heap after GC invocations=2 (full 0):
 garbage-first heap   total 8192K, used 1842K [0x0000000082600000, 0x0000000100000000)
  region size 1024K, 1 young (1024K), 1 survivors (1024K)
 Metaspace       used 5444K, committed 5568K, reserved 1114112K
  class space    used 655K, committed 704K, reserved 1048576K
}
Event: 0.468 GC heap before
{Heap before GC invocations=2 (full 0):
 garbage-first heap   total 8192K, used 2866K [0x0000000082600000, 0x0000000100000000)
  region size 1024K, 2 young (2048K), 1 survivors (1024K)
 Metaspace       used 6919K, committed 7040K, reserved 1114112K
  class space    used 819K, committed 896K, reserved 1048576K
}
Event: 0.470 GC heap after
{Heap after GC invocations=3 (full 0):
 garbage-first heap   total 8192K, used 2244K [0x0000000082600000, 0x0000000100000000)
  region size 1024K, 1 young (1024K), 1 survivors (1024K)
 Metaspace       used 6919K, committed 7040K, reserved 1114112K
  class space    used 819K, committed 896K, reserved 1048576K
}
Event: 0.542 GC heap before
{Heap before GC invocations=3 (full 0):
 garbage-first heap   total 8192K, used 3268K [0x0000000082600000, 0x0000000100000000)
  region size 1024K, 2 young (2048K), 1 survivors (1024K)
 Metaspace       used 7803K, committed 7936K, reserved 1114112K
  class space    used 886K, committed 960K, reserved 1048576K
}
Event: 0.545 GC heap after
{Heap after GC invocations=4 (full 0):
 garbage-first heap   total 8192K, used 2508K [0x0000000082600000, 0x0000000100000000)
  region size 1024K, 1 young (1024K), 1 survivors (1024K)
 Metaspace       used 7803K, committed 7936K, reserved 1114112K
  class space    used 886K, committed 960K, reserved 1048576K
}
Event: 0.639 GC heap before
{Heap before GC invocations=4 (full 0):
 garbage-first heap   total 8192K, used 4556K [0x0000000082600000, 0x0000000100000000)
  region size 1024K, 3 young (3072K), 1 survivors (1024K)
 Metaspace       used 8203K, committed 8384K, reserved 1114112K
  class space    used 940K, committed 1024K, reserved 1048576K
}
Event: 0.643 GC heap after
{Heap after GC invocations=5 (full 0):
 garbage-first heap   total 10240K, used 3190K [0x0000000082600000, 0x0000000100000000)
  region size 1024K, 1 young (1024K), 1 survivors (1024K)
 Metaspace       used 8203K, committed 8384K, reserved 1114112K
  class space    used 940K, committed 1024K, reserved 1048576K
}
Event: 0.668 GC heap before
{Heap before GC invocations=5 (full 0):
 garbage-first heap   total 10240K, used 5238K [0x0000000082600000, 0x0000000100000000)
  region size 1024K, 3 young (3072K), 1 survivors (1024K)
 Metaspace       used 8230K, committed 8384K, reserved 1114112K
  class space    used 940K, committed 1024K, reserved 1048576K
}
Event: 0.671 GC heap after
{Heap after GC invocations=6 (full 0):
 garbage-first heap   total 10240K, used 3498K [0x0000000082600000, 0x0000000100000000)
  region size 1024K, 1 young (1024K), 1 survivors (1024K)
 Metaspace       used 8230K, committed 8384K, reserved 1114112K
  class space    used 940K, committed 1024K, reserved 1048576K
}
Event: 0.735 GC heap before
{Heap before GC invocations=6 (full 0):
 garbage-first heap   total 10240K, used 5546K [0x0000000082600000, 0x0000000100000000)
  region size 1024K, 3 young (3072K), 1 survivors (1024K)
 Metaspace       used 8359K, committed 8576K, reserved 1114112K
  class space    used 948K, committed 1024K, reserved 1048576K
}
Event: 0.737 GC heap after
{Heap after GC invocations=7 (full 0):
 garbage-first heap   total 10240K, used 3655K [0x0000000082600000, 0x0000000100000000)
  region size 1024K, 1 young (1024K), 1 survivors (1024K)
 Metaspace       used 8359K, committed 8576K, reserved 1114112K
  class space    used 948K, committed 1024K, reserved 1048576K
}
Event: 0.751 GC heap before
{Heap before GC invocations=7 (full 0):
 garbage-first heap   total 10240K, used 5703K [0x0000000082600000, 0x0000000100000000)
  region size 1024K, 3 young (3072K), 1 survivors (1024K)
 Metaspace       used 8378K, committed 8576K, reserved 1114112K
  class space    used 948K, committed 1024K, reserved 1048576K
}
Event: 0.753 GC heap after
{Heap after GC invocations=8 (full 0):
 garbage-first heap   total 10240K, used 4008K [0x0000000082600000, 0x0000000100000000)
  region size 1024K, 1 young (1024K), 1 survivors (1024K)
 Metaspace       used 8378K, committed 8576K, reserved 1114112K
  class space    used 948K, committed 1024K, reserved 1048576K
}
Event: 0.778 GC heap before
{Heap before GC invocations=8 (full 0):
 garbage-first heap   total 10240K, used 6056K [0x0000000082600000, 0x0000000100000000)
  region size 1024K, 3 young (3072K), 1 survivors (1024K)
 Metaspace       used 8395K, committed 8576K, reserved 1114112K
  class space    used 948K, committed 1024K, reserved 1048576K
}

Dll operation events (5 events):
Event: 0.010 Loaded shared library C:\Program Files\Java\jdk-21\bin\java.dll
Event: 0.047 Loaded shared library C:\Program Files\Java\jdk-21\bin\jsvml.dll
Event: 0.088 Loaded shared library C:\Program Files\Java\jdk-21\bin\jimage.dll
Event: 0.177 Loaded shared library C:\Program Files\Java\jdk-21\bin\net.dll
Event: 0.179 Loaded shared library C:\Program Files\Java\jdk-21\bin\nio.dll

Deoptimization events (20 events):
Event: 0.237 Thread 0x0000022d62a49e80 DEOPT PACKING pc=0x0000022d6d10b2f8 sp=0x00000032f86fab40
Event: 0.237 Thread 0x0000022d62a49e80 DEOPT UNPACKING pc=0x0000022d74664e42 sp=0x00000032f86f9f60 mode 0
Event: 0.271 Thread 0x0000022d62a49e80 DEOPT PACKING pc=0x0000022d6d0fdfd8 sp=0x00000032f86f8950
Event: 0.271 Thread 0x0000022d62a49e80 DEOPT UNPACKING pc=0x0000022d74664e42 sp=0x00000032f86f7db8 mode 0
Event: 0.456 Thread 0x0000022d62a49e80 Uncommon trap: trap_request=0xffffff45 fr.pc=0x0000022d74bd7170 relative=0x0000000000000510
Event: 0.456 Thread 0x0000022d62a49e80 Uncommon trap: reason=unstable_if action=reinterpret pc=0x0000022d74bd7170 method=java.lang.StringLatin1.replace([BCC)Ljava/lang/String; @ 19 c2
Event: 0.456 Thread 0x0000022d62a49e80 DEOPT PACKING pc=0x0000022d74bd7170 sp=0x00000032f86fef80
Event: 0.456 Thread 0x0000022d62a49e80 DEOPT UNPACKING pc=0x0000022d746646a2 sp=0x00000032f86fef00 mode 2
Event: 0.536 Thread 0x0000022d62a49e80 Uncommon trap: trap_request=0xffffff45 fr.pc=0x0000022d74bd1c58 relative=0x00000000000009b8
Event: 0.536 Thread 0x0000022d62a49e80 Uncommon trap: reason=unstable_if action=reinterpret pc=0x0000022d74bd1c58 method=java.util.HashMap.putVal(ILjava/lang/Object;Ljava/lang/Object;ZZ)Ljava/lang/Object; @ 181 c2
Event: 0.536 Thread 0x0000022d62a49e80 DEOPT PACKING pc=0x0000022d74bd1c58 sp=0x00000032f86fed70
Event: 0.536 Thread 0x0000022d62a49e80 DEOPT UNPACKING pc=0x0000022d746646a2 sp=0x00000032f86fed10 mode 2
Event: 0.636 Thread 0x0000022d62a49e80 Uncommon trap: trap_request=0xffffffc6 fr.pc=0x0000022d74bf3230 relative=0x00000000000003b0
Event: 0.636 Thread 0x0000022d62a49e80 Uncommon trap: reason=bimorphic_or_optimized_type_check action=maybe_recompile pc=0x0000022d74bf3230 method=java.util.HashMap.getNode(Ljava/lang/Object;)Ljava/util/HashMap$Node; @ 63 c2
Event: 0.636 Thread 0x0000022d62a49e80 DEOPT PACKING pc=0x0000022d74bf3230 sp=0x00000032f86fe690
Event: 0.636 Thread 0x0000022d62a49e80 DEOPT UNPACKING pc=0x0000022d746646a2 sp=0x00000032f86fe598 mode 2
Event: 0.733 Thread 0x0000022d62a49e80 Uncommon trap: trap_request=0xffffffc6 fr.pc=0x0000022d74bf3230 relative=0x00000000000003b0
Event: 0.733 Thread 0x0000022d62a49e80 Uncommon trap: reason=bimorphic_or_optimized_type_check action=maybe_recompile pc=0x0000022d74bf3230 method=java.util.HashMap.getNode(Ljava/lang/Object;)Ljava/util/HashMap$Node; @ 63 c2
Event: 0.733 Thread 0x0000022d62a49e80 DEOPT PACKING pc=0x0000022d74bf3230 sp=0x00000032f86fe400
Event: 0.733 Thread 0x0000022d62a49e80 DEOPT UNPACKING pc=0x0000022d746646a2 sp=0x00000032f86fe308 mode 2

Classes loaded (20 events):
Event: 0.615 Loading class java/nio/file/Files$AcceptAllFilter
Event: 0.615 Loading class java/nio/file/Files$AcceptAllFilter done
Event: 0.615 Loading class sun/nio/fs/WindowsDirectoryStream
Event: 0.615 Loading class sun/nio/fs/WindowsDirectoryStream done
Event: 0.616 Loading class sun/nio/fs/WindowsDirectoryStream$WindowsDirectoryIterator
Event: 0.616 Loading class sun/nio/fs/WindowsDirectoryStream$WindowsDirectoryIterator done
Event: 0.616 Loading class java/nio/file/Files$2
Event: 0.616 Loading class java/nio/file/Files$2 done
Event: 0.617 Loading class java/util/ImmutableCollections$Access
Event: 0.617 Loading class java/util/ImmutableCollections$Access done
Event: 0.617 Loading class java/util/ImmutableCollections$Access$1
Event: 0.617 Loading class jdk/internal/access/JavaUtilCollectionAccess
Event: 0.617 Loading class jdk/internal/access/JavaUtilCollectionAccess done
Event: 0.617 Loading class java/util/ImmutableCollections$Access$1 done
Event: 0.619 Loading class java/util/stream/Nodes$SpinedNodeBuilder
Event: 0.619 Loading class java/util/stream/Nodes$SpinedNodeBuilder done
Event: 0.619 Loading class sun/nio/fs/WindowsPath$WindowsPathWithAttributes
Event: 0.619 Loading class sun/nio/fs/BasicFileAttributesHolder
Event: 0.619 Loading class sun/nio/fs/BasicFileAttributesHolder done
Event: 0.619 Loading class sun/nio/fs/WindowsPath$WindowsPathWithAttributes done

Classes unloaded (0 events):
No events

Classes redefined (0 events):
No events

Internal exceptions (15 events):
Event: 0.167 Thread 0x0000022d62a49e80 Exception <a 'java/lang/NoSuchMethodError'{0x0000000082cfb130}: 'void java.lang.invoke.DirectMethodHandle$Holder.invokeSpecial(java.lang.Object, java.lang.Object, java.lang.Object)'> (0x0000000082cfb130) 
thrown [s\open\src\hotspot\share\interpreter\linkResolver.cpp, line 773]
Event: 0.195 Thread 0x0000022d62a49e80 Exception <a 'java/lang/NoSuchMethodError'{0x0000000082b3ae28}: 'int java.lang.invoke.DirectMethodHandle$Holder.invokeVirtual(java.lang.Object, java.lang.Object, java.lang.Object)'> (0x0000000082b3ae28) 
thrown [s\open\src\hotspot\share\interpreter\linkResolver.cpp, line 773]
Event: 0.196 Thread 0x0000022d62a49e80 Exception <a 'java/lang/NoSuchMethodError'{0x0000000082b40fb8}: 'void java.lang.invoke.DirectMethodHandle$Holder.invokeInterface(java.lang.Object, java.lang.Object, java.lang.Object)'> (0x0000000082b40fb8) 
thrown [s\open\src\hotspot\share\interpreter\linkResolver.cpp, line 773]
Event: 0.294 Thread 0x0000022d62a49e80 Exception <a 'java/lang/NoSuchMethodError'{0x0000000082d78de0}: 'int java.lang.invoke.DirectMethodHandle$Holder.invokeStaticInit(java.lang.Object, java.lang.Object)'> (0x0000000082d78de0) 
thrown [s\open\src\hotspot\share\interpreter\linkResolver.cpp, line 773]
Event: 0.387 Thread 0x0000022d62a49e80 Exception <a 'java/lang/NoSuchMethodError'{0x0000000082d31680}: 'int java.lang.invoke.DirectMethodHandle$Holder.invokeVirtual(java.lang.Object, java.lang.Object)'> (0x0000000082d31680) 
thrown [s\open\src\hotspot\share\interpreter\linkResolver.cpp, line 773]
Event: 0.395 Thread 0x0000022d62a49e80 Exception <a 'java/lang/NoSuchMethodError'{0x0000000082d54300}: 'java.lang.Object java.lang.invoke.DirectMethodHandle$Holder.newInvokeSpecial(java.lang.Object, java.lang.Object, java.lang.Object, java.lang.Object, java.lang.Object)'> (0x0000000082d54300) 
thrown [s\open\src\hotspot\share\interpreter\linkResolver.cpp, line 773]
Event: 0.398 Thread 0x0000022d62a49e80 Exception <a 'java/lang/NoSuchMethodError'{0x0000000082d619d0}: 'java.lang.Object java.lang.invoke.DirectMethodHandle$Holder.newInvokeSpecial(java.lang.Object, java.lang.Object, java.lang.Object, java.lang.Object, java.lang.Object, java.lang.Object)'> (0x0000000082d619d0) 
thrown [s\open\src\hotspot\share\interpreter\linkResolver.cpp, line 773]
Event: 0.424 Thread 0x0000022d62a49e80 Exception <a 'java/lang/NoSuchMethodError'{0x0000000082daae50}: 'java.lang.Object java.lang.invoke.DirectMethodHandle$Holder.invokeVirtual(java.lang.Object, java.lang.Object, java.lang.Object)'> (0x0000000082daae50) 
thrown [s\open\src\hotspot\share\interpreter\linkResolver.cpp, line 773]
Event: 0.430 Thread 0x0000022d62a49e80 Exception <a 'java/lang/NoSuchMethodError'{0x0000000082db4d80}: 'int java.lang.invoke.DirectMethodHandle$Holder.invokeInterface(java.lang.Object, java.lang.Object)'> (0x0000000082db4d80) 
thrown [s\open\src\hotspot\share\interpreter\linkResolver.cpp, line 773]
Event: 0.432 Thread 0x0000022d62a49e80 Exception <a 'sun/nio/fs/WindowsException'{0x0000000082dbad40}> (0x0000000082dbad40) 
thrown [s\open\src\hotspot\share\prims\jni.cpp, line 520]
Event: 0.552 Thread 0x0000022d62a49e80 Exception <a 'java/lang/NoSuchMethodError'{0x0000000082d0d5a8}: 'java.lang.Object java.lang.invoke.DirectMethodHandle$Holder.invokeSpecial(java.lang.Object, java.lang.Object, java.lang.Object, int, int)'> (0x0000000082d0d5a8) 
thrown [s\open\src\hotspot\share\interpreter\linkResolver.cpp, line 773]
Event: 0.553 Thread 0x0000022d62a49e80 Exception <a 'java/lang/NoSuchMethodError'{0x0000000082d18870}: 'java.lang.Object java.lang.invoke.DirectMethodHandle$Holder.invokeVirtual(java.lang.Object, java.lang.Object, int)'> (0x0000000082d18870) 
thrown [s\open\src\hotspot\share\interpreter\linkResolver.cpp, line 773]
Event: 0.610 Thread 0x0000022d62a49e80 Exception <a 'java/lang/NoSuchMethodError'{0x0000000082b7b990}: 'void java.lang.invoke.DirectMethodHandle$Holder.invokeStatic(java.lang.Object, java.lang.Object)'> (0x0000000082b7b990) 
thrown [s\open\src\hotspot\share\interpreter\linkResolver.cpp, line 773]
Event: 0.725 Thread 0x0000022d62a49e80 Exception <a 'java/lang/NoSuchMethodError'{0x0000000082e18ac0}: 'int java.lang.invoke.DirectMethodHandle$Holder.invokeSpecial(java.lang.Object, java.lang.Object, java.lang.Object)'> (0x0000000082e18ac0) 
thrown [s\open\src\hotspot\share\interpreter\linkResolver.cpp, line 773]
Event: 0.730 Thread 0x0000022d62a49e80 Exception <a 'sun/nio/fs/WindowsException'{0x0000000082e22090}> (0x0000000082e22090) 
thrown [s\open\src\hotspot\share\prims\jni.cpp, line 520]

ZGC Phase Switch (0 events):
No events

VM Operations (20 events):
Event: 0.373 Executing VM operation: G1CollectForAllocation (G1 Evacuation Pause) done
Event: 0.436 Executing VM operation: HandshakeAllThreads (Deoptimize)
Event: 0.436 Executing VM operation: HandshakeAllThreads (Deoptimize) done
Event: 0.468 Executing VM operation: G1CollectForAllocation (G1 Evacuation Pause)
Event: 0.470 Executing VM operation: G1CollectForAllocation (G1 Evacuation Pause) done
Event: 0.513 Executing VM operation: HandshakeAllThreads (Deoptimize)
Event: 0.513 Executing VM operation: HandshakeAllThreads (Deoptimize) done
Event: 0.541 Executing VM operation: G1CollectForAllocation (G1 Evacuation Pause)
Event: 0.545 Executing VM operation: G1CollectForAllocation (G1 Evacuation Pause) done
Event: 0.619 Executing VM operation: HandshakeAllThreads (Deoptimize)
Event: 0.619 Executing VM operation: HandshakeAllThreads (Deoptimize) done
Event: 0.639 Executing VM operation: G1CollectForAllocation (G1 Evacuation Pause)
Event: 0.643 Executing VM operation: G1CollectForAllocation (G1 Evacuation Pause) done
Event: 0.668 Executing VM operation: G1CollectForAllocation (G1 Evacuation Pause)
Event: 0.671 Executing VM operation: G1CollectForAllocation (G1 Evacuation Pause) done
Event: 0.735 Executing VM operation: G1CollectForAllocation (G1 Evacuation Pause)
Event: 0.737 Executing VM operation: G1CollectForAllocation (G1 Evacuation Pause) done
Event: 0.751 Executing VM operation: G1CollectForAllocation (G1 Evacuation Pause)
Event: 0.753 Executing VM operation: G1CollectForAllocation (G1 Evacuation Pause) done
Event: 0.778 Executing VM operation: G1CollectForAllocation (G1 Evacuation Pause)

Events (13 events):
Event: 0.028 Thread 0x0000022d62a49e80 Thread added: 0x0000022d62a49e80
Event: 0.044 Thread 0x0000022d7f51f630 Thread added: 0x0000022d7f51f630
Event: 0.044 Thread 0x0000022d7f520550 Thread added: 0x0000022d7f520550
Event: 0.045 Thread 0x0000022d7f5273b0 Thread added: 0x0000022d7f5273b0
Event: 0.045 Thread 0x0000022d7f52a090 Thread added: 0x0000022d7f52a090
Event: 0.045 Thread 0x0000022d7f52cc70 Thread added: 0x0000022d7f52cc70
Event: 0.045 Thread 0x0000022d7f52bb00 Thread added: 0x0000022d7f52bb00
Event: 0.045 Thread 0x0000022d7f53ae70 Thread added: 0x0000022d7f53ae70
Event: 0.045 Thread 0x0000022d7f53d530 Thread added: 0x0000022d7f53d530
Event: 0.065 Thread 0x0000022d7f7312d0 Thread added: 0x0000022d7f7312d0
Event: 0.085 Thread 0x0000022d7f7c8020 Thread added: 0x0000022d7f7c8020
Event: 0.584 Thread 0x0000022d4732ba90 Thread added: 0x0000022d4732ba90
Event: 0.667 Thread 0x0000022d471c2e90 Thread added: 0x0000022d471c2e90


Dynamic libraries:
0x00007ff6dc460000 - 0x00007ff6dc468000 	C:\Program Files\Java\jdk-21\bin\javac.exe
0x00007ffdaf070000 - 0x00007ffdaf287000 	C:\WINDOWS\SYSTEM32\ntdll.dll
0x00007ffdae6f0000 - 0x00007ffdae7b4000 	C:\WINDOWS\System32\KERNEL32.DLL
0x00007ffdac7d0000 - 0x00007ffdacb76000 	C:\WINDOWS\System32\KERNELBASE.dll
0x00007ffdacbb0000 - 0x00007ffdaccc1000 	C:\WINDOWS\System32\ucrtbase.dll
0x00007ffd90270000 - 0x00007ffd9028b000 	C:\Program Files\Java\jdk-21\bin\VCRUNTIME140.dll
0x00007ffd82100000 - 0x00007ffd82119000 	C:\Program Files\Java\jdk-21\bin\jli.dll
0x00007ffdacec0000 - 0x00007ffdacf73000 	C:\WINDOWS\System32\ADVAPI32.dll
0x00007ffdad000000 - 0x00007ffdad0a7000 	C:\WINDOWS\System32\msvcrt.dll
0x00007ffdaed40000 - 0x00007ffdaede8000 	C:\WINDOWS\System32\sechost.dll
0x00007ffdac450000 - 0x00007ffdac478000 	C:\WINDOWS\System32\bcrypt.dll
0x00007ffdaddf0000 - 0x00007ffdadf07000 	C:\WINDOWS\System32\RPCRT4.dll
0x00007ffdad1b0000 - 0x00007ffdad35e000 	C:\WINDOWS\System32\USER32.dll
0x00007ffdacb80000 - 0x00007ffdacba6000 	C:\WINDOWS\System32\win32u.dll
0x00007ffd969f0000 - 0x00007ffd96c83000 	C:\WINDOWS\WinSxS\amd64_microsoft.windows.common-controls_6595b64144ccf1df_6.0.22621.2506_none_270c5ae97388e100\COMCTL32.dll
0x00007ffdae580000 - 0x00007ffdae5a9000 	C:\WINDOWS\System32\GDI32.dll
0x00007ffdac480000 - 0x00007ffdac598000 	C:\WINDOWS\System32\gdi32full.dll
0x00007ffdac3b0000 - 0x00007ffdac44a000 	C:\WINDOWS\System32\msvcp_win.dll
0x00007ffd9a2c0000 - 0x00007ffd9a2ca000 	C:\WINDOWS\SYSTEM32\VERSION.dll
0x00007ffdae5c0000 - 0x00007ffdae5f1000 	C:\WINDOWS\System32\IMM32.DLL
0x00007ffd99d60000 - 0x00007ffd99d6c000 	C:\Program Files\Java\jdk-21\bin\vcruntime140_1.dll
0x00007ffd54750000 - 0x00007ffd547de000 	C:\Program Files\Java\jdk-21\bin\msvcp140.dll
0x00007ffd362d0000 - 0x00007ffd36fe7000 	C:\Program Files\Java\jdk-21\bin\server\jvm.dll
0x00007ffdadd70000 - 0x00007ffdadde1000 	C:\WINDOWS\System32\WS2_32.dll
0x00007ffdac280000 - 0x00007ffdac2cd000 	C:\WINDOWS\SYSTEM32\POWRPROF.dll
0x00007ffda1dc0000 - 0x00007ffda1df4000 	C:\WINDOWS\SYSTEM32\WINMM.dll
0x00007ffdac260000 - 0x00007ffdac273000 	C:\WINDOWS\SYSTEM32\UMPDC.dll
0x00007ffdab3a0000 - 0x00007ffdab3b8000 	C:\WINDOWS\SYSTEM32\kernel.appcore.dll
0x00007ffd92220000 - 0x00007ffd9222a000 	C:\Program Files\Java\jdk-21\bin\jimage.dll
0x00007ffda6c40000 - 0x00007ffda6e73000 	C:\WINDOWS\SYSTEM32\DBGHELP.DLL
0x00007ffdae920000 - 0x00007ffdaeca9000 	C:\WINDOWS\System32\combase.dll
0x00007ffdadf10000 - 0x00007ffdadfe7000 	C:\WINDOWS\System32\OLEAUT32.dll
0x00007ffd8bae0000 - 0x00007ffd8bb12000 	C:\WINDOWS\SYSTEM32\dbgcore.DLL
0x00007ffdacd40000 - 0x00007ffdacdba000 	C:\WINDOWS\System32\bcryptPrimitives.dll
0x00007ffd820e0000 - 0x00007ffd820ff000 	C:\Program Files\Java\jdk-21\bin\java.dll
0x00007ffdad360000 - 0x00007ffdadbba000 	C:\WINDOWS\System32\SHELL32.dll
0x00007ffdaa2b0000 - 0x00007ffdaaba6000 	C:\WINDOWS\SYSTEM32\windows.storage.dll
0x00007ffdaa170000 - 0x00007ffdaa2ae000 	C:\WINDOWS\SYSTEM32\wintypes.dll
0x00007ffdacdc0000 - 0x00007ffdaceb3000 	C:\WINDOWS\System32\SHCORE.dll
0x00007ffdae690000 - 0x00007ffdae6ee000 	C:\WINDOWS\System32\shlwapi.dll
0x00007ffdac2e0000 - 0x00007ffdac306000 	C:\WINDOWS\SYSTEM32\profapi.dll
0x00007ffd3f1e0000 - 0x00007ffd3f2b7000 	C:\Program Files\Java\jdk-21\bin\jsvml.dll
0x00007ffd96e60000 - 0x00007ffd96e70000 	C:\Program Files\Java\jdk-21\bin\net.dll
0x00007ffda29e0000 - 0x00007ffda2b17000 	C:\WINDOWS\SYSTEM32\WINHTTP.dll
0x00007ffdab810000 - 0x00007ffdab879000 	C:\WINDOWS\system32\mswsock.dll
0x00007ffd92110000 - 0x00007ffd92126000 	C:\Program Files\Java\jdk-21\bin\nio.dll

dbghelp: loaded successfully - version: 4.0.5 - missing functions: none
symbol engine: initialized successfully - sym options: 0x614 - pdb path: .;C:\Program Files\Java\jdk-21\bin;C:\WINDOWS\SYSTEM32;C:\WINDOWS\WinSxS\amd64_microsoft.windows.common-controls_6595b64144ccf1df_6.0.22621.2506_none_270c5ae97388e100;C:\Program Files\Java\jdk-21\bin\server

VM Arguments:
jvm_args: -Dapplication.home=C:\Program Files\Java\jdk-21 --add-modules=ALL-DEFAULT -Xms8m -Djdk.module.main=jdk.compiler 
java_command: jdk.compiler/com.sun.tools.javac.Main Gamepanel.java
java_class_path (initial): <not set>
Launcher Type: SUN_STANDARD

[Global flags]
     intx CICompilerCount                          = 4                                         {product} {ergonomic}
     uint ConcGCThreads                            = 2                                         {product} {ergonomic}
     uint G1ConcRefinementThreads                  = 8                                         {product} {ergonomic}
   size_t G1HeapRegionSize                         = 1048576                                   {product} {ergonomic}
    uintx GCDrainStackTargetSize                   = 64                                        {product} {ergonomic}
   size_t InitialHeapSize                          = 8388608                                   {product} {command line}
   size_t MarkStackSize                            = 4194304                                   {product} {ergonomic}
   size_t MaxHeapSize                              = 2107637760                                {product} {ergonomic}
   size_t MaxNewSize                               = 1264582656                                {product} {ergonomic}
   size_t MinHeapDeltaBytes                        = 1048576                                   {product} {ergonomic}
   size_t MinHeapSize                              = 8388608                                   {product} {command line}
    uintx NonNMethodCodeHeapSize                   = 5839372                                {pd product} {ergonomic}
    uintx NonProfiledCodeHeapSize                  = 122909434                              {pd product} {ergonomic}
    uintx ProfiledCodeHeapSize                     = 122909434                              {pd product} {ergonomic}
    uintx ReservedCodeCacheSize                    = 251658240                              {pd product} {ergonomic}
     bool SegmentedCodeCache                       = true                                      {product} {ergonomic}
   size_t SoftMaxHeapSize                          = 2107637760                             {manageable} {ergonomic}
     bool UseCompressedOops                        = true                           {product lp64_product} {ergonomic}
     bool UseG1GC                                  = true                                      {product} {ergonomic}
     bool UseLargePagesIndividualAllocation        = false                                  {pd product} {ergonomic}

Logging:
Log output configuration:
 #0: stdout all=warning uptime,level,tags foldmultilines=false
 #1: stderr all=off uptime,level,tags foldmultilines=false

Environment Variables:
PATH=C:\Program Files\Common Files\Oracle\Java\javapath;C:\Program Files (x86)\Common Files\Oracle\Java\javapath;C:\WINDOWS\system32;C:\WINDOWS;C:\WINDOWS\System32\Wbem;C:\WINDOWS\System32\WindowsPowerShell\v1.0\;C:\WINDOWS\System32\OpenSSH\;C:\Program Files\dotnet\;C:\Users\Administrator\AppData\Local\Microsoft\WindowsApps;C:\Users\Administrator\AppData\Local\Programs\Microsoft VS Code\bin;C:\MinGW\bin;C:\Users\Administrator\.dotnet\tools
USERNAME=Administrator
OS=Windows_NT
PROCESSOR_IDENTIFIER=Intel64 Family 6 Model 142 Stepping 10, GenuineIntel
TMP=C:\Users\ADMINI~1\AppData\Local\Temp
TEMP=C:\Users\ADMINI~1\AppData\Local\Temp




Periodic native trim disabled

---------------  S Y S T E M  ---------------

OS:
 Windows 11 , 64 bit Build 22621 (10.0.22621.2506)
OS uptime: 0 days 6:38 hours
Hyper-V role detected

CPU: total 8 (initial active 8) (4 cores per cpu, 2 threads per core) family 6 model 142 stepping 10 microcode 0xf4, cx8, cmov, fxsr, ht, mmx, 3dnowpref, sse, sse2, sse3, ssse3, sse4.1, sse4.2, popcnt, lzcnt, tsc, tscinvbit, avx, avx2, aes, erms, clmul, bmi1, bmi2, adx, fma, vzeroupper, clflush, clflushopt, hv, rdtscp, f16c
Processor Information for all 8 processors :
  Max Mhz: 1800, Current Mhz: 1600, Mhz Limit: 1584

Memory: 4k page, system-wide physical 8035M (1421M free)
TotalPageFile size 8035M (AvailPageFile size 11M)
current process WorkingSet (physical memory assigned to process): 71M, peak: 71M
current process commit charge ("private bytes"): 105M, peak: 114M

vm_info: Java HotSpot(TM) 64-Bit Server VM (21.0.2+13-LTS-58) for windows-amd64 JRE (21.0.2+13-LTS-58), built on 2024-01-05T18:32:24Z by "mach5one" with MS VC++ 17.1 (VS2022)

END.
