#
# There is insufficient memory for the Java Runtime Environment to continue.
# Native memory allocation (malloc) failed to allocate 32744 bytes for Chunk::new
# Possible reasons:
#   The system is out of physical RAM or swap space
#   The process is running with CompressedOops enabled, and the Java Heap may be blocking the growth of the native heap
# Possible solutions:
#   Reduce memory load on the system
#   Increase physical memory or swap space
#   Check if swap backing store is full
#   Decrease Java heap size (-Xmx/-Xms)
#   Decrease number of Java threads
#   Decrease Java thread stack sizes (-Xss)
#   Set larger code cache with -XX:ReservedCodeCacheSize=
#   JVM is running with Unscaled Compressed Oops mode in which the Java heap is
#     placed in the first 4GB address space. The Java Heap base address is the
#     maximum limit for the native heap growth. Please use -XX:HeapBaseMinAddress
#     to set the Java Heap base and to place the Java Heap above 4GB virtual address.
# This output file may be truncated or incomplete.
#
#  Out of Memory Error (arena.cpp:168), pid=9008, tid=5652
#
# JRE version: Java(TM) SE Runtime Environment (21.0.2+13) (build 21.0.2+13-LTS-58)
# Java VM: Java HotSpot(TM) 64-Bit Server VM (21.0.2+13-LTS-58, mixed mode, sharing, tiered, compressed oops, compressed class ptrs, g1 gc, windows-amd64)
# No core dump will be written. Minidumps are not enabled by default on client versions of Windows
#

---------------  S U M M A R Y ------------

Command Line: -Dapplication.home=C:\Program Files\Java\jdk-21 --add-modules=ALL-DEFAULT -Xms8m -Djdk.module.main=jdk.compiler jdk.compiler/com.sun.tools.javac.Main Gamepanel.java

Host: Intel(R) Core(TM) i5-8250U CPU @ 1.60GHz, 8 cores, 7G,  Windows 11 , 64 bit Build 22621 (10.0.22621.2506)
Time: Sat Feb  3 13:23:48 2024 E. Africa Standard Time elapsed time: 1.200440 seconds (0d 0h 0m 1s)

---------------  T H R E A D  ---------------

Current thread (0x000001f9858434a0):  JavaThread "C2 CompilerThread1" daemon [_thread_in_native, id=5652, stack(0x000000aff2b00000,0x000000aff2c00000) (1024K)]


Current CompileTask:
C2:   1200 1048       4       jdk.internal.jimage.ImageLocation::getFullName (109 bytes)

Stack: [0x000000aff2b00000,0x000000aff2c00000]
Native frames: (J=compiled Java code, j=interpreted, Vv=VM code, C=native code)
V  [jvm.dll+0x6cade9]
V  [jvm.dll+0x8569c1]
V  [jvm.dll+0x858d2e]
V  [jvm.dll+0x859413]
V  [jvm.dll+0x280e56]
V  [jvm.dll+0xc3f3d]
V  [jvm.dll+0xc4473]
V  [jvm.dll+0x6f69bb]
V  [jvm.dll+0x1e22d6]
V  [jvm.dll+0x249d22]
V  [jvm.dll+0x2491b1]
V  [jvm.dll+0x1c9634]
V  [jvm.dll+0x258859]
V  [jvm.dll+0x256e3a]
V  [jvm.dll+0x3ef6c6]
V  [jvm.dll+0x7ff568]
V  [jvm.dll+0x6c953d]
C  [ucrtbase.dll+0x29363]
C  [KERNEL32.DLL+0x1257d]
C  [ntdll.dll+0x5aa58]


---------------  P R O C E S S  ---------------

Threads class SMR info:
_java_thread_list=0x000001f9cb1a0090, length=13, elements={
0x000001f9e69e8310, 0x000001f98542f380, 0x000001f985430350, 0x000001f9854396e0,
0x000001f98543a750, 0x000001f98543b6c0, 0x000001f98543e390, 0x000001f985447af0,
0x000001f985448590, 0x000001f985640710, 0x000001f98563e640, 0x000001f9858434a0,
0x000001f9cb4f54a0
}

Java Threads: ( => current thread )
  0x000001f9e69e8310 JavaThread "main"                              [_thread_in_vm, id=15400, stack(0x000000aff1900000,0x000000aff1a00000) (1024K)]
  0x000001f98542f380 JavaThread "Reference Handler"          daemon [_thread_blocked, id=6104, stack(0x000000aff2100000,0x000000aff2200000) (1024K)]
  0x000001f985430350 JavaThread "Finalizer"                  daemon [_thread_blocked, id=8952, stack(0x000000aff2200000,0x000000aff2300000) (1024K)]
  0x000001f9854396e0 JavaThread "Signal Dispatcher"          daemon [_thread_blocked, id=14088, stack(0x000000aff2300000,0x000000aff2400000) (1024K)]
  0x000001f98543a750 JavaThread "Attach Listener"            daemon [_thread_blocked, id=14204, stack(0x000000aff2400000,0x000000aff2500000) (1024K)]
  0x000001f98543b6c0 JavaThread "Service Thread"             daemon [_thread_blocked, id=13744, stack(0x000000aff2500000,0x000000aff2600000) (1024K)]
  0x000001f98543e390 JavaThread "Monitor Deflation Thread"   daemon [_thread_blocked, id=8636, stack(0x000000aff2600000,0x000000aff2700000) (1024K)]
  0x000001f985447af0 JavaThread "C2 CompilerThread0"         daemon [_thread_in_native, id=5544, stack(0x000000aff2700000,0x000000aff2800000) (1024K)]
  0x000001f985448590 JavaThread "C1 CompilerThread0"         daemon [_thread_in_native, id=11544, stack(0x000000aff2800000,0x000000aff2900000) (1024K)]
  0x000001f985640710 JavaThread "Common-Cleaner"             daemon [_thread_blocked, id=6276, stack(0x000000aff2900000,0x000000aff2a00000) (1024K)]
  0x000001f98563e640 JavaThread "Notification Thread"        daemon [_thread_blocked, id=14612, stack(0x000000aff2a00000,0x000000aff2b00000) (1024K)]
=>0x000001f9858434a0 JavaThread "C2 CompilerThread1"         daemon [_thread_in_native, id=5652, stack(0x000000aff2b00000,0x000000aff2c00000) (1024K)]
  0x000001f9cb4f54a0 JavaThread "C2 CompilerThread2"         daemon [_thread_in_native, id=12788, stack(0x000000aff3100000,0x000000aff3200000) (1024K)]
Total: 13

Other Threads:
  0x000001f9e8be4c10 VMThread "VM Thread"                           [id=15704, stack(0x000000aff2000000,0x000000aff2100000) (1024K)]
  0x000001f9e8bce390 WatcherThread "VM Periodic Task Thread"        [id=7964, stack(0x000000aff1f00000,0x000000aff2000000) (1024K)]
  0x000001f9e8b79ba0 WorkerThread "GC Thread#0"                     [id=14156, stack(0x000000aff1a00000,0x000000aff1b00000) (1024K)]
  0x000001f985969430 WorkerThread "GC Thread#1"                     [id=14620, stack(0x000000aff2c00000,0x000000aff2d00000) (1024K)]
  0x000001f985956ec0 WorkerThread "GC Thread#2"                     [id=6404, stack(0x000000aff2d00000,0x000000aff2e00000) (1024K)]
  0x000001f98596cfd0 WorkerThread "GC Thread#3"                     [id=13360, stack(0x000000aff2e00000,0x000000aff2f00000) (1024K)]
  0x000001f9cb0ee3b0 WorkerThread "GC Thread#4"                     [id=12036, stack(0x000000aff2f00000,0x000000aff3000000) (1024K)]
  0x000001f9859da5b0 WorkerThread "GC Thread#5"                     [id=13968, stack(0x000000aff3000000,0x000000aff3100000) (1024K)]
  0x000001f9cb937d10 WorkerThread "GC Thread#6"                     [id=14628, stack(0x000000aff3200000,0x000000aff3300000) (1024K)]
  0x000001f9e8b8b080 ConcurrentGCThread "G1 Main Marker"            [id=13020, stack(0x000000aff1b00000,0x000000aff1c00000) (1024K)]
  0x000001f9e8b8bb80 WorkerThread "G1 Conc#0"                       [id=14484, stack(0x000000aff1c00000,0x000000aff1d00000) (1024K)]
  0x000001f9e8bbc910 ConcurrentGCThread "G1 Refine#0"               [id=12872, stack(0x000000aff1d00000,0x000000aff1e00000) (1024K)]
  0x000001f9e8bbd480 ConcurrentGCThread "G1 Service"                [id=10588, stack(0x000000aff1e00000,0x000000aff1f00000) (1024K)]
Total: 13

Threads with active compile tasks:
C2 CompilerThread0     1231 1447       4       jdk.internal.jimage.ImageReader$SharedImageReader::makeDirectories (54 bytes)
C1 CompilerThread0     1231 1498   !   3       com.sun.tools.javac.code.Types$MembersClosureCache::visitClassType (216 bytes)
C2 CompilerThread1     1231 1048       4       jdk.internal.jimage.ImageLocation::getFullName (109 bytes)
C2 CompilerThread2     1231 1454   !   4       com.sun.tools.javac.jvm.ClassReader::classSigToType (482 bytes)
Total: 4

VM state: not at safepoint (normal execution)

VM Mutex/Monitor currently owned by a thread:  ([mutex/lock_event])
[0x00007ffd36f0ace8] Metaspace_lock - owner thread: 0x000001f9e69e8310

Heap address: 0x0000000082600000, size: 2010 MB, Compressed Oops mode: 32-bit

CDS archive(s) mapped at: [0x000001f986000000-0x000001f986c90000-0x000001f986c90000), size 13172736, SharedBaseAddress: 0x000001f986000000, ArchiveRelocationMode: 1.
Compressed class space mapped at: 0x000001f987000000-0x000001f9c7000000, reserved size: 1073741824
Narrow klass base: 0x000001f986000000, Narrow klass shift: 0, Narrow klass range: 0x100000000

GC Precious Log:
 CardTable entry size: 512
 Card Set container configuration: InlinePtr #cards 5 size 8 Array Of Cards #cards 12 size 40 Howl #buckets 4 coarsen threshold 1843 Howl Bitmap #cards 512 size 80 coarsen threshold 460 Card regions per heap region 1 cards per card region 2048
 CPUs: 8 total, 8 available
 Memory: 8035M
 Large Page Support: Disabled
 NUMA Support: Disabled
 Compressed Oops: Enabled (32-bit)
 Heap Region Size: 1M
 Heap Min Capacity: 8M
 Heap Initial Capacity: 8M
 Heap Max Capacity: 2010M
 Pre-touch: Disabled
 Parallel Workers: 8
 Concurrent Workers: 2
 Concurrent Refinement Workers: 8
 Periodic GC: Disabled

Heap:
 garbage-first heap   total 20480K, used 10270K [0x0000000082600000, 0x0000000100000000)
  region size 1024K, 6 young (6144K), 2 survivors (2048K)
 Metaspace       used 9476K, committed 9664K, reserved 1114112K
  class space    used 1068K, committed 1152K, reserved 1048576K

Heap Regions: E=young(eden), S=young(survivor), O=old, HS=humongous(starts), HC=humongous(continues), CS=collection set, F=free, TAMS=top-at-mark-start, PB=parsable bottom
|   0|0x0000000082600000, 0x0000000082700000, 0x0000000082700000|100%| O|  |TAMS 0x0000000082600000| PB 0x0000000082600000| Untracked 
|   1|0x0000000082700000, 0x0000000082800000, 0x0000000082800000|100%| O|  |TAMS 0x0000000082700000| PB 0x0000000082700000| Untracked 
|   2|0x0000000082800000, 0x0000000082900000, 0x0000000082900000|100%| O|  |TAMS 0x0000000082800000| PB 0x0000000082800000| Untracked 
|   3|0x0000000082900000, 0x0000000082a00000, 0x0000000082a00000|100%| O|  |TAMS 0x0000000082900000| PB 0x0000000082900000| Untracked 
|   4|0x0000000082a00000, 0x0000000082b00000, 0x0000000082b00000|100%| O|  |TAMS 0x0000000082a00000| PB 0x0000000082a00000| Untracked 
|   5|0x0000000082b00000, 0x0000000082b36780, 0x0000000082c00000| 21%| O|  |TAMS 0x0000000082b00000| PB 0x0000000082b00000| Untracked 
|   6|0x0000000082c00000, 0x0000000082c00000, 0x0000000082d00000|  0%| F|  |TAMS 0x0000000082c00000| PB 0x0000000082c00000| Untracked 
|   7|0x0000000082d00000, 0x0000000082d00000, 0x0000000082e00000|  0%| F|  |TAMS 0x0000000082d00000| PB 0x0000000082d00000| Untracked 
|   8|0x0000000082e00000, 0x0000000082ed13e0, 0x0000000082f00000| 81%| S|CS|TAMS 0x0000000082e00000| PB 0x0000000082e00000| Complete 
|   9|0x0000000082f00000, 0x0000000082f00000, 0x0000000083000000|  0%| F|  |TAMS 0x0000000082f00000| PB 0x0000000082f00000| Untracked 
|  10|0x0000000083000000, 0x0000000083000000, 0x0000000083100000|  0%| F|  |TAMS 0x0000000083000000| PB 0x0000000083000000| Untracked 
|  11|0x0000000083100000, 0x0000000083200000, 0x0000000083200000|100%| S|CS|TAMS 0x0000000083100000| PB 0x0000000083100000| Complete 
|  12|0x0000000083200000, 0x0000000083200000, 0x0000000083300000|  0%| F|  |TAMS 0x0000000083200000| PB 0x0000000083200000| Untracked 
|  13|0x0000000083300000, 0x0000000083300000, 0x0000000083400000|  0%| F|  |TAMS 0x0000000083300000| PB 0x0000000083300000| Untracked 
|  14|0x0000000083400000, 0x0000000083400000, 0x0000000083500000|  0%| F|  |TAMS 0x0000000083400000| PB 0x0000000083400000| Untracked 
|  15|0x0000000083500000, 0x0000000083500000, 0x0000000083600000|  0%| F|  |TAMS 0x0000000083500000| PB 0x0000000083500000| Untracked 
|  16|0x0000000083600000, 0x00000000836a2a60, 0x0000000083700000| 63%| E|  |TAMS 0x0000000083600000| PB 0x0000000083600000| Complete 
|  17|0x0000000083700000, 0x0000000083800000, 0x0000000083800000|100%| E|CS|TAMS 0x0000000083700000| PB 0x0000000083700000| Complete 
|  18|0x0000000083800000, 0x0000000083900000, 0x0000000083900000|100%| E|CS|TAMS 0x0000000083800000| PB 0x0000000083800000| Complete 
|  19|0x0000000083900000, 0x0000000083a00000, 0x0000000083a00000|100%| E|CS|TAMS 0x0000000083900000| PB 0x0000000083900000| Complete 

Card table byte_map: [0x000001f980720000,0x000001f980b10000] _byte_map_base: 0x000001f98030d000

Marking Bits: (CMBitMap*) 0x000001f9e8b7a2a0
 Bits: [0x000001f980b10000, 0x000001f982a78000)

Polling page: 0x000001f9e6b30000

Metaspace:

Usage:
  Non-class:      8.21 MB used.
      Class:      1.04 MB used.
       Both:      9.25 MB used.

Virtual space:
  Non-class space:       64.00 MB reserved,       8.31 MB ( 13%) committed,  1 nodes.
      Class space:        1.00 GB reserved,       1.12 MB ( <1%) committed,  1 nodes.
             Both:        1.06 GB reserved,       9.44 MB ( <1%) committed. 

Chunk freelists:
   Non-Class:  5.42 MB
       Class:  14.82 MB
        Both:  20.24 MB

MaxMetaspaceSize: unlimited
CompressedClassSpaceSize: 1.00 GB
Initial GC threshold: 21.00 MB
Current GC threshold: 21.00 MB
CDS: on
 - commit_granule_bytes: 65536.
 - commit_granule_words: 8192.
 - virtual_space_node_default_size: 8388608.
 - enlarge_chunks_in_place: 1.
 - use_allocation_guard: 0.


Internal statistics:

num_allocs_failed_limit: 0.
num_arena_births: 74.
num_arena_deaths: 0.
num_vsnodes_births: 2.
num_vsnodes_deaths: 0.
num_space_committed: 151.
num_space_uncommitted: 0.
num_chunks_returned_to_freelist: 0.
num_chunks_taken_from_freelist: 404.
num_chunk_merges: 0.
num_chunk_splits: 278.
num_chunks_enlarged: 220.
num_inconsistent_stats: 0.

CodeHeap 'non-profiled nmethods': size=120000Kb used=487Kb max_used=487Kb free=119513Kb
 bounds [0x000001f9f8a60000, 0x000001f9f8cd0000, 0x000001f9fff90000]
CodeHeap 'profiled nmethods': size=120000Kb used=2676Kb max_used=2676Kb free=117323Kb
 bounds [0x000001f9f0f90000, 0x000001f9f1230000, 0x000001f9f84c0000]
CodeHeap 'non-nmethods': size=5760Kb used=1343Kb max_used=1381Kb free=4416Kb
 bounds [0x000001f9f84c0000, 0x000001f9f8730000, 0x000001f9f8a60000]
 total_blobs=1927 nmethods=1481 adapters=350
 compilation: enabled
              stopped_count=0, restarted_count=0
 full_count=0

Compilation events (20 events):
Event: 1.179 Thread 0x000001f985448590 nmethod 1486 0x000001f9f1224f10 code [0x000001f9f12251c0, 0x000001f9f1226440]
Event: 1.179 Thread 0x000001f985448590 1483       3       com.sun.tools.javac.code.Types::hasSameArgs (22 bytes)
Event: 1.180 Thread 0x000001f985448590 nmethod 1483 0x000001f9f1226910 code [0x000001f9f1226ae0, 0x000001f9f1226ef0]
Event: 1.180 Thread 0x000001f985448590 1484       3       com.sun.tools.javac.code.Types::hasSameArgs (13 bytes)
Event: 1.180 Thread 0x000001f985448590 nmethod 1484 0x000001f9f1227090 code [0x000001f9f1227260, 0x000001f9f12275b8]
Event: 1.180 Thread 0x000001f985448590 1485       3       com.sun.tools.javac.code.Types$5::visitType (10 bytes)
Event: 1.180 Thread 0x000001f985448590 nmethod 1485 0x000001f9f1227710 code [0x000001f9f12278c0, 0x000001f9f1227af8]
Event: 1.180 Thread 0x000001f985448590 1487       3       com.sun.tools.javac.code.Types$5::visitType (219 bytes)
Event: 1.183 Thread 0x000001f985448590 nmethod 1487 0x000001f9f1227c10 code [0x000001f9f1228080, 0x000001f9f122a3e0]
Event: 1.184 Thread 0x000001f985448590 1480       3       java.util.WeakHashMap::maskNull (12 bytes)
Event: 1.184 Thread 0x000001f985448590 nmethod 1480 0x000001f9f122ac10 code [0x000001f9f122ada0, 0x000001f9f122aee0]
Event: 1.184 Thread 0x000001f985448590 1481       3       java.util.WeakHashMap::hash (28 bytes)
Event: 1.184 Thread 0x000001f985448590 nmethod 1481 0x000001f9f122af90 code [0x000001f9f122b140, 0x000001f9f122b338]
Event: 1.184 Thread 0x000001f985448590 1488       3       com.sun.tools.javac.code.Types::containsTypeEquivalent (33 bytes)
Event: 1.184 Thread 0x000001f985448590 nmethod 1488 0x000001f9f122b410 code [0x000001f9f122b640, 0x000001f9f122c060]
Event: 1.184 Thread 0x000001f985448590 1490       3       com.sun.tools.javac.code.Types$HasSameArgs::visitMethodType (37 bytes)
Event: 1.186 Thread 0x000001f985448590 nmethod 1490 0x000001f9f122c390 code [0x000001f9f122c5a0, 0x000001f9f122cb58]
Event: 1.186 Thread 0x000001f985448590 1493       3       com.sun.tools.javac.code.Types$5::visitClassType (10 bytes)
Event: 1.186 Thread 0x000001f985448590 nmethod 1493 0x000001f9f122cd10 code [0x000001f9f122cec0, 0x000001f9f122d0f8]
Event: 1.186 Thread 0x000001f985448590 1498   !   3       com.sun.tools.javac.code.Types$MembersClosureCache::visitClassType (216 bytes)

GC Heap History (20 events):
Event: 0.373 GC heap before
{Heap before GC invocations=1 (full 0):
 garbage-first heap   total 8192K, used 1280K [0x0000000082600000, 0x0000000100000000)
  region size 1024K, 2 young (2048K), 1 survivors (1024K)
 Metaspace       used 5446K, committed 5568K, reserved 1114112K
  class space    used 655K, committed 704K, reserved 1048576K
}
Event: 0.376 GC heap after
{Heap after GC invocations=2 (full 0):
 garbage-first heap   total 8192K, used 1853K [0x0000000082600000, 0x0000000100000000)
  region size 1024K, 1 young (1024K), 1 survivors (1024K)
 Metaspace       used 5446K, committed 5568K, reserved 1114112K
  class space    used 655K, committed 704K, reserved 1048576K
}
Event: 0.475 GC heap before
{Heap before GC invocations=2 (full 0):
 garbage-first heap   total 8192K, used 2877K [0x0000000082600000, 0x0000000100000000)
  region size 1024K, 2 young (2048K), 1 survivors (1024K)
 Metaspace       used 6928K, committed 7040K, reserved 1114112K
  class space    used 819K, committed 896K, reserved 1048576K
}
Event: 0.477 GC heap after
{Heap after GC invocations=3 (full 0):
 garbage-first heap   total 8192K, used 2178K [0x0000000082600000, 0x0000000100000000)
  region size 1024K, 1 young (1024K), 1 survivors (1024K)
 Metaspace       used 6928K, committed 7040K, reserved 1114112K
  class space    used 819K, committed 896K, reserved 1048576K
}
Event: 0.551 GC heap before
{Heap before GC invocations=3 (full 0):
 garbage-first heap   total 8192K, used 3202K [0x0000000082600000, 0x0000000100000000)
  region size 1024K, 2 young (2048K), 1 survivors (1024K)
 Metaspace       used 7814K, committed 8000K, reserved 1114112K
  class space    used 887K, committed 960K, reserved 1048576K
}
Event: 0.554 GC heap after
{Heap after GC invocations=4 (full 0):
 garbage-first heap   total 8192K, used 2437K [0x0000000082600000, 0x0000000100000000)
  region size 1024K, 1 young (1024K), 1 survivors (1024K)
 Metaspace       used 7814K, committed 8000K, reserved 1114112K
  class space    used 887K, committed 960K, reserved 1048576K
}
Event: 0.655 GC heap before
{Heap before GC invocations=4 (full 0):
 garbage-first heap   total 8192K, used 4485K [0x0000000082600000, 0x0000000100000000)
  region size 1024K, 3 young (3072K), 1 survivors (1024K)
 Metaspace       used 8202K, committed 8384K, reserved 1114112K
  class space    used 940K, committed 1024K, reserved 1048576K
}
Event: 0.659 GC heap after
{Heap after GC invocations=5 (full 0):
 garbage-first heap   total 10240K, used 3215K [0x0000000082600000, 0x0000000100000000)
  region size 1024K, 1 young (1024K), 1 survivors (1024K)
 Metaspace       used 8202K, committed 8384K, reserved 1114112K
  class space    used 940K, committed 1024K, reserved 1048576K
}
Event: 0.687 GC heap before
{Heap before GC invocations=5 (full 0):
 garbage-first heap   total 10240K, used 5263K [0x0000000082600000, 0x0000000100000000)
  region size 1024K, 3 young (3072K), 1 survivors (1024K)
 Metaspace       used 8232K, committed 8384K, reserved 1114112K
  class space    used 940K, committed 1024K, reserved 1048576K
}
Event: 0.692 GC heap after
{Heap after GC invocations=6 (full 0):
 garbage-first heap   total 10240K, used 3494K [0x0000000082600000, 0x0000000100000000)
  region size 1024K, 1 young (1024K), 1 survivors (1024K)
 Metaspace       used 8232K, committed 8384K, reserved 1114112K
  class space    used 940K, committed 1024K, reserved 1048576K
}
Event: 0.746 GC heap before
{Heap before GC invocations=6 (full 0):
 garbage-first heap   total 10240K, used 5542K [0x0000000082600000, 0x0000000100000000)
  region size 1024K, 3 young (3072K), 1 survivors (1024K)
 Metaspace       used 8361K, committed 8512K, reserved 1114112K
  class space    used 949K, committed 1024K, reserved 1048576K
}
Event: 0.749 GC heap after
{Heap after GC invocations=7 (full 0):
 garbage-first heap   total 10240K, used 3648K [0x0000000082600000, 0x0000000100000000)
  region size 1024K, 1 young (1024K), 1 survivors (1024K)
 Metaspace       used 8361K, committed 8512K, reserved 1114112K
  class space    used 949K, committed 1024K, reserved 1048576K
}
Event: 0.764 GC heap before
{Heap before GC invocations=7 (full 0):
 garbage-first heap   total 10240K, used 5696K [0x0000000082600000, 0x0000000100000000)
  region size 1024K, 3 young (3072K), 1 survivors (1024K)
 Metaspace       used 8379K, committed 8576K, reserved 1114112K
  class space    used 949K, committed 1024K, reserved 1048576K
}
Event: 0.766 GC heap after
{Heap after GC invocations=8 (full 0):
 garbage-first heap   total 10240K, used 4060K [0x0000000082600000, 0x0000000100000000)
  region size 1024K, 1 young (1024K), 1 survivors (1024K)
 Metaspace       used 8379K, committed 8576K, reserved 1114112K
  class space    used 949K, committed 1024K, reserved 1048576K
}
Event: 0.789 GC heap before
{Heap before GC invocations=8 (full 0):
 garbage-first heap   total 10240K, used 6108K [0x0000000082600000, 0x0000000100000000)
  region size 1024K, 3 young (3072K), 1 survivors (1024K)
 Metaspace       used 8394K, committed 8576K, reserved 1114112K
  class space    used 949K, committed 1024K, reserved 1048576K
}
Event: 0.792 GC heap after
{Heap after GC invocations=9 (full 0):
 garbage-first heap   total 20480K, used 4188K [0x0000000082600000, 0x0000000100000000)
  region size 1024K, 1 young (1024K), 1 survivors (1024K)
 Metaspace       used 8394K, committed 8576K, reserved 1114112K
  class space    used 949K, committed 1024K, reserved 1048576K
}
Event: 0.865 GC heap before
{Heap before GC invocations=9 (full 0):
 garbage-first heap   total 20480K, used 13404K [0x0000000082600000, 0x0000000100000000)
  region size 1024K, 10 young (10240K), 1 survivors (1024K)
 Metaspace       used 8452K, committed 8704K, reserved 1114112K
  class space    used 957K, committed 1088K, reserved 1048576K
}
Event: 0.871 GC heap after
{Heap after GC invocations=10 (full 0):
 garbage-first heap   total 20480K, used 5403K [0x0000000082600000, 0x0000000100000000)
  region size 1024K, 2 young (2048K), 2 survivors (2048K)
 Metaspace       used 8452K, committed 8704K, reserved 1114112K
  class space    used 957K, committed 1088K, reserved 1048576K
}
Event: 1.135 GC heap before
{Heap before GC invocations=10 (full 0):
 garbage-first heap   total 20480K, used 12571K [0x0000000082600000, 0x0000000100000000)
  region size 1024K, 10 young (10240K), 2 survivors (2048K)
 Metaspace       used 9368K, committed 9536K, reserved 1114112K
  class space    used 1062K, committed 1152K, reserved 1048576K
}
Event: 1.147 GC heap after
{Heap after GC invocations=11 (full 0):
 garbage-first heap   total 20480K, used 7198K [0x0000000082600000, 0x0000000100000000)
  region size 1024K, 2 young (2048K), 2 survivors (2048K)
 Metaspace       used 9368K, committed 9536K, reserved 1114112K
  class space    used 1062K, committed 1152K, reserved 1048576K
}

Dll operation events (5 events):
Event: 0.009 Loaded shared library C:\Program Files\Java\jdk-21\bin\java.dll
Event: 0.045 Loaded shared library C:\Program Files\Java\jdk-21\bin\jsvml.dll
Event: 0.091 Loaded shared library C:\Program Files\Java\jdk-21\bin\jimage.dll
Event: 0.179 Loaded shared library C:\Program Files\Java\jdk-21\bin\net.dll
Event: 0.181 Loaded shared library C:\Program Files\Java\jdk-21\bin\nio.dll

Deoptimization events (20 events):
Event: 0.811 Thread 0x000001f9e69e8310 DEOPT PACKING pc=0x000001f9f10915f7 sp=0x000000aff19fdca0
Event: 0.811 Thread 0x000001f9e69e8310 DEOPT UNPACKING pc=0x000001f9f8514e42 sp=0x000000aff19fd0f0 mode 0
Event: 0.811 Thread 0x000001f9e69e8310 DEOPT PACKING pc=0x000001f9f10915f7 sp=0x000000aff19fdca0
Event: 0.811 Thread 0x000001f9e69e8310 DEOPT UNPACKING pc=0x000001f9f8514e42 sp=0x000000aff19fd0f0 mode 0
Event: 0.812 Thread 0x000001f9e69e8310 DEOPT PACKING pc=0x000001f9f10915f7 sp=0x000000aff19fdca0
Event: 0.812 Thread 0x000001f9e69e8310 DEOPT UNPACKING pc=0x000001f9f8514e42 sp=0x000000aff19fd0f0 mode 0
Event: 0.813 Thread 0x000001f9e69e8310 DEOPT PACKING pc=0x000001f9f10915f7 sp=0x000000aff19fdca0
Event: 0.813 Thread 0x000001f9e69e8310 DEOPT UNPACKING pc=0x000001f9f8514e42 sp=0x000000aff19fd0f0 mode 0
Event: 0.814 Thread 0x000001f9e69e8310 DEOPT PACKING pc=0x000001f9f10915f7 sp=0x000000aff19fdb70
Event: 0.814 Thread 0x000001f9e69e8310 DEOPT UNPACKING pc=0x000001f9f8514e42 sp=0x000000aff19fcfc0 mode 0
Event: 0.815 Thread 0x000001f9e69e8310 DEOPT PACKING pc=0x000001f9f10915f7 sp=0x000000aff19fdca0
Event: 0.815 Thread 0x000001f9e69e8310 DEOPT UNPACKING pc=0x000001f9f8514e42 sp=0x000000aff19fd0f0 mode 0
Event: 0.839 Thread 0x000001f9e69e8310 Uncommon trap: trap_request=0xffffff45 fr.pc=0x000001f9f8a99a0c relative=0x000000000000006c
Event: 0.839 Thread 0x000001f9e69e8310 Uncommon trap: reason=unstable_if action=reinterpret pc=0x000001f9f8a99a0c method=com.sun.tools.javac.jvm.PoolReader.sizeof(I)I @ 1 c2
Event: 0.839 Thread 0x000001f9e69e8310 DEOPT PACKING pc=0x000001f9f8a99a0c sp=0x000000aff19fdd40
Event: 0.839 Thread 0x000001f9e69e8310 DEOPT UNPACKING pc=0x000001f9f85146a2 sp=0x000000aff19fdcd0 mode 2
Event: 1.122 Thread 0x000001f9e69e8310 Uncommon trap: trap_request=0xffffffc6 fr.pc=0x000001f9f8aa4a88 relative=0x0000000000000848
Event: 1.122 Thread 0x000001f9e69e8310 Uncommon trap: reason=bimorphic_or_optimized_type_check action=maybe_recompile pc=0x000001f9f8aa4a88 method=java.util.HashMap.putVal(ILjava/lang/Object;Ljava/lang/Object;ZZ)Ljava/lang/Object; @ 253 c2
Event: 1.122 Thread 0x000001f9e69e8310 DEOPT PACKING pc=0x000001f9f8aa4a88 sp=0x000000aff19fec80
Event: 1.122 Thread 0x000001f9e69e8310 DEOPT UNPACKING pc=0x000001f9f85146a2 sp=0x000000aff19febb8 mode 2

Classes loaded (20 events):
Event: 0.633 Loading class java/util/ImmutableCollections$Access
Event: 0.633 Loading class java/util/ImmutableCollections$Access done
Event: 0.633 Loading class java/util/ImmutableCollections$Access$1
Event: 0.633 Loading class jdk/internal/access/JavaUtilCollectionAccess
Event: 0.633 Loading class jdk/internal/access/JavaUtilCollectionAccess done
Event: 0.633 Loading class java/util/ImmutableCollections$Access$1 done
Event: 0.634 Loading class java/util/stream/Nodes$SpinedNodeBuilder
Event: 0.634 Loading class java/util/stream/Nodes$SpinedNodeBuilder done
Event: 0.634 Loading class sun/nio/fs/WindowsPath$WindowsPathWithAttributes
Event: 0.634 Loading class sun/nio/fs/BasicFileAttributesHolder
Event: 0.634 Loading class sun/nio/fs/BasicFileAttributesHolder done
Event: 0.634 Loading class sun/nio/fs/WindowsPath$WindowsPathWithAttributes done
Event: 0.875 Loading class java/util/LinkedList$Node
Event: 0.875 Loading class java/util/LinkedList$Node done
Event: 0.877 Loading class java/lang/invoke/MethodHandle$1
Event: 0.878 Loading class java/lang/invoke/MethodHandle$1 done
Event: 0.991 Loading class java/util/stream/ReduceOps$1
Event: 0.991 Loading class java/util/stream/ReduceOps$1 done
Event: 0.991 Loading class java/util/stream/ReduceOps$1ReducingSink
Event: 0.991 Loading class java/util/stream/ReduceOps$1ReducingSink done

Classes unloaded (0 events):
No events

Classes redefined (0 events):
No events

Internal exceptions (20 events):
Event: 0.198 Thread 0x000001f9e69e8310 Exception <a 'java/lang/NoSuchMethodError'{0x0000000082b3b708}: 'int java.lang.invoke.DirectMethodHandle$Holder.invokeVirtual(java.lang.Object, java.lang.Object, java.lang.Object)'> (0x0000000082b3b708) 
thrown [s\open\src\hotspot\share\interpreter\linkResolver.cpp, line 773]
Event: 0.199 Thread 0x000001f9e69e8310 Exception <a 'java/lang/NoSuchMethodError'{0x0000000082b415f0}: 'void java.lang.invoke.DirectMethodHandle$Holder.invokeInterface(java.lang.Object, java.lang.Object, java.lang.Object)'> (0x0000000082b415f0) 
thrown [s\open\src\hotspot\share\interpreter\linkResolver.cpp, line 773]
Event: 0.298 Thread 0x000001f9e69e8310 Exception <a 'java/lang/NoSuchMethodError'{0x0000000082d78e00}: 'int java.lang.invoke.DirectMethodHandle$Holder.invokeStaticInit(java.lang.Object, java.lang.Object)'> (0x0000000082d78e00) 
thrown [s\open\src\hotspot\share\interpreter\linkResolver.cpp, line 773]
Event: 0.391 Thread 0x000001f9e69e8310 Exception <a 'java/lang/NoSuchMethodError'{0x0000000082d31680}: 'int java.lang.invoke.DirectMethodHandle$Holder.invokeVirtual(java.lang.Object, java.lang.Object)'> (0x0000000082d31680) 
thrown [s\open\src\hotspot\share\interpreter\linkResolver.cpp, line 773]
Event: 0.400 Thread 0x000001f9e69e8310 Exception <a 'java/lang/NoSuchMethodError'{0x0000000082d54300}: 'java.lang.Object java.lang.invoke.DirectMethodHandle$Holder.newInvokeSpecial(java.lang.Object, java.lang.Object, java.lang.Object, java.lang.Object, java.lang.Object)'> (0x0000000082d54300) 
thrown [s\open\src\hotspot\share\interpreter\linkResolver.cpp, line 773]
Event: 0.403 Thread 0x000001f9e69e8310 Exception <a 'java/lang/NoSuchMethodError'{0x0000000082d619d0}: 'java.lang.Object java.lang.invoke.DirectMethodHandle$Holder.newInvokeSpecial(java.lang.Object, java.lang.Object, java.lang.Object, java.lang.Object, java.lang.Object, java.lang.Object)'> (0x0000000082d619d0) 
thrown [s\open\src\hotspot\share\interpreter\linkResolver.cpp, line 773]
Event: 0.434 Thread 0x000001f9e69e8310 Exception <a 'java/lang/NoSuchMethodError'{0x0000000082daae50}: 'java.lang.Object java.lang.invoke.DirectMethodHandle$Holder.invokeVirtual(java.lang.Object, java.lang.Object, java.lang.Object)'> (0x0000000082daae50) 
thrown [s\open\src\hotspot\share\interpreter\linkResolver.cpp, line 773]
Event: 0.438 Thread 0x000001f9e69e8310 Exception <a 'java/lang/NoSuchMethodError'{0x0000000082db4d80}: 'int java.lang.invoke.DirectMethodHandle$Holder.invokeInterface(java.lang.Object, java.lang.Object)'> (0x0000000082db4d80) 
thrown [s\open\src\hotspot\share\interpreter\linkResolver.cpp, line 773]
Event: 0.442 Thread 0x000001f9e69e8310 Exception <a 'sun/nio/fs/WindowsException'{0x0000000082dbad40}> (0x0000000082dbad40) 
thrown [s\open\src\hotspot\share\prims\jni.cpp, line 520]
Event: 0.563 Thread 0x000001f9e69e8310 Exception <a 'java/lang/NoSuchMethodError'{0x0000000082d12860}: 'java.lang.Object java.lang.invoke.DirectMethodHandle$Holder.invokeSpecial(java.lang.Object, java.lang.Object, java.lang.Object, int, int)'> (0x0000000082d12860) 
thrown [s\open\src\hotspot\share\interpreter\linkResolver.cpp, line 773]
Event: 0.564 Thread 0x000001f9e69e8310 Exception <a 'java/lang/NoSuchMethodError'{0x0000000082d18d90}: 'java.lang.Object java.lang.invoke.DirectMethodHandle$Holder.invokeVirtual(java.lang.Object, java.lang.Object, int)'> (0x0000000082d18d90) 
thrown [s\open\src\hotspot\share\interpreter\linkResolver.cpp, line 773]
Event: 0.627 Thread 0x000001f9e69e8310 Exception <a 'java/lang/NoSuchMethodError'{0x0000000082b7c360}: 'void java.lang.invoke.DirectMethodHandle$Holder.invokeStatic(java.lang.Object, java.lang.Object)'> (0x0000000082b7c360) 
thrown [s\open\src\hotspot\share\interpreter\linkResolver.cpp, line 773]
Event: 0.739 Thread 0x000001f9e69e8310 Exception <a 'java/lang/NoSuchMethodError'{0x0000000082e1f930}: 'int java.lang.invoke.DirectMethodHandle$Holder.invokeSpecial(java.lang.Object, java.lang.Object, java.lang.Object)'> (0x0000000082e1f930) 
thrown [s\open\src\hotspot\share\interpreter\linkResolver.cpp, line 773]
Event: 0.742 Thread 0x000001f9e69e8310 Exception <a 'sun/nio/fs/WindowsException'{0x0000000082e28f40}> (0x0000000082e28f40) 
thrown [s\open\src\hotspot\share\prims\jni.cpp, line 520]
Event: 0.794 Thread 0x000001f9e69e8310 Exception <a 'java/lang/NoSuchMethodError'{0x0000000083908440}: 'java.lang.Object java.lang.invoke.DirectMethodHandle$Holder.invokeVirtual(java.lang.Object, java.lang.Object, java.lang.Object, int, int)'> (0x0000000083908440) 
thrown [s\open\src\hotspot\share\interpreter\linkResolver.cpp, line 773]
Event: 0.802 Thread 0x000001f9e69e8310 Exception <a 'sun/nio/fs/WindowsException'{0x0000000083919018}> (0x0000000083919018) 
thrown [s\open\src\hotspot\share\prims\jni.cpp, line 520]
Event: 0.934 Thread 0x000001f9e69e8310 Exception <a 'java/lang/NoSuchMethodError'{0x000000008367ca48}: 'java.lang.Object java.lang.invoke.DirectMethodHandle$Holder.invokeInterface(java.lang.Object, java.lang.Object)'> (0x000000008367ca48) 
thrown [s\open\src\hotspot\share\interpreter\linkResolver.cpp, line 773]
Event: 0.952 Thread 0x000001f9e69e8310 Exception <a 'java/lang/NoSuchMethodError'{0x00000000836bd0b0}: 'void java.lang.invoke.DirectMethodHandle$Holder.invokeSpecial(java.lang.Object, java.lang.Object, java.lang.Object, java.lang.Object, java.lang.Object)'> (0x00000000836bd0b0) 
thrown [s\open\src\hotspot\share\interpreter\linkResolver.cpp, line 773]
Event: 1.010 Thread 0x000001f9e69e8310 Exception <a 'java/lang/NoSuchMethodError'{0x0000000083479140}: 'int java.lang.invoke.DirectMethodHandle$Holder.invokeStatic(java.lang.Object, java.lang.Object, java.lang.Object, java.lang.Object)'> (0x0000000083479140) 
thrown [s\open\src\hotspot\share\interpreter\linkResolver.cpp, line 773]
Event: 1.096 Thread 0x000001f9e69e8310 Exception <a 'java/lang/NoSuchMethodError'{0x0000000083286590}: 'void java.lang.invoke.DirectMethodHandle$Holder.invokeVirtual(java.lang.Object, java.lang.Object)'> (0x0000000083286590) 
thrown [s\open\src\hotspot\share\interpreter\linkResolver.cpp, line 773]

ZGC Phase Switch (0 events):
No events

VM Operations (20 events):
Event: 0.634 Executing VM operation: HandshakeAllThreads (Deoptimize)
Event: 0.635 Executing VM operation: HandshakeAllThreads (Deoptimize) done
Event: 0.655 Executing VM operation: G1CollectForAllocation (G1 Evacuation Pause)
Event: 0.659 Executing VM operation: G1CollectForAllocation (G1 Evacuation Pause) done
Event: 0.687 Executing VM operation: G1CollectForAllocation (G1 Evacuation Pause)
Event: 0.692 Executing VM operation: G1CollectForAllocation (G1 Evacuation Pause) done
Event: 0.746 Executing VM operation: G1CollectForAllocation (G1 Evacuation Pause)
Event: 0.749 Executing VM operation: G1CollectForAllocation (G1 Evacuation Pause) done
Event: 0.764 Executing VM operation: G1CollectForAllocation (G1 Evacuation Pause)
Event: 0.766 Executing VM operation: G1CollectForAllocation (G1 Evacuation Pause) done
Event: 0.789 Executing VM operation: G1CollectForAllocation (G1 Evacuation Pause)
Event: 0.792 Executing VM operation: G1CollectForAllocation (G1 Evacuation Pause) done
Event: 0.865 Executing VM operation: G1CollectForAllocation (G1 Evacuation Pause)
Event: 0.871 Executing VM operation: G1CollectForAllocation (G1 Evacuation Pause) done
Event: 0.966 Executing VM operation: HandshakeAllThreads (Deoptimize)
Event: 0.966 Executing VM operation: HandshakeAllThreads (Deoptimize) done
Event: 1.109 Executing VM operation: ICBufferFull
Event: 1.109 Executing VM operation: ICBufferFull done
Event: 1.135 Executing VM operation: G1CollectForAllocation (G1 Evacuation Pause)
Event: 1.147 Executing VM operation: G1CollectForAllocation (G1 Evacuation Pause) done

Events (13 events):
Event: 0.027 Thread 0x000001f9e69e8310 Thread added: 0x000001f9e69e8310
Event: 0.042 Thread 0x000001f98542f380 Thread added: 0x000001f98542f380
Event: 0.042 Thread 0x000001f985430350 Thread added: 0x000001f985430350
Event: 0.043 Thread 0x000001f9854396e0 Thread added: 0x000001f9854396e0
Event: 0.043 Thread 0x000001f98543a750 Thread added: 0x000001f98543a750
Event: 0.043 Thread 0x000001f98543b6c0 Thread added: 0x000001f98543b6c0
Event: 0.043 Thread 0x000001f98543e390 Thread added: 0x000001f98543e390
Event: 0.043 Thread 0x000001f985447af0 Thread added: 0x000001f985447af0
Event: 0.043 Thread 0x000001f985448590 Thread added: 0x000001f985448590
Event: 0.064 Thread 0x000001f985640710 Thread added: 0x000001f985640710
Event: 0.086 Thread 0x000001f98563e640 Thread added: 0x000001f98563e640
Event: 0.101 Thread 0x000001f9858434a0 Thread added: 0x000001f9858434a0
Event: 0.683 Thread 0x000001f9cb4f54a0 Thread added: 0x000001f9cb4f54a0


Dynamic libraries:
0x00007ff6dc460000 - 0x00007ff6dc468000 	C:\Program Files\Java\jdk-21\bin\javac.exe
0x00007ffdaf070000 - 0x00007ffdaf287000 	C:\WINDOWS\SYSTEM32\ntdll.dll
0x00007ffdae6f0000 - 0x00007ffdae7b4000 	C:\WINDOWS\System32\KERNEL32.DLL
0x00007ffdac7d0000 - 0x00007ffdacb76000 	C:\WINDOWS\System32\KERNELBASE.dll
0x00007ffdacbb0000 - 0x00007ffdaccc1000 	C:\WINDOWS\System32\ucrtbase.dll
0x00007ffd90270000 - 0x00007ffd9028b000 	C:\Program Files\Java\jdk-21\bin\VCRUNTIME140.dll
0x00007ffd82100000 - 0x00007ffd82119000 	C:\Program Files\Java\jdk-21\bin\jli.dll
0x00007ffdacec0000 - 0x00007ffdacf73000 	C:\WINDOWS\System32\ADVAPI32.dll
0x00007ffdad000000 - 0x00007ffdad0a7000 	C:\WINDOWS\System32\msvcrt.dll
0x00007ffdaed40000 - 0x00007ffdaede8000 	C:\WINDOWS\System32\sechost.dll
0x00007ffdac450000 - 0x00007ffdac478000 	C:\WINDOWS\System32\bcrypt.dll
0x00007ffdaddf0000 - 0x00007ffdadf07000 	C:\WINDOWS\System32\RPCRT4.dll
0x00007ffdad1b0000 - 0x00007ffdad35e000 	C:\WINDOWS\System32\USER32.dll
0x00007ffdacb80000 - 0x00007ffdacba6000 	C:\WINDOWS\System32\win32u.dll
0x00007ffd969f0000 - 0x00007ffd96c83000 	C:\WINDOWS\WinSxS\amd64_microsoft.windows.common-controls_6595b64144ccf1df_6.0.22621.2506_none_270c5ae97388e100\COMCTL32.dll
0x00007ffdae580000 - 0x00007ffdae5a9000 	C:\WINDOWS\System32\GDI32.dll
0x00007ffdac480000 - 0x00007ffdac598000 	C:\WINDOWS\System32\gdi32full.dll
0x00007ffdac3b0000 - 0x00007ffdac44a000 	C:\WINDOWS\System32\msvcp_win.dll
0x00007ffd9a2c0000 - 0x00007ffd9a2ca000 	C:\WINDOWS\SYSTEM32\VERSION.dll
0x00007ffdae5c0000 - 0x00007ffdae5f1000 	C:\WINDOWS\System32\IMM32.DLL
0x00007ffd99d60000 - 0x00007ffd99d6c000 	C:\Program Files\Java\jdk-21\bin\vcruntime140_1.dll
0x00007ffd54750000 - 0x00007ffd547de000 	C:\Program Files\Java\jdk-21\bin\msvcp140.dll
0x00007ffd362d0000 - 0x00007ffd36fe7000 	C:\Program Files\Java\jdk-21\bin\server\jvm.dll
0x00007ffdadd70000 - 0x00007ffdadde1000 	C:\WINDOWS\System32\WS2_32.dll
0x00007ffdac280000 - 0x00007ffdac2cd000 	C:\WINDOWS\SYSTEM32\POWRPROF.dll
0x00007ffda1dc0000 - 0x00007ffda1df4000 	C:\WINDOWS\SYSTEM32\WINMM.dll
0x00007ffdac260000 - 0x00007ffdac273000 	C:\WINDOWS\SYSTEM32\UMPDC.dll
0x00007ffdab3a0000 - 0x00007ffdab3b8000 	C:\WINDOWS\SYSTEM32\kernel.appcore.dll
0x00007ffd92220000 - 0x00007ffd9222a000 	C:\Program Files\Java\jdk-21\bin\jimage.dll
0x00007ffda6c40000 - 0x00007ffda6e73000 	C:\WINDOWS\SYSTEM32\DBGHELP.DLL
0x00007ffdae920000 - 0x00007ffdaeca9000 	C:\WINDOWS\System32\combase.dll
0x00007ffdadf10000 - 0x00007ffdadfe7000 	C:\WINDOWS\System32\OLEAUT32.dll
0x00007ffd8bae0000 - 0x00007ffd8bb12000 	C:\WINDOWS\SYSTEM32\dbgcore.DLL
0x00007ffdacd40000 - 0x00007ffdacdba000 	C:\WINDOWS\System32\bcryptPrimitives.dll
0x00007ffd820e0000 - 0x00007ffd820ff000 	C:\Program Files\Java\jdk-21\bin\java.dll
0x00007ffdad360000 - 0x00007ffdadbba000 	C:\WINDOWS\System32\SHELL32.dll
0x00007ffdaa2b0000 - 0x00007ffdaaba6000 	C:\WINDOWS\SYSTEM32\windows.storage.dll
0x00007ffdaa170000 - 0x00007ffdaa2ae000 	C:\WINDOWS\SYSTEM32\wintypes.dll
0x00007ffdacdc0000 - 0x00007ffdaceb3000 	C:\WINDOWS\System32\SHCORE.dll
0x00007ffdae690000 - 0x00007ffdae6ee000 	C:\WINDOWS\System32\shlwapi.dll
0x00007ffdac2e0000 - 0x00007ffdac306000 	C:\WINDOWS\SYSTEM32\profapi.dll
0x00007ffd3f1e0000 - 0x00007ffd3f2b7000 	C:\Program Files\Java\jdk-21\bin\jsvml.dll
0x00007ffd96e60000 - 0x00007ffd96e70000 	C:\Program Files\Java\jdk-21\bin\net.dll
0x00007ffda29e0000 - 0x00007ffda2b17000 	C:\WINDOWS\SYSTEM32\WINHTTP.dll
0x00007ffdab810000 - 0x00007ffdab879000 	C:\WINDOWS\system32\mswsock.dll
0x00007ffd92110000 - 0x00007ffd92126000 	C:\Program Files\Java\jdk-21\bin\nio.dll

dbghelp: loaded successfully - version: 4.0.5 - missing functions: none
symbol engine: initialized successfully - sym options: 0x614 - pdb path: .;C:\Program Files\Java\jdk-21\bin;C:\WINDOWS\SYSTEM32;C:\WINDOWS\WinSxS\amd64_microsoft.windows.common-controls_6595b64144ccf1df_6.0.22621.2506_none_270c5ae97388e100;C:\Program Files\Java\jdk-21\bin\server

VM Arguments:
jvm_args: -Dapplication.home=C:\Program Files\Java\jdk-21 --add-modules=ALL-DEFAULT -Xms8m -Djdk.module.main=jdk.compiler 
java_command: jdk.compiler/com.sun.tools.javac.Main Gamepanel.java
java_class_path (initial): <not set>
Launcher Type: SUN_STANDARD

[Global flags]
     intx CICompilerCount                          = 4                                         {product} {ergonomic}
     uint ConcGCThreads                            = 2                                         {product} {ergonomic}
     uint G1ConcRefinementThreads                  = 8                                         {product} {ergonomic}
   size_t G1HeapRegionSize                         = 1048576                                   {product} {ergonomic}
    uintx GCDrainStackTargetSize                   = 64                                        {product} {ergonomic}
   size_t InitialHeapSize                          = 8388608                                   {product} {command line}
   size_t MarkStackSize                            = 4194304                                   {product} {ergonomic}
   size_t MaxHeapSize                              = 2107637760                                {product} {ergonomic}
   size_t MaxNewSize                               = 1264582656                                {product} {ergonomic}
   size_t MinHeapDeltaBytes                        = 1048576                                   {product} {ergonomic}
   size_t MinHeapSize                              = 8388608                                   {product} {command line}
    uintx NonNMethodCodeHeapSize                   = 5839372                                {pd product} {ergonomic}
    uintx NonProfiledCodeHeapSize                  = 122909434                              {pd product} {ergonomic}
    uintx ProfiledCodeHeapSize                     = 122909434                              {pd product} {ergonomic}
    uintx ReservedCodeCacheSize                    = 251658240                              {pd product} {ergonomic}
     bool SegmentedCodeCache                       = true                                      {product} {ergonomic}
   size_t SoftMaxHeapSize                          = 2107637760                             {manageable} {ergonomic}
     bool UseCompressedOops                        = true                           {product lp64_product} {ergonomic}
     bool UseG1GC                                  = true                                      {product} {ergonomic}
     bool UseLargePagesIndividualAllocation        = false                                  {pd product} {ergonomic}

Logging:
Log output configuration:
 #0: stdout all=warning uptime,level,tags foldmultilines=false
 #1: stderr all=off uptime,level,tags foldmultilines=false

Environment Variables:
PATH=C:\Program Files\Common Files\Oracle\Java\javapath;C:\Program Files (x86)\Common Files\Oracle\Java\javapath;C:\WINDOWS\system32;C:\WINDOWS;C:\WINDOWS\System32\Wbem;C:\WINDOWS\System32\WindowsPowerShell\v1.0\;C:\WINDOWS\System32\OpenSSH\;C:\Program Files\dotnet\;C:\Users\Administrator\AppData\Local\Microsoft\WindowsApps;C:\Users\Administrator\AppData\Local\Programs\Microsoft VS Code\bin;C:\MinGW\bin;C:\Users\Administrator\.dotnet\tools
USERNAME=Administrator
OS=Windows_NT
PROCESSOR_IDENTIFIER=Intel64 Family 6 Model 142 Stepping 10, GenuineIntel
TMP=C:\Users\ADMINI~1\AppData\Local\Temp
TEMP=C:\Users\ADMINI~1\AppData\Local\Temp




Periodic native trim disabled

---------------  S Y S T E M  ---------------

OS:
 Windows 11 , 64 bit Build 22621 (10.0.22621.2506)
OS uptime: 0 days 6:38 hours
Hyper-V role detected

CPU: total 8 (initial active 8) (4 cores per cpu, 2 threads per core) family 6 model 142 stepping 10 microcode 0xf4, cx8, cmov, fxsr, ht, mmx, 3dnowpref, sse, sse2, sse3, ssse3, sse4.1, sse4.2, popcnt, lzcnt, tsc, tscinvbit, avx, avx2, aes, erms, clmul, bmi1, bmi2, adx, fma, vzeroupper, clflush, clflushopt, hv, rdtscp, f16c
Processor Information for all 8 processors :
  Max Mhz: 1800, Current Mhz: 1600, Mhz Limit: 1584

Memory: 4k page, system-wide physical 8035M (1412M free)
TotalPageFile size 8035M (AvailPageFile size 4M)
current process WorkingSet (physical memory assigned to process): 99M, peak: 99M
current process commit charge ("private bytes"): 133M, peak: 133M

vm_info: Java HotSpot(TM) 64-Bit Server VM (21.0.2+13-LTS-58) for windows-amd64 JRE (21.0.2+13-LTS-58), built on 2024-01-05T18:32:24Z by "mach5one" with MS VC++ 17.1 (VS2022)

END.
